Warning in <TInterpreter::ReadRootmapFile>: class  edm4hep::ObjectID found in libedm4hepDict.so  is already in libedm4drDict.so 
Error in <TSystem::ExpandFileName>: input: $HOME/.root.mimes, output: $HOME/.root.mimes
0%, time left: unknown
6%, time left: 53 sec
12%, time left: 47 sec
18%, time left: 43 sec
25%, time left: 39 sec
31%, time left: 36 sec
37%, time left: 32 sec
43%, time left: 29 sec
50%, time left: 25 sec
56%, time left: 22 sec
62%, time left: 19 sec
68%, time left: 16 sec
75%, time left: 12 sec
81%, time left: 9 sec
87%, time left: 6 sec
93%, time left: 3 sec
0%, time left: unknown
7%, time left: 4 sec
13%, time left: 4 sec
19%, time left: 3 sec
25%, time left: 3 sec
32%, time left: 3 sec
38%, time left: 2 sec
44%, time left: 2 sec
50%, time left: 2 sec
57%, time left: 2 sec
63%, time left: 1 sec
69%, time left: 1 sec
75%, time left: 1 sec
82%, time left: 0 sec
88%, time left: 0 sec
94%, time left: 0 sec
0%, time left: unknown
6%, time left: 36 mins
12%, time left: 34 mins
18%, time left: 30 mins
25%, time left: 26 mins
31%, time left: 23 mins
37%, time left: 21 mins
43%, time left: 19 mins
50%, time left: 16 mins
56%, time left: 14 mins
62%, time left: 12 mins
68%, time left: 10 mins
75%, time left: 8 mins
-72%, time left: 6 mins
-66%, time left: 242 sec
-60%, time left: 121 sec
