Setting up the latest Key4HEP software stack from CVMFS ...
 ...  Key4HEP release: key4hep-stack/2022-04-22
 ... Use the following command to reproduce the current environment: 
 ... 
         source /cvmfs/sw.hsf.org/spackages5/key4hep-stack/2022-04-22/x86_64-centos7-gcc11.2.0-opt/mp3wm/setup.sh
 ... 
 ... done. 
   ------------------------------------------------------------------
  | Welcome to ROOT 6.26/02                        https://root.cern |
  | (c) 1995-2021, The ROOT Team; conception: R. Brun, F. Rademakers |
  | Built for linuxx8664gcc on Apr 12 2022, 16:28:03                 |
  | From tags/v6-26-02@v6-26-02                                      |
  | With g++ (Spack GCC) 11.2.0                                      |
  | Try '.help', '.demo', '.license', '.credits', '.quit'/'.q'       |
   ------------------------------------------------------------------


Processing TMVA_ccH_classification.C...

==> Start TMVAClassification
DataSetInfo              : [dataset] : Added class "Signal"
                         : Add Tree events of type Signal with 9900000 events
DataSetInfo              : [dataset] : Added class "Background"
                         : Add Tree events of type Background with 10000000 events
                         : Add Tree events of type Background with 10000000 events
                         : Add Tree events of type Background with 10000000 events
Factory                  : Booking method: [1mBDT[0m
                         : 
                         : Rebuilding Dataset dataset
                         : Building event vectors for type 2 Signal
                         : Dataset[dataset] :  create input formulas for tree events
                         : Building event vectors for type 2 Background
                         : Dataset[dataset] :  create input formulas for tree events
                         : Building event vectors for type 2 Background
                         : Dataset[dataset] :  create input formulas for tree events
                         : Building event vectors for type 2 Background
                         : Dataset[dataset] :  create input formulas for tree events
<WARNING>                : Found events with NaN and/or +-inf values
<WARNING>                : Dataset[dataset] : Input expression resolves to indeterminate value (NaN): zed_hadronic_subjets_acollPaPb[0] (13 times)
<WARNING>                : These NaN and/or +-infs were all removed by the specified cut, continuing.
                         : 
DataSetFactory           : [dataset] : Number of events in input trees
                         : Dataset[dataset] :     Signal     requirement: "!(!((selected_muons_pt@.size()) == 2) && (selected_electrons_pt@.size()) == 2) && !(!((selected_electrons_pt@.size()) == 2) && (selected_muons_pt@.size()) == 2) && (zed_hadronic_subjets_btag@.size()) > 1 && !(zed_hadronic_subjets_btag[0] == 1 && zed_hadronic_subjets_btag[1] == 1) && !((zed_hadronic_subjets_btag[0] == 1 && zed_hadronic_subjets_btag[1] == 0) || (zed_hadronic_subjets_btag[0] == 0 && zed_hadronic_subjets_btag[1] == 1)) && (zed_hadronic_subjets_ctag[0] == 1 && zed_hadronic_subjets_ctag[1] == 1) && !((zed_hadronic_subjets_ctag[0] == 1 && zed_hadronic_subjets_ctag[1] == 0) || (zed_hadronic_subjets_ctag[0] == 0 && zed_hadronic_subjets_ctag[1] == 1)) && zed_hadronic_m[0] > 86 && zed_hadronic_m[0] < 96"
                         : Dataset[dataset] :     Signal          -- number of events passed: 111374  / sum of weights: 111374
                         : Dataset[dataset] :     Signal          -- efficiency             : 0.0112505
                         : Dataset[dataset] :     Background requirement: "!(!((selected_muons_pt@.size()) == 2) && (selected_electrons_pt@.size()) == 2) && !(!((selected_electrons_pt@.size()) == 2) && (selected_muons_pt@.size()) == 2) && !TMath::IsNaN(zed_hadronic_subjets_acollPaPb[0])"
                         : Dataset[dataset] :     Background      -- number of events passed: 27762023  / sum of weights: 1.67772e+07
                         : Dataset[dataset] :     Background      -- efficiency             : 1     
                         : Dataset[dataset] :  you have opted for interpreting the requested number of training/testing events
                         :  to be the number of events AFTER your preselection cuts
                         : 
                         : Dataset[dataset] :  you have opted for interpreting the requested number of training/testing events
                         :  to be the number of events AFTER your preselection cuts
                         : 
                         : Number of training and testing events
                         : ---------------------------------------------------------------------------
                         : Signal     -- training events            : 10000
                         : Signal     -- testing events             : 101374
                         : Signal     -- training and testing events: 111374
                         : Dataset[dataset] : Signal     -- due to the preselection a scaling factor has been applied to the numbers of requested events: 0.0112505
                         : Background -- training events            : 120000
                         : Background -- testing events             : 27642023
                         : Background -- training and testing events: 27762023
                         : Dataset[dataset] : Background -- due to the preselection a scaling factor has been applied to the numbers of requested events: 0.960233
                         : 
DataSetInfo              : Correlation matrix (Signal):
                         : ----------------------------------------------------------------------------------------------------------------------------------------------------------------------------------------------------------------------------------------------------------------------------------------------------------------------------------------------------------------------------------------------------------
                         :                                   jetNo_T bjetNo_T cjetNo_T zed_hadronic_subjets_E1_T zed_hadronic_subjets_E2_T zed_hadronic_subjets_pt1_T zed_hadronic_subjets_pt2_T zed_hadronic_subjets_acoll_T zed_hadronic_subjets_acollPaPb_T zed_hadronic_subjets_DeltaEta_T zed_hadronic_subjets_DeltaPhi_T zed_hadronic_m_T zed_hadronic_recoil_m_T zed_hadronic_pt_T missingET_e_T missingET_costheta_T jet_HT_T
                         :                          jetNo_T:  +1.000   -0.117   +0.167                    +0.024                    -0.084                     +0.022                     -0.056                       +0.016                           +0.084                          -0.002                          +0.005           +0.060                  +0.128            -0.101        -0.287               -0.002   +0.194
                         :                         bjetNo_T:  -0.117   +1.000   -0.066                    -0.010                    -0.028                     -0.003                     -0.004                       +0.003                           +0.021                          -0.004                          -0.002           -0.055                  +0.064            -0.012        -0.255               +0.000   +0.209
                         :                         cjetNo_T:  +0.167   -0.066   +1.000                    +0.034                    -0.015                     -0.006                     -0.002                       -0.002                           -0.013                          +0.011                          +0.011           +0.026                  -0.027            +0.001        -0.086               -0.020   +0.047
                         :        zed_hadronic_subjets_E1_T:  +0.024   -0.010   +0.034                    +1.000                    -0.837                     +0.211                     -0.439                       +0.013                           -0.561                          +0.150                          -0.128           +0.109                  -0.132            -0.119        -0.051               +0.003   -0.132
                         :        zed_hadronic_subjets_E2_T:  -0.084   -0.028   -0.015                    -0.837                    +1.000                     -0.148                     +0.587                       -0.014                           +0.194                          -0.179                          +0.059           +0.114                  -0.418            +0.421        +0.010               +0.003   +0.164
                         :       zed_hadronic_subjets_pt1_T:  +0.022   -0.003   -0.006                    +0.211                    -0.148                     +1.000                     +0.241                       +0.013                           -0.276                          -0.812                          +0.164           +0.106                  -0.076            -0.065        -0.026               +0.014   +0.365
                         :       zed_hadronic_subjets_pt2_T:  -0.056   -0.004   -0.002                    -0.439                    +0.587                     +0.241                     +1.000                       +0.004                           -0.027                          -0.690                          +0.227           +0.078                  -0.335            +0.481        -0.021               +0.009   +0.491
                         :     zed_hadronic_subjets_acoll_T:  +0.016   +0.003   -0.002                    +0.013                    -0.014                     +0.013                     +0.004                       +1.000                           -0.007                          -0.010                          -0.002           +0.007                  +0.002            -0.009        -0.014               -0.135   +0.017
                         : zed_hadronic_subjets_acollPaPb_T:  +0.084   +0.021   -0.013                    -0.561                    +0.194                     -0.276                     -0.027                       -0.007                           +1.000                          +0.081                          +0.186           +0.050                  +0.596            -0.448        +0.058               +0.003   -0.069
                         :  zed_hadronic_subjets_DeltaEta_T:  -0.002   -0.004   +0.011                    +0.150                    -0.179                     -0.812                     -0.690                       -0.010                           +0.081                          +1.000                          -0.293           -0.018                  +0.081            -0.028        +0.016               -0.012   -0.497
                         :  zed_hadronic_subjets_DeltaPhi_T:  +0.005   -0.002   +0.011                    -0.128                    +0.059                     +0.164                     +0.227                       -0.002                           +0.186                          -0.293                          +1.000           +0.004                  +0.106            -0.203        +0.013               +0.014   +0.119
                         :                 zed_hadronic_m_T:  +0.060   -0.055   +0.026                    +0.109                    +0.114                     +0.106                     +0.078                       +0.007                           +0.050                          -0.018                          +0.004           +1.000                  -0.223            +0.012        -0.046               +0.022   +0.043
                         :          zed_hadronic_recoil_m_T:  +0.128   +0.064   -0.027                    -0.132                    -0.418                     -0.076                     -0.335                       +0.002                           +0.596                          +0.081                          +0.106           -0.223                  +1.000            -0.575        +0.065               -0.007   -0.076
                         :                zed_hadronic_pt_T:  -0.101   -0.012   +0.001                    -0.119                    +0.421                     -0.065                     +0.481                       -0.009                           -0.448                          -0.028                          -0.203           +0.012                  -0.575            +1.000        -0.033               -0.010   +0.238
                         :                    missingET_e_T:  -0.287   -0.255   -0.086                    -0.051                    +0.010                     -0.026                     -0.021                       -0.014                           +0.058                          +0.016                          +0.013           -0.046                  +0.065            -0.033        +1.000               +0.008   -0.514
                         :             missingET_costheta_T:  -0.002   +0.000   -0.020                    +0.003                    +0.003                     +0.014                     +0.009                       -0.135                           +0.003                          -0.012                          +0.014           +0.022                  -0.007            -0.010        +0.008               +1.000   +0.017
                         :                         jet_HT_T:  +0.194   +0.209   +0.047                    -0.132                    +0.164                     +0.365                     +0.491                       +0.017                           -0.069                          -0.497                          +0.119           +0.043                  -0.076            +0.238        -0.514               +0.017   +1.000
                         : ----------------------------------------------------------------------------------------------------------------------------------------------------------------------------------------------------------------------------------------------------------------------------------------------------------------------------------------------------------------------------------------------------------
DataSetInfo              : Correlation matrix (Background):
                         : ----------------------------------------------------------------------------------------------------------------------------------------------------------------------------------------------------------------------------------------------------------------------------------------------------------------------------------------------------------------------------------------------------------
                         :                                   jetNo_T bjetNo_T cjetNo_T zed_hadronic_subjets_E1_T zed_hadronic_subjets_E2_T zed_hadronic_subjets_pt1_T zed_hadronic_subjets_pt2_T zed_hadronic_subjets_acoll_T zed_hadronic_subjets_acollPaPb_T zed_hadronic_subjets_DeltaEta_T zed_hadronic_subjets_DeltaPhi_T zed_hadronic_m_T zed_hadronic_recoil_m_T zed_hadronic_pt_T missingET_e_T missingET_costheta_T jet_HT_T
                         :                          jetNo_T:  +1.000   +0.062   +0.193                    -0.197                    -0.111                     -0.167                     +0.117                       +0.003                           +0.077                          -0.019                          -0.115           -0.151                  +0.340            +0.356        -0.580               -0.002   +0.550
                         :                         bjetNo_T:  +0.062   +1.000   +0.033                    -0.020                    -0.032                     -0.015                     -0.019                       +0.000                           +0.000                          -0.017                          +0.014           -0.029                  +0.059            -0.021        -0.028               +0.001   +0.014
                         :                         cjetNo_T:  +0.193   +0.033   +1.000                    -0.026                    -0.015                     -0.010                     +0.033                       +0.002                           +0.019                          -0.012                          -0.020           -0.010                  +0.062            +0.063        -0.135               +0.003   +0.130
                         :        zed_hadronic_subjets_E1_T:  -0.197   -0.020   -0.026                    +1.000                    -0.363                     +0.571                     -0.032                       -0.000                           +0.004                          +0.084                          +0.019           +0.617                  -0.392            -0.311        -0.032               -0.001   +0.005
                         :        zed_hadronic_subjets_E2_T:  -0.111   -0.032   -0.015                    -0.363                    +1.000                     +0.125                     +0.451                       +0.003                           +0.264                          -0.002                          +0.047           +0.367                  -0.540            +0.179        -0.094               +0.001   +0.239
                         :       zed_hadronic_subjets_pt1_T:  -0.167   -0.015   -0.010                    +0.571                    +0.125                     +1.000                     +0.341                       +0.001                           +0.091                          -0.447                          +0.104           +0.687                  -0.387            -0.200        -0.076               +0.001   +0.336
                         :       zed_hadronic_subjets_pt2_T:  +0.117   -0.019   +0.033                    -0.032                    +0.451                     +0.341                     +1.000                       +0.002                           +0.191                          -0.505                          +0.032           +0.356                  -0.232            +0.623        -0.368               +0.005   +0.763
                         :     zed_hadronic_subjets_acoll_T:  +0.003   +0.000   +0.002                    -0.000                    +0.003                     +0.001                     +0.002                       +1.000                           +0.003                          +0.000                          +0.001           +0.003                  -0.001            -0.000        -0.000               -0.554   +0.002
                         : zed_hadronic_subjets_acollPaPb_T:  +0.077   +0.000   +0.019                    +0.004                    +0.264                     +0.091                     +0.191                       +0.003                           +1.000                          +0.345                          +0.121           +0.537                  +0.128            -0.102        -0.288               -0.001   +0.135
                         :  zed_hadronic_subjets_DeltaEta_T:  -0.019   -0.017   -0.012                    +0.084                    -0.002                     -0.447                     -0.505                       +0.000                           +0.345                          +1.000                          -0.184           +0.119                  -0.009            -0.163        -0.021               -0.006   -0.395
                         :  zed_hadronic_subjets_DeltaPhi_T:  -0.115   +0.014   -0.020                    +0.019                    +0.047                     +0.104                     +0.032                       +0.001                           +0.121                          -0.184                          +1.000           +0.074                  -0.044            -0.294        +0.127               -0.000   -0.085
                         :                 zed_hadronic_m_T:  -0.151   -0.029   -0.010                    +0.617                    +0.367                     +0.687                     +0.356                       +0.003                           +0.537                          +0.119                          +0.074           +1.000                  -0.494            -0.169        -0.235               -0.001   +0.267
                         :          zed_hadronic_recoil_m_T:  +0.340   +0.059   +0.062                    -0.392                    -0.540                     -0.387                     -0.232                       -0.001                           +0.128                          -0.009                          -0.044           -0.494                  +1.000            +0.086        -0.073               -0.001   -0.076
                         :                zed_hadronic_pt_T:  +0.356   -0.021   +0.063                    -0.311                    +0.179                     -0.200                     +0.623                       -0.000                           -0.102                          -0.163                          -0.294           -0.169                  +0.086            +1.000        -0.430               +0.002   +0.635
                         :                    missingET_e_T:  -0.580   -0.028   -0.135                    -0.032                    -0.094                     -0.076                     -0.368                       -0.000                           -0.288                          -0.021                          +0.127           -0.235                  -0.073            -0.430        +1.000               +0.000   -0.684
                         :             missingET_costheta_T:  -0.002   +0.001   +0.003                    -0.001                    +0.001                     +0.001                     +0.005                       -0.554                           -0.001                          -0.006                          -0.000           -0.001                  -0.001            +0.002        +0.000               +1.000   +0.004
                         :                         jet_HT_T:  +0.550   +0.014   +0.130                    +0.005                    +0.239                     +0.336                     +0.763                       +0.002                           +0.135                          -0.395                          -0.085           +0.267                  -0.076            +0.635        -0.684               +0.004   +1.000
                         : ----------------------------------------------------------------------------------------------------------------------------------------------------------------------------------------------------------------------------------------------------------------------------------------------------------------------------------------------------------------------------------------------------------
DataSetFactory           : [dataset] :  
                         : 
Factory                  : [1mTrain all methods[0m
Factory                  : [dataset] : Create Transformation "I" with events from all classes.
                         : 
                         : Transformation, Variable selection : 
                         : Input : variable 'jetNo_T' <---> Output : variable 'jetNo_T'
                         : Input : variable 'bjetNo_T' <---> Output : variable 'bjetNo_T'
                         : Input : variable 'cjetNo_T' <---> Output : variable 'cjetNo_T'
                         : Input : variable 'zed_hadronic_subjets_E1_T' <---> Output : variable 'zed_hadronic_subjets_E1_T'
                         : Input : variable 'zed_hadronic_subjets_E2_T' <---> Output : variable 'zed_hadronic_subjets_E2_T'
                         : Input : variable 'zed_hadronic_subjets_pt1_T' <---> Output : variable 'zed_hadronic_subjets_pt1_T'
                         : Input : variable 'zed_hadronic_subjets_pt2_T' <---> Output : variable 'zed_hadronic_subjets_pt2_T'
                         : Input : variable 'zed_hadronic_subjets_acoll_T' <---> Output : variable 'zed_hadronic_subjets_acoll_T'
                         : Input : variable 'zed_hadronic_subjets_acollPaPb_T' <---> Output : variable 'zed_hadronic_subjets_acollPaPb_T'
                         : Input : variable 'zed_hadronic_subjets_DeltaEta_T' <---> Output : variable 'zed_hadronic_subjets_DeltaEta_T'
                         : Input : variable 'zed_hadronic_subjets_DeltaPhi_T' <---> Output : variable 'zed_hadronic_subjets_DeltaPhi_T'
                         : Input : variable 'zed_hadronic_m_T' <---> Output : variable 'zed_hadronic_m_T'
                         : Input : variable 'zed_hadronic_recoil_m_T' <---> Output : variable 'zed_hadronic_recoil_m_T'
                         : Input : variable 'zed_hadronic_pt_T' <---> Output : variable 'zed_hadronic_pt_T'
                         : Input : variable 'missingET_e_T' <---> Output : variable 'missingET_e_T'
                         : Input : variable 'missingET_costheta_T' <---> Output : variable 'missingET_costheta_T'
                         : Input : variable 'jet_HT_T' <---> Output : variable 'jet_HT_T'
Factory                  : [dataset] : Create Transformation "P" with events from all classes.
                         : 
                         : Transformation, Variable selection : 
                         : Input : variable 'jetNo_T' <---> Output : variable 'jetNo_T'
                         : Input : variable 'bjetNo_T' <---> Output : variable 'bjetNo_T'
                         : Input : variable 'cjetNo_T' <---> Output : variable 'cjetNo_T'
                         : Input : variable 'zed_hadronic_subjets_E1_T' <---> Output : variable 'zed_hadronic_subjets_E1_T'
                         : Input : variable 'zed_hadronic_subjets_E2_T' <---> Output : variable 'zed_hadronic_subjets_E2_T'
                         : Input : variable 'zed_hadronic_subjets_pt1_T' <---> Output : variable 'zed_hadronic_subjets_pt1_T'
                         : Input : variable 'zed_hadronic_subjets_pt2_T' <---> Output : variable 'zed_hadronic_subjets_pt2_T'
                         : Input : variable 'zed_hadronic_subjets_acoll_T' <---> Output : variable 'zed_hadronic_subjets_acoll_T'
                         : Input : variable 'zed_hadronic_subjets_acollPaPb_T' <---> Output : variable 'zed_hadronic_subjets_acollPaPb_T'
                         : Input : variable 'zed_hadronic_subjets_DeltaEta_T' <---> Output : variable 'zed_hadronic_subjets_DeltaEta_T'
                         : Input : variable 'zed_hadronic_subjets_DeltaPhi_T' <---> Output : variable 'zed_hadronic_subjets_DeltaPhi_T'
                         : Input : variable 'zed_hadronic_m_T' <---> Output : variable 'zed_hadronic_m_T'
                         : Input : variable 'zed_hadronic_recoil_m_T' <---> Output : variable 'zed_hadronic_recoil_m_T'
                         : Input : variable 'zed_hadronic_pt_T' <---> Output : variable 'zed_hadronic_pt_T'
                         : Input : variable 'missingET_e_T' <---> Output : variable 'missingET_e_T'
                         : Input : variable 'missingET_costheta_T' <---> Output : variable 'missingET_costheta_T'
                         : Input : variable 'jet_HT_T' <---> Output : variable 'jet_HT_T'
Factory                  : [dataset] : Create Transformation "G" with events from all classes.
                         : 
                         : Transformation, Variable selection : 
                         : Input : variable 'jetNo_T' <---> Output : variable 'jetNo_T'
                         : Input : variable 'bjetNo_T' <---> Output : variable 'bjetNo_T'
                         : Input : variable 'cjetNo_T' <---> Output : variable 'cjetNo_T'
                         : Input : variable 'zed_hadronic_subjets_E1_T' <---> Output : variable 'zed_hadronic_subjets_E1_T'
                         : Input : variable 'zed_hadronic_subjets_E2_T' <---> Output : variable 'zed_hadronic_subjets_E2_T'
                         : Input : variable 'zed_hadronic_subjets_pt1_T' <---> Output : variable 'zed_hadronic_subjets_pt1_T'
                         : Input : variable 'zed_hadronic_subjets_pt2_T' <---> Output : variable 'zed_hadronic_subjets_pt2_T'
                         : Input : variable 'zed_hadronic_subjets_acoll_T' <---> Output : variable 'zed_hadronic_subjets_acoll_T'
                         : Input : variable 'zed_hadronic_subjets_acollPaPb_T' <---> Output : variable 'zed_hadronic_subjets_acollPaPb_T'
                         : Input : variable 'zed_hadronic_subjets_DeltaEta_T' <---> Output : variable 'zed_hadronic_subjets_DeltaEta_T'
                         : Input : variable 'zed_hadronic_subjets_DeltaPhi_T' <---> Output : variable 'zed_hadronic_subjets_DeltaPhi_T'
                         : Input : variable 'zed_hadronic_m_T' <---> Output : variable 'zed_hadronic_m_T'
                         : Input : variable 'zed_hadronic_recoil_m_T' <---> Output : variable 'zed_hadronic_recoil_m_T'
                         : Input : variable 'zed_hadronic_pt_T' <---> Output : variable 'zed_hadronic_pt_T'
                         : Input : variable 'missingET_e_T' <---> Output : variable 'missingET_e_T'
                         : Input : variable 'missingET_costheta_T' <---> Output : variable 'missingET_costheta_T'
                         : Input : variable 'jet_HT_T' <---> Output : variable 'jet_HT_T'
TFHandler_Factory        :                         Variable                                Mean                                RMS                        [        Min                                Max ]
                         : -----------------------------------------------------------------------------------------------------------------------------------------------------------------------------------
                         :                          jetNo_T:                            3.4263                            1.1974   [                            2.0000                            10.000 ]
                         :                         bjetNo_T:                           0.34928                           0.70172   [                            0.0000                            5.0000 ]
                         :                         cjetNo_T:                           0.45929                           0.72619   [                            0.0000                            6.0000 ]
                         :        zed_hadronic_subjets_E1_T:                            44.189                            23.694   [                            5.1058                            127.84 ]
                         :        zed_hadronic_subjets_E2_T:                            72.699                            23.391   [                            6.0405                            129.39 ]
                         :       zed_hadronic_subjets_pt1_T:                            27.935                            15.266   [                            5.0001                            120.93 ]
                         :       zed_hadronic_subjets_pt2_T:                            50.449                            20.553   [                            5.1114                            127.34 ]
                         :     zed_hadronic_subjets_acoll_T:                        0.00020926                           0.94660   [                           -2.6379                            2.6392 ]
                         : zed_hadronic_subjets_acollPaPb_T:                            2.0610                           0.46742   [                           0.50010                            3.1416 ]
                         :  zed_hadronic_subjets_DeltaEta_T:                            1.3944                           0.95780   [                        1.5650e-05                            6.2918 ]
                         :  zed_hadronic_subjets_DeltaPhi_T:                            2.7565                            1.0307   [                        0.00018403                            6.2160 ]
                         :                 zed_hadronic_m_T:                            88.779                            30.315   [                            5.4921                            250.25 ]
                         :          zed_hadronic_recoil_m_T:                            92.944                            40.972   [                           -73.133                            227.92 ]
                         :                zed_hadronic_pt_T:                            37.064                            25.694   [                          0.023647                            115.98 ]
                         :                    missingET_e_T:                            39.269                            36.072   [                          0.038814                            128.95 ]
                         :             missingET_costheta_T:                       -0.00065346                           0.76710   [                           -1.0000                            1.0000 ]
                         :                         jet_HT_T:                            121.24                            50.520   [                            10.179                            242.67 ]
                         : -----------------------------------------------------------------------------------------------------------------------------------------------------------------------------------
                         : Preparing the Principle Component (PCA) transformation...
TFHandler_Factory        :                         Variable                                Mean                                RMS                        [        Min                                Max ]
                         : -----------------------------------------------------------------------------------------------------------------------------------------------------------------------------------
                         :                          jetNo_T:                       -8.8563e-10                            62.804   [                           -153.93                            169.96 ]
                         :                         bjetNo_T:                        1.5893e-10                            49.056   [                           -186.62                            158.24 ]
                         :                         cjetNo_T:                       -5.2202e-09                            32.788   [                           -85.795                            135.09 ]
                         :        zed_hadronic_subjets_E1_T:                       -3.5940e-10                            23.534   [                           -72.677                            103.89 ]
                         :        zed_hadronic_subjets_E2_T:                        5.6507e-10                            21.644   [                           -71.694                            121.48 ]
                         :       zed_hadronic_subjets_pt1_T:                        1.0659e-09                            16.454   [                           -57.077                            66.656 ]
                         :       zed_hadronic_subjets_pt2_T:                        2.9077e-10                            9.2001   [                           -39.009                            31.556 ]
                         :     zed_hadronic_subjets_acoll_T:                       -1.4693e-09                            8.0820   [                           -36.808                            22.117 ]
                         : zed_hadronic_subjets_acollPaPb_T:                       -1.9991e-11                            2.9470   [                           -18.685                            15.060 ]
                         :  zed_hadronic_subjets_DeltaEta_T:                       -3.2718e-11                            1.0780   [                           -2.7478                            2.7363 ]
                         :  zed_hadronic_subjets_DeltaPhi_T:                        9.8537e-11                           0.92354   [                           -2.8863                            5.0126 ]
                         :                 zed_hadronic_m_T:                       -5.6901e-11                           0.74083   [                           -2.8354                            5.0450 ]
                         :          zed_hadronic_recoil_m_T:                        2.3038e-11                           0.69765   [                           -3.7702                            3.1199 ]
                         :                zed_hadronic_pt_T:                        4.7621e-11                           0.64609   [                           -3.6630                            3.3735 ]
                         :                    missingET_e_T:                        2.9882e-11                           0.56776   [                           -2.1445                            2.1438 ]
                         :             missingET_costheta_T:                        1.1613e-11                           0.38604   [                           -2.4965                            2.0292 ]
                         :                         jet_HT_T:                        2.2572e-11                           0.19985   [                           -1.1161                            1.2828 ]
                         : -----------------------------------------------------------------------------------------------------------------------------------------------------------------------------------
                         : Preparing the Gaussian transformation...
TFHandler_Factory        :                         Variable                                Mean                                RMS                        [        Min                                Max ]
                         : -----------------------------------------------------------------------------------------------------------------------------------------------------------------------------------
                         :                          jetNo_T:                           0.27020                           0.81516   [                          -0.78840                            5.7307 ]
                         :                         bjetNo_T:                          -0.39565                           0.63200   [                          -0.72042                            5.7307 ]
                         :                         cjetNo_T:                         -0.019729                           0.74420   [                          -0.50844                            5.7307 ]
                         :        zed_hadronic_subjets_E1_T:                         0.0033336                           0.99725   [                           -3.3027                            5.7307 ]
                         :        zed_hadronic_subjets_E2_T:                         0.0033980                           0.99736   [                           -3.3028                            5.7307 ]
                         :       zed_hadronic_subjets_pt1_T:                         0.0035261                           0.99819   [                           -3.2985                            5.7307 ]
                         :       zed_hadronic_subjets_pt2_T:                         0.0034011                           0.99741   [                           -3.3028                            5.7307 ]
                         :     zed_hadronic_subjets_acoll_T:                         0.0037566                           0.99911   [                           -3.3026                            5.7307 ]
                         : zed_hadronic_subjets_acollPaPb_T:                         0.0037160                           0.99901   [                           -3.3022                            5.7307 ]
                         :  zed_hadronic_subjets_DeltaEta_T:                         0.0034635                           0.99793   [                           -3.2638                            5.7307 ]
                         :  zed_hadronic_subjets_DeltaPhi_T:                         0.0037214                           0.99906   [                           -3.2991                            5.7307 ]
                         :                 zed_hadronic_m_T:                         0.0034026                           0.99734   [                           -3.3028                            5.7307 ]
                         :          zed_hadronic_recoil_m_T:                         0.0036314                           0.99815   [                           -3.3028                            5.7307 ]
                         :                zed_hadronic_pt_T:                         0.0035818                           0.99831   [                           -3.3026                            5.7307 ]
                         :                    missingET_e_T:                         0.0033930                           0.99737   [                           -3.3027                            5.7307 ]
                         :             missingET_costheta_T:                         -0.016321                           0.99500   [                           -3.1227                            1.9828 ]
                         :                         jet_HT_T:                         0.0036752                           0.99866   [                           -3.3028                            5.7307 ]
                         : -----------------------------------------------------------------------------------------------------------------------------------------------------------------------------------
                         : Ranking input variables (method unspecific)...
IdTransformation         : Ranking result (top variable is best ranked)
                         : ---------------------------------------------------------
                         : Rank : Variable                         : Separation
                         : ---------------------------------------------------------
                         :    1 : zed_hadronic_recoil_m_T          : 5.177e-01
                         :    2 : zed_hadronic_m_T                 : 4.199e-01
                         :    3 : cjetNo_T                         : 3.853e-01
                         :    4 : jetNo_T                          : 3.676e-01
                         :    5 : zed_hadronic_subjets_acollPaPb_T : 3.045e-01
                         :    6 : zed_hadronic_subjets_E2_T        : 2.894e-01
                         :    7 : jet_HT_T                         : 2.444e-01
                         :    8 : zed_hadronic_pt_T                : 2.370e-01
                         :    9 : zed_hadronic_subjets_E1_T        : 2.195e-01
                         :   10 : missingET_e_T                    : 2.102e-01
                         :   11 : zed_hadronic_subjets_acoll_T     : 1.834e-01
                         :   12 : bjetNo_T                         : 1.500e-01
                         :   13 : missingET_costheta_T             : 1.239e-01
                         :   14 : zed_hadronic_subjets_pt2_T       : 9.471e-02
                         :   15 : zed_hadronic_subjets_DeltaPhi_T  : 6.398e-02
                         :   16 : zed_hadronic_subjets_pt1_T       : 3.740e-02
                         :   17 : zed_hadronic_subjets_DeltaEta_T  : 4.512e-03
                         : ---------------------------------------------------------
Factory                  : Train method: BDT for Classification
                         : 
BDT                      : #events: (reweighted) sig: 65000 bkg: 65000
                         : #events: (unweighted) sig: 10000 bkg: 120000
                         : Training 800 Decision Trees ... patience please
                         : Elapsed time for training with 130000 events: 53.8 sec         
BDT                      : [dataset] : Evaluation of BDT on training sample (130000 events)
                         : Elapsed time for evaluation of 130000 events: 4.72 sec       
                         : Creating xml weight file: [0;36mdataset/weights/TMVAClassification_BDT.weights.xml[0m
                         : Creating standalone class: [0;36mdataset/weights/TMVAClassification_BDT.class.C[0m
                         : /afs/cern.ch/user/n/niharrin/work/public/MA/Analysis/source/240/categories/ZqqH/TMVA/ccH/output/TMVAClassification.root:/dataset/Method_BDT/BDT
Factory                  : Training finished
                         : 
                         : Ranking input variables (method specific)...
BDT                      : Ranking result (top variable is best ranked)
                         : ------------------------------------------------------------------
                         : Rank : Variable                         : Variable Importance
                         : ------------------------------------------------------------------
                         :    1 : zed_hadronic_m_T                 : 2.285e-01
                         :    2 : jetNo_T                          : 1.184e-01
                         :    3 : cjetNo_T                         : 1.150e-01
                         :    4 : zed_hadronic_recoil_m_T          : 1.080e-01
                         :    5 : missingET_e_T                    : 7.309e-02
                         :    6 : missingET_costheta_T             : 6.094e-02
                         :    7 : zed_hadronic_subjets_E2_T        : 4.638e-02
                         :    8 : zed_hadronic_subjets_acollPaPb_T : 4.258e-02
                         :    9 : bjetNo_T                         : 4.242e-02
                         :   10 : zed_hadronic_pt_T                : 3.596e-02
                         :   11 : jet_HT_T                         : 3.527e-02
                         :   12 : zed_hadronic_subjets_E1_T        : 2.853e-02
                         :   13 : zed_hadronic_subjets_pt2_T       : 1.638e-02
                         :   14 : zed_hadronic_subjets_pt1_T       : 1.512e-02
                         :   15 : zed_hadronic_subjets_acoll_T     : 1.500e-02
                         :   16 : zed_hadronic_subjets_DeltaEta_T  : 9.457e-03
                         :   17 : zed_hadronic_subjets_DeltaPhi_T  : 8.954e-03
                         : ------------------------------------------------------------------
Factory                  : === Destroy and recreate all methods via weight files for testing ===
                         : 
                         : Reading weight file: [0;36mdataset/weights/TMVAClassification_BDT.weights.xml[0m
Factory                  : [1mTest all methods[0m
Factory                  : Test method: BDT for Classification performance
                         : 
BDT                      : [dataset] : Evaluation of BDT on testing sample (27743397 events)
                         : Elapsed time for evaluation of 27743397 events: 2.04e+03 sec       
Factory                  : [1mEvaluate all methods[0m
Factory                  : Evaluate classifier: BDT
                         : 
BDT                      : [dataset] : Loop over test events and fill histograms with classifier response...
                         : 
TFHandler_BDT            :                         Variable                                Mean                                RMS                        [        Min                                Max ]
                         : -----------------------------------------------------------------------------------------------------------------------------------------------------------------------------------
                         :                          jetNo_T:                            3.3219                            1.1472   [                            2.0000                            11.000 ]
                         :                         bjetNo_T:                           0.29943                           0.64856   [                            0.0000                            6.0000 ]
                         :                         cjetNo_T:                           0.37262                           0.63048   [                            0.0000                            6.0000 ]
                         :        zed_hadronic_subjets_E1_T:                            44.271                            24.378   [                            5.0009                            129.49 ]
                         :        zed_hadronic_subjets_E2_T:                            73.734                            23.756   [                            5.0869                            133.30 ]
                         :       zed_hadronic_subjets_pt1_T:                            27.940                            15.574   [                            5.0000                            125.12 ]
                         :       zed_hadronic_subjets_pt2_T:                            50.487                            21.007   [                            5.0124                            130.98 ]
                         :     zed_hadronic_subjets_acoll_T:                        0.00086518                           0.97193   [                           -2.6527                            2.6486 ]
                         : zed_hadronic_subjets_acollPaPb_T:                            2.0383                           0.47235   [                           0.46046                            3.1416 ]
                         :  zed_hadronic_subjets_DeltaEta_T:                            1.3928                           0.95882   [                        5.0633e-08                            7.5559 ]
                         :  zed_hadronic_subjets_DeltaPhi_T:                            2.7565                            1.0303   [                        4.2304e-07                            6.2810 ]
                         :                 zed_hadronic_m_T:                            88.625                            31.361   [                            3.7338                            255.50 ]
                         :          zed_hadronic_recoil_m_T:                            90.137                            41.172   [                           -76.688                            229.32 ]
                         :                zed_hadronic_pt_T:                            36.943                            26.377   [                        0.00063975                            125.99 ]
                         :                    missingET_e_T:                            41.309                            36.512   [                         0.0047793                            128.39 ]
                         :             missingET_costheta_T:                        -0.0015637                           0.77739   [                           -1.0000                            1.0000 ]
                         :                         jet_HT_T:                            118.18                            50.484   [                            10.014                            252.88 ]
                         : -----------------------------------------------------------------------------------------------------------------------------------------------------------------------------------
                         : 
                         : Evaluation results ranked by best signal efficiency and purity (area)
                         : -------------------------------------------------------------------------------------------------------------------
                         : DataSet       MVA                       
                         : Name:         Method:          ROC-integ
                         : dataset       BDT            : 0.988
                         : -------------------------------------------------------------------------------------------------------------------
                         : 
                         : Testing efficiency compared to training efficiency (overtraining check)
                         : -------------------------------------------------------------------------------------------------------------------
                         : DataSet              MVA              Signal efficiency: from test sample (from training sample) 
                         : Name:                Method:          @B=0.01             @B=0.10            @B=0.30   
                         : -------------------------------------------------------------------------------------------------------------------
                         : dataset              BDT            : 0.722 (0.712)       0.986 (0.986)      1.000 (1.000)
                         : -------------------------------------------------------------------------------------------------------------------
                         : 
Dataset:dataset          : Created tree 'TestTree' with 27743397 events
                         : 
Dataset:dataset          : Created tree 'TrainTree' with 130000 events
                         : 
Factory                  : [1mThank you for using TMVA![0m
                         : [1mFor citation information, please visit: http://tmva.sf.net/citeTMVA.html[0m
==> Wrote root file: /afs/cern.ch/user/n/niharrin/work/public/MA/Analysis/source/240/categories/ZqqH/TMVA/ccH/output/TMVAClassification.root
==> TMVAClassification is done!
(int) 0
