000 (7104438.000.000) 04/22 14:08:59 Job submitted from host: <137.138.120.116:9618?addrs=137.138.120.116-9618+[2001-1458-d00-16--17b]-9618&alias=bigbird12.cern.ch&noUDP&sock=schedd_2298_d0b9>
...
040 (7104438.000.000) 04/22 14:09:45 Started transferring input files
	Transferring to host: <188.184.195.60:9618?addrs=188.184.195.60-9618+[2001-1458-301-72--100-40e]-9618&alias=b7g47n9783.cern.ch&noUDP&sock=slot1_1_8734_a49c_119413>
...
040 (7104438.000.000) 04/22 14:09:45 Finished transferring input files
...
001 (7104438.000.000) 04/22 14:09:46 Job executing on host: <188.184.195.60:9618?addrs=188.184.195.60-9618+[2001-1458-301-72--100-40e]-9618&alias=b7g47n9783.cern.ch&noUDP&sock=startd_7862_41ac>
...
006 (7104438.000.000) 04/22 14:09:55 Image size of job updated: 411204
	4  -  MemoryUsage of job (MB)
	3888  -  ResidentSetSize of job (KB)
...
006 (7104438.000.000) 04/22 14:14:56 Image size of job updated: 999384
	303  -  MemoryUsage of job (MB)
	309808  -  ResidentSetSize of job (KB)
...
006 (7104438.000.000) 04/22 14:19:57 Image size of job updated: 1000320
	330  -  MemoryUsage of job (MB)
	337012  -  ResidentSetSize of job (KB)
...
006 (7104438.000.000) 04/22 14:29:45 Image size of job updated: 1684044
	758  -  MemoryUsage of job (MB)
	775872  -  ResidentSetSize of job (KB)
...
006 (7104438.000.000) 04/22 14:44:11 Image size of job updated: 5635916
	1410  -  MemoryUsage of job (MB)
	1443068  -  ResidentSetSize of job (KB)
...
006 (7104438.000.000) 04/22 14:55:44 Image size of job updated: 8158044
	1410  -  MemoryUsage of job (MB)
	1443068  -  ResidentSetSize of job (KB)
...
006 (7104438.000.000) 04/22 15:02:40 Image size of job updated: 9585856
	1410  -  MemoryUsage of job (MB)
	1443068  -  ResidentSetSize of job (KB)
...
006 (7104438.000.000) 04/22 15:07:41 Image size of job updated: 10149812
	2107  -  MemoryUsage of job (MB)
	2157220  -  ResidentSetSize of job (KB)
...
006 (7104438.000.000) 04/22 15:10:25 Image size of job updated: 10149812
	2107  -  MemoryUsage of job (MB)
	2157304  -  ResidentSetSize of job (KB)
...
040 (7104438.000.000) 04/22 15:10:25 Started transferring output files
...
040 (7104438.000.000) 04/22 15:10:25 Finished transferring output files
...
009 (7104438.000.000) 04/22 15:10:25 Job was aborted.
	Job removed by SYSTEM_PERIODIC_REMOVE due to wall time exceeded allowed max.
...
000 (7104447.000.000) 04/22 15:33:55 Job submitted from host: <137.138.120.116:9618?addrs=137.138.120.116-9618+[2001-1458-d00-16--17b]-9618&alias=bigbird12.cern.ch&noUDP&sock=schedd_2298_d0b9>
...
040 (7104447.000.000) 04/22 15:36:08 Started transferring input files
	Transferring to host: <188.184.195.232:9618?addrs=188.184.195.232-9618+[2001-1458-301-72--100-1c8]-9618&alias=b7g47n9782.cern.ch&noUDP&sock=slot1_1_8227_6a68_119296>
...
040 (7104447.000.000) 04/22 15:36:08 Finished transferring input files
...
001 (7104447.000.000) 04/22 15:36:09 Job executing on host: <188.184.195.232:9618?addrs=188.184.195.232-9618+[2001-1458-301-72--100-1c8]-9618&alias=b7g47n9782.cern.ch&noUDP&sock=startd_7553_4ee9>
...
006 (7104447.000.000) 04/22 15:36:17 Image size of job updated: 178824
	89  -  MemoryUsage of job (MB)
	91092  -  ResidentSetSize of job (KB)
...
006 (7104447.000.000) 04/22 15:41:17 Image size of job updated: 999384
	310  -  MemoryUsage of job (MB)
	317288  -  ResidentSetSize of job (KB)
...
006 (7104447.000.000) 04/22 15:46:18 Image size of job updated: 1000320
	337  -  MemoryUsage of job (MB)
	344460  -  ResidentSetSize of job (KB)
...
006 (7104447.000.000) 04/22 15:51:19 Image size of job updated: 1547084
	711  -  MemoryUsage of job (MB)
	727936  -  ResidentSetSize of job (KB)
...
006 (7104447.000.000) 04/22 15:56:19 Image size of job updated: 2632832
	1558  -  MemoryUsage of job (MB)
	1594944  -  ResidentSetSize of job (KB)
...
006 (7104447.000.000) 04/22 16:01:19 Image size of job updated: 3559408
	1700  -  MemoryUsage of job (MB)
	1740200  -  ResidentSetSize of job (KB)
...
006 (7104447.000.000) 04/22 16:06:19 Image size of job updated: 4786432
	1700  -  MemoryUsage of job (MB)
	1740200  -  ResidentSetSize of job (KB)
...
006 (7104447.000.000) 04/22 16:11:20 Image size of job updated: 5635912
	1744  -  MemoryUsage of job (MB)
	1784924  -  ResidentSetSize of job (KB)
...
006 (7104447.000.000) 04/22 16:16:21 Image size of job updated: 6670832
	1744  -  MemoryUsage of job (MB)
	1784924  -  ResidentSetSize of job (KB)
...
006 (7104447.000.000) 04/22 16:21:21 Image size of job updated: 7876888
	1744  -  MemoryUsage of job (MB)
	1784924  -  ResidentSetSize of job (KB)
...
006 (7104447.000.000) 04/22 16:26:21 Image size of job updated: 8986116
	1872  -  MemoryUsage of job (MB)
	1916168  -  ResidentSetSize of job (KB)
...
006 (7104447.000.000) 04/22 16:31:22 Image size of job updated: 10149808
	2186  -  MemoryUsage of job (MB)
	2237932  -  ResidentSetSize of job (KB)
...
006 (7104447.000.000) 04/22 16:36:23 Image size of job updated: 10149808
	2687  -  MemoryUsage of job (MB)
	2751452  -  ResidentSetSize of job (KB)
...
006 (7104447.000.000) 04/22 16:41:23 Image size of job updated: 10149808
	2688  -  MemoryUsage of job (MB)
	2751528  -  ResidentSetSize of job (KB)
...
006 (7104447.000.000) 04/22 16:51:24 Image size of job updated: 10149808
	2725  -  MemoryUsage of job (MB)
	2789412  -  ResidentSetSize of job (KB)
...
006 (7104447.000.000) 04/22 16:56:25 Image size of job updated: 10149808
	3136  -  MemoryUsage of job (MB)
	3210896  -  ResidentSetSize of job (KB)
...
006 (7104447.000.000) 04/22 17:01:25 Image size of job updated: 10149808
	3136  -  MemoryUsage of job (MB)
	3210972  -  ResidentSetSize of job (KB)
...
006 (7104447.000.000) 04/22 17:06:25 Image size of job updated: 10149808
	3605  -  MemoryUsage of job (MB)
	3691244  -  ResidentSetSize of job (KB)
...
006 (7104447.000.000) 04/22 17:11:26 Image size of job updated: 10149808
	3605  -  MemoryUsage of job (MB)
	3691356  -  ResidentSetSize of job (KB)
...
006 (7104447.000.000) 04/22 17:16:27 Image size of job updated: 10149808
	3947  -  MemoryUsage of job (MB)
	4041480  -  ResidentSetSize of job (KB)
...
006 (7104447.000.000) 04/22 17:21:27 Image size of job updated: 10149808
	3947  -  MemoryUsage of job (MB)
	4041588  -  ResidentSetSize of job (KB)
...
006 (7104447.000.000) 04/22 17:26:27 Image size of job updated: 10149808
	4423  -  MemoryUsage of job (MB)
	4529048  -  ResidentSetSize of job (KB)
...
006 (7104447.000.000) 04/22 17:31:28 Image size of job updated: 10149808
	4424  -  MemoryUsage of job (MB)
	4529168  -  ResidentSetSize of job (KB)
...
006 (7104447.000.000) 04/22 17:36:29 Image size of job updated: 10149808
	4878  -  MemoryUsage of job (MB)
	4994816  -  ResidentSetSize of job (KB)
...
006 (7104447.000.000) 04/22 17:41:29 Image size of job updated: 10149808
	4878  -  MemoryUsage of job (MB)
	4994932  -  ResidentSetSize of job (KB)
...
006 (7104447.000.000) 04/22 17:46:29 Image size of job updated: 10149808
	4967  -  MemoryUsage of job (MB)
	5085508  -  ResidentSetSize of job (KB)
...
006 (7104447.000.000) 04/22 17:51:30 Image size of job updated: 10149808
	4967  -  MemoryUsage of job (MB)
	5085596  -  ResidentSetSize of job (KB)
...
006 (7104447.000.000) 04/22 17:56:31 Image size of job updated: 10149808
	5326  -  MemoryUsage of job (MB)
	5453592  -  ResidentSetSize of job (KB)
...
000 (7104502.000.000) 04/23 09:48:38 Job submitted from host: <137.138.120.116:9618?addrs=137.138.120.116-9618+[2001-1458-d00-16--17b]-9618&alias=bigbird12.cern.ch&noUDP&sock=schedd_2298_d0b9>
...
040 (7104502.000.000) 04/23 09:48:49 Started transferring input files
	Transferring to host: <188.184.195.232:9618?addrs=188.184.195.232-9618+[2001-1458-301-72--100-1c8]-9618&alias=b7g47n9782.cern.ch&noUDP&sock=slot1_1_8227_6a68_119790>
...
040 (7104502.000.000) 04/23 09:48:49 Finished transferring input files
...
001 (7104502.000.000) 04/23 09:48:50 Job executing on host: <188.184.195.232:9618?addrs=188.184.195.232-9618+[2001-1458-301-72--100-1c8]-9618&alias=b7g47n9782.cern.ch&noUDP&sock=startd_7553_4ee9>
...
006 (7104502.000.000) 04/23 09:48:58 Image size of job updated: 163008
	81  -  MemoryUsage of job (MB)
	82596  -  ResidentSetSize of job (KB)
...
006 (7104502.000.000) 04/23 09:53:58 Image size of job updated: 999384
	310  -  MemoryUsage of job (MB)
	317284  -  ResidentSetSize of job (KB)
...
006 (7104502.000.000) 04/23 09:58:58 Image size of job updated: 1000320
	346  -  MemoryUsage of job (MB)
	353968  -  ResidentSetSize of job (KB)
...
006 (7104502.000.000) 04/23 10:03:59 Image size of job updated: 1746632
	919  -  MemoryUsage of job (MB)
	940948  -  ResidentSetSize of job (KB)
...
006 (7104502.000.000) 04/23 10:08:59 Image size of job updated: 2821828
	1934  -  MemoryUsage of job (MB)
	1979512  -  ResidentSetSize of job (KB)
...
006 (7104502.000.000) 04/23 10:13:59 Image size of job updated: 3895480
	2902  -  MemoryUsage of job (MB)
	2971408  -  ResidentSetSize of job (KB)
...
006 (7104502.000.000) 04/23 10:19:00 Image size of job updated: 5167708
	3012  -  MemoryUsage of job (MB)
	3083628  -  ResidentSetSize of job (KB)
...
006 (7104502.000.000) 04/23 10:24:01 Image size of job updated: 6071544
	3012  -  MemoryUsage of job (MB)
	3083628  -  ResidentSetSize of job (KB)
...
006 (7104502.000.000) 04/23 10:29:01 Image size of job updated: 7422032
	3017  -  MemoryUsage of job (MB)
	3088904  -  ResidentSetSize of job (KB)
...
006 (7104502.000.000) 04/23 10:34:01 Image size of job updated: 8512620
	3017  -  MemoryUsage of job (MB)
	3088944  -  ResidentSetSize of job (KB)
...
006 (7104502.000.000) 04/23 10:39:02 Image size of job updated: 9695008
	3348  -  MemoryUsage of job (MB)
	3427372  -  ResidentSetSize of job (KB)
...
006 (7104502.000.000) 04/23 10:44:03 Image size of job updated: 10149808
	3581  -  MemoryUsage of job (MB)
	3666056  -  ResidentSetSize of job (KB)
...
006 (7104502.000.000) 04/23 10:49:03 Image size of job updated: 10149808
	4185  -  MemoryUsage of job (MB)
	4284432  -  ResidentSetSize of job (KB)
...
006 (7104502.000.000) 04/23 10:54:03 Image size of job updated: 10149808
	4185  -  MemoryUsage of job (MB)
	4284512  -  ResidentSetSize of job (KB)
...
006 (7104502.000.000) 04/23 10:59:04 Image size of job updated: 10149808
	4562  -  MemoryUsage of job (MB)
	4670588  -  ResidentSetSize of job (KB)
...
006 (7104502.000.000) 04/23 11:04:06 Image size of job updated: 10149808
	4562  -  MemoryUsage of job (MB)
	4670668  -  ResidentSetSize of job (KB)
...
006 (7104502.000.000) 04/23 11:09:06 Image size of job updated: 10149808
	5201  -  MemoryUsage of job (MB)
	5325740  -  ResidentSetSize of job (KB)
...
006 (7104502.000.000) 04/23 11:14:06 Image size of job updated: 10149808
	5201  -  MemoryUsage of job (MB)
	5325816  -  ResidentSetSize of job (KB)
...
006 (7104502.000.000) 04/23 11:19:06 Image size of job updated: 10149808
	6086  -  MemoryUsage of job (MB)
	6231200  -  ResidentSetSize of job (KB)
...
006 (7104502.000.000) 04/23 11:24:07 Image size of job updated: 10149808
	6086  -  MemoryUsage of job (MB)
	6231280  -  ResidentSetSize of job (KB)
...
006 (7104502.000.000) 04/23 11:29:08 Image size of job updated: 10149808
	6580  -  MemoryUsage of job (MB)
	6736984  -  ResidentSetSize of job (KB)
...
006 (7104502.000.000) 04/23 11:34:08 Image size of job updated: 10369120
	6580  -  MemoryUsage of job (MB)
	6737076  -  ResidentSetSize of job (KB)
...
006 (7104502.000.000) 04/23 11:39:08 Image size of job updated: 10369120
	6761  -  MemoryUsage of job (MB)
	6923140  -  ResidentSetSize of job (KB)
...
006 (7104502.000.000) 04/23 11:44:10 Image size of job updated: 10369120
	6761  -  MemoryUsage of job (MB)
	6923248  -  ResidentSetSize of job (KB)
...
006 (7104502.000.000) 04/23 11:49:10 Image size of job updated: 10417152
	6761  -  MemoryUsage of job (MB)
	6923248  -  ResidentSetSize of job (KB)
...
006 (7104502.000.000) 04/23 12:29:15 Image size of job updated: 10417152
	6948  -  MemoryUsage of job (MB)
	7114612  -  ResidentSetSize of job (KB)
...
006 (7104502.000.000) 04/23 12:34:15 Image size of job updated: 10417152
	6948  -  MemoryUsage of job (MB)
	7114680  -  ResidentSetSize of job (KB)
...
006 (7104502.000.000) 04/23 12:39:15 Image size of job updated: 11071812
	7025  -  MemoryUsage of job (MB)
	7193180  -  ResidentSetSize of job (KB)
...
006 (7104502.000.000) 04/23 12:44:16 Image size of job updated: 11071812
	7025  -  MemoryUsage of job (MB)
	7193264  -  ResidentSetSize of job (KB)
...
006 (7104502.000.000) 04/23 13:19:19 Image size of job updated: 11071812
	7331  -  MemoryUsage of job (MB)
	7506460  -  ResidentSetSize of job (KB)
...
006 (7104502.000.000) 04/23 13:24:20 Image size of job updated: 11071812
	7331  -  MemoryUsage of job (MB)
	7506616  -  ResidentSetSize of job (KB)
...
006 (7104502.000.000) 04/23 13:39:21 Image size of job updated: 11071812
	7577  -  MemoryUsage of job (MB)
	7758588  -  ResidentSetSize of job (KB)
...
006 (7104502.000.000) 04/23 13:44:22 Image size of job updated: 11071812
	7577  -  MemoryUsage of job (MB)
	7758604  -  ResidentSetSize of job (KB)
...
006 (7104502.000.000) 04/23 13:49:23 Image size of job updated: 11071812
	7674  -  MemoryUsage of job (MB)
	7857620  -  ResidentSetSize of job (KB)
...
006 (7104502.000.000) 04/23 13:54:23 Image size of job updated: 11071812
	7674  -  MemoryUsage of job (MB)
	7857736  -  ResidentSetSize of job (KB)
...
040 (7104502.000.000) 04/23 14:07:50 Started transferring output files
...
040 (7104502.000.000) 04/23 14:07:50 Finished transferring output files
...
005 (7104502.000.000) 04/23 14:07:50 Job terminated.
	(1) Normal termination (return value 0)
		Usr 0 00:53:49, Sys 0 00:10:40  -  Run Remote Usage
		Usr 0 00:00:00, Sys 0 00:00:00  -  Run Local Usage
		Usr 0 00:53:49, Sys 0 00:10:40  -  Total Remote Usage
		Usr 0 00:00:00, Sys 0 00:00:00  -  Total Local Usage
	58007  -  Run Bytes Sent By Job
	330  -  Run Bytes Received By Job
	58007  -  Total Bytes Sent By Job
	330  -  Total Bytes Received By Job
	Partitionable Resources :    Usage  Request Allocated Assigned
	   Cpus                 :     0.31        1         1 
	   Disk (KB)            :    95           1    169922 
	   Gpus (Average)       :                 1         1 "CUDA0"
	   Memory (MB)          :  7674        2000      2000 

	Job terminated of its own accord at 2022-04-23T12:07:50Z.
...
