Setting up the latest Key4HEP software stack from CVMFS ...
 ...  Key4HEP release: key4hep-stack/2022-04-25
 ... Use the following command to reproduce the current environment: 
 ... 
         source /cvmfs/sw.hsf.org/spackages5/key4hep-stack/2022-04-25/x86_64-centos7-gcc11.2.0-opt/4652u/setup.sh
 ... 
 ... done. 
   ------------------------------------------------------------------
  | Welcome to ROOT 6.26/02                        https://root.cern |
  | (c) 1995-2021, The ROOT Team; conception: R. Brun, F. Rademakers |
  | Built for linuxx8664gcc on Apr 12 2022, 16:28:03                 |
  | From tags/v6-26-02@v6-26-02                                      |
  | With g++ (Spack GCC) 11.2.0                                      |
  | Try '.help', '.demo', '.license', '.credits', '.quit'/'.q'       |
   ------------------------------------------------------------------


Processing TMVA_bjH_classification.C...

==> Start TMVAClassification
DataSetInfo              : [dataset] : Added class "Signal"
                         : Add Tree events of type Signal with 2000000 events
DataSetInfo              : [dataset] : Added class "Background"
                         : Add Tree events of type Background with 59500000 events
                         : Add Tree events of type Background with 5000000 events
                         : Add Tree events of type Background with 5000000 events
Factory                  : Booking method: [1mBDT[0m
                         : 
                         : Rebuilding Dataset dataset
                         : Building event vectors for type 2 Signal
                         : Dataset[dataset] :  create input formulas for tree events
                         : Building event vectors for type 2 Background
                         : Dataset[dataset] :  create input formulas for tree events
                         : Building event vectors for type 2 Background
                         : Dataset[dataset] :  create input formulas for tree events
                         : Building event vectors for type 2 Background
                         : Dataset[dataset] :  create input formulas for tree events
<WARNING>                : Found events with NaN and/or +-inf values
<WARNING>                : Dataset[dataset] : Input expression resolves to indeterminate value (NaN): zed_hadronic_subjets_acollPaPb[0] (188 times)
<WARNING>                : These NaN and/or +-infs were all removed by the specified cut, continuing.
                         : 
DataSetFactory           : [dataset] : Number of events in input trees
                         : Dataset[dataset] :     Signal     requirement: "!(!((selected_muons_pt@.size()) == 2) && (selected_electrons_pt@.size()) == 2) && !(!((selected_electrons_pt@.size()) == 2) && (selected_muons_pt@.size()) == 2) && (zed_hadronic_subjets_btag@.size()) > 1 && !(zed_hadronic_subjets_btag[0] == 1 && zed_hadronic_subjets_btag[1] == 1) && ((zed_hadronic_subjets_btag[0] == 1 && zed_hadronic_subjets_btag[1] == 0) || (zed_hadronic_subjets_btag[0] == 0 && zed_hadronic_subjets_btag[1] == 1)) && !(zed_hadronic_subjets_btag[0] == 0 && zed_hadronic_subjets_btag[1] == 0) && !(zed_hadronic_subjets_ctag[0] == 1 && zed_hadronic_subjets_ctag[1] == 1) && !((zed_hadronic_subjets_ctag[0] == 1 && zed_hadronic_subjets_ctag[1] == 0) || (zed_hadronic_subjets_ctag[0] == 0 && zed_hadronic_subjets_ctag[1] == 1)) && TMath::Abs(zed_hadronic_m[0] - 125.) > 30 && zed_hadronic_m[0] > 86 && zed_hadronic_m[0] < 96"
                         : Dataset[dataset] :     Signal          -- number of events passed: 210907  / sum of weights: 210907
                         : Dataset[dataset] :     Signal          -- efficiency             : 0.105456
                         : Dataset[dataset] :     Background requirement: "!(!((selected_muons_pt@.size()) == 2) && (selected_electrons_pt@.size()) == 2) && !(!((selected_electrons_pt@.size()) == 2) && (selected_muons_pt@.size()) == 2) && TMath::Abs(zed_hadronic_m[0] - 125.) > 30 && !TMath::IsNaN(zed_hadronic_subjets_acollPaPb[0])"
                         : Dataset[dataset] :     Background      -- number of events passed: 57666333  / sum of weights: 1.67772e+07
                         : Dataset[dataset] :     Background      -- efficiency             : 1     
                         : Dataset[dataset] :  you have opted for interpreting the requested number of training/testing events
                         :  to be the number of events AFTER your preselection cuts
                         : 
                         : Dataset[dataset] :  you have opted for interpreting the requested number of training/testing events
                         :  to be the number of events AFTER your preselection cuts
                         : 
                         : Number of training and testing events
                         : ---------------------------------------------------------------------------
                         : Signal     -- training events            : 20000
                         : Signal     -- testing events             : 190907
                         : Signal     -- training and testing events: 210907
                         : Dataset[dataset] : Signal     -- due to the preselection a scaling factor has been applied to the numbers of requested events: 0.105456
                         : Background -- training events            : 100000
                         : Background -- testing events             : 57566333
                         : Background -- training and testing events: 57666333
                         : Dataset[dataset] : Background -- due to the preselection a scaling factor has been applied to the numbers of requested events: 0.881075
                         : 
DataSetInfo              : Correlation matrix (Signal):
                         : -------------------------------------------------------------------------------------------------------------------------------------------------------------------------------------------------------------------------------------------------------------------------------------------------------------------------------------------------------------------------------------------------------------------------
                         :                                   jetNo_T bjetNo_T zed_bjet1_T zed_bjet2_T zed_hadronic_subjets_E1_T zed_hadronic_subjets_E2_T zed_hadronic_subjets_pt1_T zed_hadronic_subjets_pt2_T zed_hadronic_subjets_acoll_T zed_hadronic_subjets_acollPaPb_T zed_hadronic_subjets_DeltaEta_T zed_hadronic_subjets_DeltaPhi_T zed_hadronic_m_T zed_hadronic_recoil_m_T zed_hadronic_pt_T missingET_e_T missingET_costheta_T jet_HT_T
                         :                          jetNo_T:  +1.000   +0.038      -0.074      +0.074                    -0.125                    -0.120                     -0.115                     -0.102                       -0.017                           +0.243                          +0.030                          +0.087           -0.013                  +0.256            -0.182        -0.188               -0.002   +0.116
                         :                         bjetNo_T:  +0.038   +1.000      -0.003      +0.003                    +0.014                    +0.008                     +0.011                     +0.010                       -0.002                           -0.012                          +0.007                          -0.027           -0.015                  -0.020            +0.028        -0.093               -0.004   +0.044
                         :                      zed_bjet1_T:  -0.074   -0.003      +1.000      -1.000                    +0.162                    -0.097                     +0.128                     -0.075                       -0.006                           -0.155                          +0.004                          -0.065           +0.001                  -0.015            +0.003        -0.006               -0.006   +0.015
                         :                      zed_bjet2_T:  +0.074   +0.003      -1.000      +1.000                    -0.162                    +0.097                     -0.128                     +0.075                       +0.006                           +0.155                          -0.004                          +0.065           -0.001                  +0.015            -0.003        +0.006               +0.006   -0.015
                         :        zed_hadronic_subjets_E1_T:  -0.125   +0.014      +0.162      -0.162                    +1.000                    -0.576                     +0.571                     -0.399                       +0.006                           -0.565                          +0.073                          -0.212           +0.054                  -0.101            -0.039        +0.043               -0.008   -0.141
                         :        zed_hadronic_subjets_E2_T:  -0.120   +0.008      -0.097      +0.097                    -0.576                    +1.000                     -0.289                     +0.789                       -0.003                           -0.192                          -0.145                          -0.064           +0.010                  -0.749            +0.671        -0.146               +0.009   +0.213
                         :       zed_hadronic_subjets_pt1_T:  -0.115   +0.011      +0.128      -0.128                    +0.571                    -0.289                     +1.000                     -0.206                       -0.000                           -0.483                          -0.499                          -0.145           +0.035                  -0.113            +0.120        +0.027               -0.006   +0.126
                         :       zed_hadronic_subjets_pt2_T:  -0.102   +0.010      -0.075      +0.075                    -0.399                    +0.789                     -0.206                     +1.000                       -0.009                           -0.214                          -0.368                          -0.031           +0.018                  -0.633            +0.826        -0.157               -0.002   +0.478
                         :     zed_hadronic_subjets_acoll_T:  -0.017   -0.002      -0.006      +0.006                    +0.006                    -0.003                     -0.000                     -0.009                       +1.000                           -0.002                          -0.002                          +0.008           -0.003                  -0.001            -0.010        -0.000               -0.116   -0.015
                         : zed_hadronic_subjets_acollPaPb_T:  +0.243   -0.012      -0.155      +0.155                    -0.565                    -0.192                     -0.483                     -0.214                       -0.002                           +1.000                          +0.144                          +0.328           +0.046                  +0.667            -0.549        +0.061               +0.002   -0.084
                         :  zed_hadronic_subjets_DeltaEta_T:  +0.030   +0.007      +0.004      -0.004                    +0.073                    -0.145                     -0.499                     -0.368                       -0.002                           +0.144                          +1.000                          -0.189           +0.018                  +0.116            -0.176        +0.014               +0.006   -0.302
                         :  zed_hadronic_subjets_DeltaPhi_T:  +0.087   -0.027      -0.065      +0.065                    -0.212                    -0.064                     -0.145                     -0.031                       +0.008                           +0.328                          -0.189                          +1.000           +0.017                  +0.247            -0.299        +0.027               +0.007   -0.028
                         :                 zed_hadronic_m_T:  -0.013   -0.015      +0.001      -0.001                    +0.054                    +0.010                     +0.035                     +0.018                       -0.003                           +0.046                          +0.018                          +0.017           +1.000                  -0.030            -0.011        -0.021               -0.003   +0.011
                         :          zed_hadronic_recoil_m_T:  +0.256   -0.020      -0.015      +0.015                    -0.101                    -0.749                     -0.113                     -0.633                       -0.001                           +0.667                          +0.116                          +0.247           -0.030                  +1.000            -0.774        +0.142               -0.004   -0.146
                         :                zed_hadronic_pt_T:  -0.182   +0.028      +0.003      -0.003                    -0.039                    +0.671                     +0.120                     +0.826                       -0.010                           -0.549                          -0.176                          -0.299           -0.011                  -0.774            +1.000        -0.161               -0.003   +0.454
                         :                    missingET_e_T:  -0.188   -0.093      -0.006      +0.006                    +0.043                    -0.146                     +0.027                     -0.157                       -0.000                           +0.061                          +0.014                          +0.027           -0.021                  +0.142            -0.161        +1.000               +0.002   -0.567
                         :             missingET_costheta_T:  -0.002   -0.004      -0.006      +0.006                    -0.008                    +0.009                     -0.006                     -0.002                       -0.116                           +0.002                          +0.006                          +0.007           -0.003                  -0.004            -0.003        +0.002               +1.000   -0.017
                         :                         jet_HT_T:  +0.116   +0.044      +0.015      -0.015                    -0.141                    +0.213                     +0.126                     +0.478                       -0.015                           -0.084                          -0.302                          -0.028           +0.011                  -0.146            +0.454        -0.567               -0.017   +1.000
                         : -------------------------------------------------------------------------------------------------------------------------------------------------------------------------------------------------------------------------------------------------------------------------------------------------------------------------------------------------------------------------------------------------------------------------
DataSetInfo              : Correlation matrix (Background):
                         : -------------------------------------------------------------------------------------------------------------------------------------------------------------------------------------------------------------------------------------------------------------------------------------------------------------------------------------------------------------------------------------------------------------------------
                         :                                   jetNo_T bjetNo_T zed_bjet1_T zed_bjet2_T zed_hadronic_subjets_E1_T zed_hadronic_subjets_E2_T zed_hadronic_subjets_pt1_T zed_hadronic_subjets_pt2_T zed_hadronic_subjets_acoll_T zed_hadronic_subjets_acollPaPb_T zed_hadronic_subjets_DeltaEta_T zed_hadronic_subjets_DeltaPhi_T zed_hadronic_m_T zed_hadronic_recoil_m_T zed_hadronic_pt_T missingET_e_T missingET_costheta_T jet_HT_T
                         :                          jetNo_T:  +1.000   +0.020      -0.088      -0.066                    -0.367                    +0.033                     -0.263                     +0.207                       -0.001                           +0.011                          -0.073                          -0.273           -0.245                  +0.271            +0.556        -0.490               +0.001   +0.425
                         :                         bjetNo_T:  +0.020   +1.000      +0.609      +0.641                    -0.040                    -0.046                     -0.045                     -0.035                       -0.005                           -0.036                          -0.016                          +0.004           -0.053                  +0.101            -0.005        +0.006               +0.004   -0.030
                         :                      zed_bjet1_T:  -0.088   +0.609      +1.000      +0.506                    +0.019                    -0.059                     -0.004                     -0.071                       -0.003                           -0.052                          -0.010                          +0.031           -0.021                  +0.059            -0.080        +0.059               +0.003   -0.086
                         :                      zed_bjet2_T:  -0.066   +0.641      +0.506      +1.000                    -0.012                    -0.047                     -0.024                     -0.049                       -0.002                           -0.037                          -0.013                          +0.028           -0.034                  +0.074            -0.047        +0.045               +0.002   -0.062
                         :        zed_hadronic_subjets_E1_T:  -0.367   -0.040      +0.019      -0.012                    +1.000                    -0.245                     +0.653                     +0.152                       +0.004                           +0.153                          -0.017                          +0.116           +0.645                  -0.400            -0.342        -0.003               -0.003   +0.091
                         :        zed_hadronic_subjets_E2_T:  +0.033   -0.046      -0.059      -0.047                    -0.245                    +1.000                     +0.294                     +0.502                       -0.000                           +0.339                          +0.037                          -0.020           +0.438                  -0.537            +0.230        -0.208               -0.002   +0.408
                         :       zed_hadronic_subjets_pt1_T:  -0.263   -0.045      -0.004      -0.024                    +0.653                    +0.294                     +1.000                     +0.550                       +0.001                           +0.402                          -0.250                          +0.050           +0.839                  -0.433            -0.154        -0.208               -0.002   +0.480
                         :       zed_hadronic_subjets_pt2_T:  +0.207   -0.035      -0.071      -0.049                    +0.152                    +0.502                     +0.550                     +1.000                       -0.001                           +0.444                          -0.352                          -0.152           +0.528                  -0.314            +0.626        -0.566               -0.000   +0.923
                         :     zed_hadronic_subjets_acoll_T:  -0.001   -0.005      -0.003      -0.002                    +0.004                    -0.000                     +0.001                     -0.001                       +1.000                           +0.000                          +0.001                          -0.002           +0.001                  -0.006            -0.001        +0.005               -0.723   -0.000
                         : zed_hadronic_subjets_acollPaPb_T:  +0.011   -0.036      -0.052      -0.037                    +0.153                    +0.339                     +0.402                     +0.444                       +0.000                           +1.000                          +0.421                          +0.095           +0.685                  +0.080            +0.001        -0.472               +0.002   +0.349
                         :  zed_hadronic_subjets_DeltaEta_T:  -0.073   -0.016      -0.010      -0.013                    -0.017                    +0.037                     -0.250                     -0.352                       +0.001                           +0.421                          +1.000                          -0.016           +0.134                  +0.161            -0.226        -0.048               +0.001   -0.347
                         :  zed_hadronic_subjets_DeltaPhi_T:  -0.273   +0.004      +0.031      +0.028                    +0.116                    -0.020                     +0.050                     -0.152                       -0.002                           +0.095                          -0.016                          +1.000           +0.104                  -0.035            -0.440        +0.267               -0.001   -0.279
                         :                 zed_hadronic_m_T:  -0.245   -0.053      -0.021      -0.034                    +0.645                    +0.438                     +0.839                     +0.528                       +0.001                           +0.685                          +0.134                          +0.104           +1.000                  -0.423            -0.169        -0.317               -0.001   +0.409
                         :          zed_hadronic_recoil_m_T:  +0.271   +0.101      +0.059      +0.074                    -0.400                    -0.537                     -0.433                     -0.314                       -0.006                           +0.080                          +0.161                          -0.035           -0.423                  +1.000            +0.014        -0.089               +0.007   -0.227
                         :                zed_hadronic_pt_T:  +0.556   -0.005      -0.080      -0.047                    -0.342                    +0.230                     -0.154                     +0.626                       -0.001                           +0.001                          -0.226                          -0.440           -0.169                  +0.014            +1.000        -0.553               -0.000   +0.728
                         :                    missingET_e_T:  -0.490   +0.006      +0.059      +0.045                    -0.003                    -0.208                     -0.208                     -0.566                       +0.005                           -0.472                          -0.048                          +0.267           -0.317                  -0.089            -0.553        +1.000               -0.004   -0.676
                         :             missingET_costheta_T:  +0.001   +0.004      +0.003      +0.002                    -0.003                    -0.002                     -0.002                     -0.000                       -0.723                           +0.002                          +0.001                          -0.001           -0.001                  +0.007            -0.000        -0.004               +1.000   -0.000
                         :                         jet_HT_T:  +0.425   -0.030      -0.086      -0.062                    +0.091                    +0.408                     +0.480                     +0.923                       -0.000                           +0.349                          -0.347                          -0.279           +0.409                  -0.227            +0.728        -0.676               -0.000   +1.000
                         : -------------------------------------------------------------------------------------------------------------------------------------------------------------------------------------------------------------------------------------------------------------------------------------------------------------------------------------------------------------------------------------------------------------------------
DataSetFactory           : [dataset] :  
                         : 
Factory                  : [1mTrain all methods[0m
Factory                  : [dataset] : Create Transformation "I" with events from all classes.
                         : 
                         : Transformation, Variable selection : 
                         : Input : variable 'jetNo_T' <---> Output : variable 'jetNo_T'
                         : Input : variable 'bjetNo_T' <---> Output : variable 'bjetNo_T'
                         : Input : variable 'zed_bjet1_T' <---> Output : variable 'zed_bjet1_T'
                         : Input : variable 'zed_bjet2_T' <---> Output : variable 'zed_bjet2_T'
                         : Input : variable 'zed_hadronic_subjets_E1_T' <---> Output : variable 'zed_hadronic_subjets_E1_T'
                         : Input : variable 'zed_hadronic_subjets_E2_T' <---> Output : variable 'zed_hadronic_subjets_E2_T'
                         : Input : variable 'zed_hadronic_subjets_pt1_T' <---> Output : variable 'zed_hadronic_subjets_pt1_T'
                         : Input : variable 'zed_hadronic_subjets_pt2_T' <---> Output : variable 'zed_hadronic_subjets_pt2_T'
                         : Input : variable 'zed_hadronic_subjets_acoll_T' <---> Output : variable 'zed_hadronic_subjets_acoll_T'
                         : Input : variable 'zed_hadronic_subjets_acollPaPb_T' <---> Output : variable 'zed_hadronic_subjets_acollPaPb_T'
                         : Input : variable 'zed_hadronic_subjets_DeltaEta_T' <---> Output : variable 'zed_hadronic_subjets_DeltaEta_T'
                         : Input : variable 'zed_hadronic_subjets_DeltaPhi_T' <---> Output : variable 'zed_hadronic_subjets_DeltaPhi_T'
                         : Input : variable 'zed_hadronic_m_T' <---> Output : variable 'zed_hadronic_m_T'
                         : Input : variable 'zed_hadronic_recoil_m_T' <---> Output : variable 'zed_hadronic_recoil_m_T'
                         : Input : variable 'zed_hadronic_pt_T' <---> Output : variable 'zed_hadronic_pt_T'
                         : Input : variable 'missingET_e_T' <---> Output : variable 'missingET_e_T'
                         : Input : variable 'missingET_costheta_T' <---> Output : variable 'missingET_costheta_T'
                         : Input : variable 'jet_HT_T' <---> Output : variable 'jet_HT_T'
Factory                  : [dataset] : Create Transformation "P" with events from all classes.
                         : 
                         : Transformation, Variable selection : 
                         : Input : variable 'jetNo_T' <---> Output : variable 'jetNo_T'
                         : Input : variable 'bjetNo_T' <---> Output : variable 'bjetNo_T'
                         : Input : variable 'zed_bjet1_T' <---> Output : variable 'zed_bjet1_T'
                         : Input : variable 'zed_bjet2_T' <---> Output : variable 'zed_bjet2_T'
                         : Input : variable 'zed_hadronic_subjets_E1_T' <---> Output : variable 'zed_hadronic_subjets_E1_T'
                         : Input : variable 'zed_hadronic_subjets_E2_T' <---> Output : variable 'zed_hadronic_subjets_E2_T'
                         : Input : variable 'zed_hadronic_subjets_pt1_T' <---> Output : variable 'zed_hadronic_subjets_pt1_T'
                         : Input : variable 'zed_hadronic_subjets_pt2_T' <---> Output : variable 'zed_hadronic_subjets_pt2_T'
                         : Input : variable 'zed_hadronic_subjets_acoll_T' <---> Output : variable 'zed_hadronic_subjets_acoll_T'
                         : Input : variable 'zed_hadronic_subjets_acollPaPb_T' <---> Output : variable 'zed_hadronic_subjets_acollPaPb_T'
                         : Input : variable 'zed_hadronic_subjets_DeltaEta_T' <---> Output : variable 'zed_hadronic_subjets_DeltaEta_T'
                         : Input : variable 'zed_hadronic_subjets_DeltaPhi_T' <---> Output : variable 'zed_hadronic_subjets_DeltaPhi_T'
                         : Input : variable 'zed_hadronic_m_T' <---> Output : variable 'zed_hadronic_m_T'
                         : Input : variable 'zed_hadronic_recoil_m_T' <---> Output : variable 'zed_hadronic_recoil_m_T'
                         : Input : variable 'zed_hadronic_pt_T' <---> Output : variable 'zed_hadronic_pt_T'
                         : Input : variable 'missingET_e_T' <---> Output : variable 'missingET_e_T'
                         : Input : variable 'missingET_costheta_T' <---> Output : variable 'missingET_costheta_T'
                         : Input : variable 'jet_HT_T' <---> Output : variable 'jet_HT_T'
Factory                  : [dataset] : Create Transformation "G" with events from all classes.
                         : 
                         : Transformation, Variable selection : 
                         : Input : variable 'jetNo_T' <---> Output : variable 'jetNo_T'
                         : Input : variable 'bjetNo_T' <---> Output : variable 'bjetNo_T'
                         : Input : variable 'zed_bjet1_T' <---> Output : variable 'zed_bjet1_T'
                         : Input : variable 'zed_bjet2_T' <---> Output : variable 'zed_bjet2_T'
                         : Input : variable 'zed_hadronic_subjets_E1_T' <---> Output : variable 'zed_hadronic_subjets_E1_T'
                         : Input : variable 'zed_hadronic_subjets_E2_T' <---> Output : variable 'zed_hadronic_subjets_E2_T'
                         : Input : variable 'zed_hadronic_subjets_pt1_T' <---> Output : variable 'zed_hadronic_subjets_pt1_T'
                         : Input : variable 'zed_hadronic_subjets_pt2_T' <---> Output : variable 'zed_hadronic_subjets_pt2_T'
                         : Input : variable 'zed_hadronic_subjets_acoll_T' <---> Output : variable 'zed_hadronic_subjets_acoll_T'
                         : Input : variable 'zed_hadronic_subjets_acollPaPb_T' <---> Output : variable 'zed_hadronic_subjets_acollPaPb_T'
                         : Input : variable 'zed_hadronic_subjets_DeltaEta_T' <---> Output : variable 'zed_hadronic_subjets_DeltaEta_T'
                         : Input : variable 'zed_hadronic_subjets_DeltaPhi_T' <---> Output : variable 'zed_hadronic_subjets_DeltaPhi_T'
                         : Input : variable 'zed_hadronic_m_T' <---> Output : variable 'zed_hadronic_m_T'
                         : Input : variable 'zed_hadronic_recoil_m_T' <---> Output : variable 'zed_hadronic_recoil_m_T'
                         : Input : variable 'zed_hadronic_pt_T' <---> Output : variable 'zed_hadronic_pt_T'
                         : Input : variable 'missingET_e_T' <---> Output : variable 'missingET_e_T'
                         : Input : variable 'missingET_costheta_T' <---> Output : variable 'missingET_costheta_T'
                         : Input : variable 'jet_HT_T' <---> Output : variable 'jet_HT_T'
TFHandler_Factory        :                         Variable                                Mean                                RMS                        [        Min                                Max ]
                         : -----------------------------------------------------------------------------------------------------------------------------------------------------------------------------------
                         :                          jetNo_T:                            3.0818                            1.2931   [                            2.0000                            11.000 ]
                         :                         bjetNo_T:                           0.59771                           0.94351   [                            0.0000                            6.0000 ]
                         :                      zed_bjet1_T:                           0.18290                           0.38658   [                            0.0000                            1.0000 ]
                         :                      zed_bjet2_T:                           0.22108                           0.41498   [                            0.0000                            1.0000 ]
                         :        zed_hadronic_subjets_E1_T:                            63.749                            46.570   [                            5.0552                            190.13 ]
                         :        zed_hadronic_subjets_E2_T:                            108.38                            46.130   [                            5.5157                            193.97 ]
                         :       zed_hadronic_subjets_pt1_T:                            33.862                            28.775   [                            5.0006                            184.84 ]
                         :       zed_hadronic_subjets_pt2_T:                            60.593                            39.016   [                            5.0613                            189.55 ]
                         :     zed_hadronic_subjets_acoll_T:                       -0.00014304                            1.4942   [                           -2.6407                            2.6380 ]
                         : zed_hadronic_subjets_acollPaPb_T:                            1.6124                           0.68163   [                           0.50003                            3.1416 ]
                         :  zed_hadronic_subjets_DeltaEta_T:                            1.3057                           0.93174   [                        1.1324e-05                            6.6677 ]
                         :  zed_hadronic_subjets_DeltaPhi_T:                            2.7798                            1.0059   [                        3.2410e-05                            6.2512 ]
                         :                 zed_hadronic_m_T:                            101.05                            69.483   [                            3.8882                            378.72 ]
                         :          zed_hadronic_recoil_m_T:                            122.41                            88.340   [                           -108.35                            353.44 ]
                         :                zed_hadronic_pt_T:                            40.899                            46.212   [                         0.0060514                            185.62 ]
                         :                    missingET_e_T:                            82.167                            68.417   [                           0.14635                            189.36 ]
                         :             missingET_costheta_T:                       -0.00076862                           0.86685   [                           -1.0000                            1.0000 ]
                         :                         jet_HT_T:                            146.74                            97.215   [                            10.102                            373.72 ]
                         : -----------------------------------------------------------------------------------------------------------------------------------------------------------------------------------
                         : Preparing the Principle Component (PCA) transformation...
TFHandler_Factory        :                         Variable                                Mean                                RMS                        [        Min                                Max ]
                         : -----------------------------------------------------------------------------------------------------------------------------------------------------------------------------------
                         :                          jetNo_T:                       -7.3146e-09                            125.37   [                           -207.81                            342.19 ]
                         :                         bjetNo_T:                        3.2743e-09                            105.63   [                           -252.61                            267.58 ]
                         :                      zed_bjet1_T:                       -5.7901e-10                            65.942   [                           -169.57                            238.97 ]
                         :                      zed_bjet2_T:                       -3.1379e-09                            44.662   [                           -134.94                            117.13 ]
                         :        zed_hadronic_subjets_E1_T:                        2.0045e-09                            38.953   [                           -181.51                            104.50 ]
                         :        zed_hadronic_subjets_E2_T:                       -1.0463e-09                            21.348   [                           -112.11                            115.41 ]
                         :       zed_hadronic_subjets_pt1_T:                        9.7879e-10                            13.473   [                           -85.765                            44.827 ]
                         :       zed_hadronic_subjets_pt2_T:                       -3.0553e-10                            11.424   [                           -35.666                            70.914 ]
                         :     zed_hadronic_subjets_acoll_T:                        4.9110e-10                            6.6712   [                           -38.437                            20.525 ]
                         : zed_hadronic_subjets_acollPaPb_T:                       -2.6594e-10                            1.6248   [                           -2.8274                            2.8485 ]
                         :  zed_hadronic_subjets_DeltaEta_T:                        6.1388e-12                           0.90599   [                           -3.8733                            5.1092 ]
                         :  zed_hadronic_subjets_DeltaPhi_T:                       -3.3286e-11                           0.85626   [                           -5.6721                            3.1549 ]
                         :                 zed_hadronic_m_T:                        9.8643e-12                           0.68451   [                           -3.2734                            5.1694 ]
                         :          zed_hadronic_recoil_m_T:                       -2.5115e-11                           0.58624   [                           -1.9992                            1.9952 ]
                         :                zed_hadronic_pt_T:                        2.5453e-11                           0.55910   [                           -2.7978                            2.3504 ]
                         :                    missingET_e_T:                       -6.2666e-12                           0.36016   [                          -0.87580                            1.0736 ]
                         :             missingET_costheta_T:                        2.0281e-11                           0.29301   [                           -1.4133                            1.4234 ]
                         :                         jet_HT_T:                        6.9795e-12                           0.23277   [                           -1.2529                            1.1532 ]
                         : -----------------------------------------------------------------------------------------------------------------------------------------------------------------------------------
                         : Preparing the Gaussian transformation...
<WARNING>                : Variable "zed_hadronic_subjets_btag[0]" has zero, negative, or NaN RMS^2: -nan ==> set to zero. Please check the variable content
<WARNING>                : Variable "zed_hadronic_subjets_btag[0]" has zero, negative, or NaN RMS^2: -nan ==> set to zero. Please check the variable content
<WARNING>                : Variable "zed_hadronic_subjets_btag[0]" has zero, negative, or NaN RMS^2: -nan ==> set to zero. Please check the variable content
<WARNING>                : Variable "zed_hadronic_subjets_btag[1]" has zero, negative, or NaN RMS^2: -nan ==> set to zero. Please check the variable content
<WARNING>                : Variable "zed_hadronic_subjets_btag[1]" has zero, negative, or NaN RMS^2: -nan ==> set to zero. Please check the variable content
<WARNING>                : Variable "zed_hadronic_subjets_btag[1]" has zero, negative, or NaN RMS^2: -nan ==> set to zero. Please check the variable content
TFHandler_Factory        :                         Variable                                Mean                                RMS                        [        Min                                Max ]
                         : -----------------------------------------------------------------------------------------------------------------------------------------------------------------------------------
                         :                          jetNo_T:                           0.13584                           0.85029   [                          -0.66884                            5.7307 ]
                         :                         bjetNo_T:                           -2.5386                            2.1302   [                           -4.0556                            5.7307 ]
                         :                      zed_bjet1_T:                           -5.7307                            0.0000   [                           -5.7307                           -5.7307 ]
                         :                      zed_bjet2_T:                           -5.7307                            0.0000   [                           -5.7307                           -5.7307 ]
                         :        zed_hadronic_subjets_E1_T:                         0.0033700                           0.99734   [                           -3.3037                            5.7307 ]
                         :        zed_hadronic_subjets_E2_T:                         0.0036135                           0.99841   [                           -3.3038                            5.7307 ]
                         :       zed_hadronic_subjets_pt1_T:                         0.0035129                           0.99813   [                           -3.2429                            5.7307 ]
                         :       zed_hadronic_subjets_pt2_T:                         0.0035512                           0.99808   [                           -3.3038                            5.7307 ]
                         :     zed_hadronic_subjets_acoll_T:                         0.0038070                           0.99936   [                           -3.3033                            5.7307 ]
                         : zed_hadronic_subjets_acollPaPb_T:                         0.0034522                           0.99877   [                           -3.3025                            5.7307 ]
                         :  zed_hadronic_subjets_DeltaEta_T:                         0.0033778                           0.99758   [                           -3.2508                            5.7307 ]
                         :  zed_hadronic_subjets_DeltaPhi_T:                         0.0036202                           0.99867   [                           -3.2996                            5.7307 ]
                         :                 zed_hadronic_m_T:                         0.0034602                           0.99781   [                           -3.3038                            5.7307 ]
                         :          zed_hadronic_recoil_m_T:                         0.0037427                           0.99872   [                           -3.3038                            5.7307 ]
                         :                zed_hadronic_pt_T:                         0.0034156                           0.99747   [                           -3.3034                            5.7307 ]
                         :                    missingET_e_T:                         0.0033230                           0.99708   [                           -3.3037                            5.7307 ]
                         :             missingET_costheta_T:                          -0.11103                            1.0410   [                           -3.4882                            1.3124 ]
                         :                         jet_HT_T:                         0.0034874                           0.99781   [                           -3.3038                            5.7307 ]
                         : -----------------------------------------------------------------------------------------------------------------------------------------------------------------------------------
                         : Ranking input variables (method unspecific)...
IdTransformation         : Ranking result (top variable is best ranked)
                         : ---------------------------------------------------------
                         : Rank : Variable                         : Separation
                         : ---------------------------------------------------------
                         :    1 : jetNo_T                          : 7.291e-01
                         :    2 : bjetNo_T                         : 5.440e-01
                         :    3 : jet_HT_T                         : 5.306e-01
                         :    4 : zed_hadronic_recoil_m_T          : 4.634e-01
                         :    5 : zed_hadronic_pt_T                : 4.184e-01
                         :    6 : zed_hadronic_m_T                 : 4.051e-01
                         :    7 : zed_hadronic_subjets_acoll_T     : 3.577e-01
                         :    8 : missingET_e_T                    : 3.435e-01
                         :    9 : zed_hadronic_subjets_pt2_T       : 3.110e-01
                         :   10 : zed_hadronic_subjets_acollPaPb_T : 2.948e-01
                         :   11 : missingET_costheta_T             : 2.869e-01
                         :   12 : zed_hadronic_subjets_DeltaPhi_T  : 2.852e-01
                         :   13 : zed_hadronic_subjets_E1_T        : 2.494e-01
                         :   14 : zed_hadronic_subjets_E2_T        : 2.257e-01
                         :   15 : zed_bjet2_T                      : 2.124e-01
                         :   16 : zed_bjet1_T                      : 9.207e-02
                         :   17 : zed_hadronic_subjets_pt1_T       : 6.899e-02
                         :   18 : zed_hadronic_subjets_DeltaEta_T  : 2.772e-02
                         : ---------------------------------------------------------
Factory                  : Train method: BDT for Classification
                         : 
BDT                      : #events: (reweighted) sig: 60000 bkg: 60000
                         : #events: (unweighted) sig: 20000 bkg: 100000
                         : Training 800 Decision Trees ... patience please
                         : Elapsed time for training with 120000 events: 74.3 sec         
BDT                      : [dataset] : Evaluation of BDT on training sample (120000 events)
                         : Elapsed time for evaluation of 120000 events: 7.77 sec       
                         : Creating xml weight file: [0;36mdataset/weights/TMVAClassification_BDT.weights.xml[0m
                         : Creating standalone class: [0;36mdataset/weights/TMVAClassification_BDT.class.C[0m
                         : /afs/cern.ch/user/n/niharrin/work/public/MA/Analysis/source/365/categories/ZqqH/TMVA/bjH/output/TMVAClassification.root:/dataset/Method_BDT/BDT
Factory                  : Training finished
                         : 
                         : Ranking input variables (method specific)...
BDT                      : Ranking result (top variable is best ranked)
                         : ------------------------------------------------------------------
                         : Rank : Variable                         : Variable Importance
                         : ------------------------------------------------------------------
                         :    1 : jetNo_T                          : 1.445e-01
                         :    2 : zed_hadronic_m_T                 : 1.114e-01
                         :    3 : zed_bjet1_T                      : 9.127e-02
                         :    4 : zed_bjet2_T                      : 8.331e-02
                         :    5 : zed_hadronic_recoil_m_T          : 7.392e-02
                         :    6 : jet_HT_T                         : 7.358e-02
                         :    7 : bjetNo_T                         : 5.582e-02
                         :    8 : zed_hadronic_subjets_acollPaPb_T : 5.254e-02
                         :    9 : missingET_e_T                    : 4.814e-02
                         :   10 : zed_hadronic_pt_T                : 3.936e-02
                         :   11 : missingET_costheta_T             : 3.747e-02
                         :   12 : zed_hadronic_subjets_E1_T        : 3.049e-02
                         :   13 : zed_hadronic_subjets_acoll_T     : 2.951e-02
                         :   14 : zed_hadronic_subjets_E2_T        : 2.854e-02
                         :   15 : zed_hadronic_subjets_DeltaPhi_T  : 2.680e-02
                         :   16 : zed_hadronic_subjets_DeltaEta_T  : 2.626e-02
                         :   17 : zed_hadronic_subjets_pt1_T       : 2.434e-02
                         :   18 : zed_hadronic_subjets_pt2_T       : 2.271e-02
                         : ------------------------------------------------------------------
Factory                  : === Destroy and recreate all methods via weight files for testing ===
                         : 
                         : Reading weight file: [0;36mdataset/weights/TMVAClassification_BDT.weights.xml[0m
Factory                  : [1mTest all methods[0m
Factory                  : Test method: BDT for Classification performance
                         : 
BDT                      : [dataset] : Evaluation of BDT on testing sample (57757240 events)
                         : Elapsed time for evaluation of 57757240 events: 2.68e+03 sec       
Factory                  : [1mEvaluate all methods[0m
Factory                  : Evaluate classifier: BDT
                         : 
BDT                      : [dataset] : Loop over test events and fill histograms with classifier response...
                         : 
TFHandler_BDT            :                         Variable                                Mean                                RMS                        [        Min                                Max ]
                         : -----------------------------------------------------------------------------------------------------------------------------------------------------------------------------------
                         :                          jetNo_T:                            2.6776                           0.88919   [                            2.0000                            12.000 ]
                         :                         bjetNo_T:                           0.33630                           0.67091   [                            0.0000                            6.0000 ]
                         :                      zed_bjet1_T:                           0.13802                           0.34492   [                            0.0000                            1.0000 ]
                         :                      zed_bjet2_T:                           0.14798                           0.35508   [                            0.0000                            1.0000 ]
                         :        zed_hadronic_subjets_E1_T:                            67.829                            49.104   [                            5.0013                            194.87 ]
                         :        zed_hadronic_subjets_E2_T:                            111.71                            48.086   [                            5.0576                            202.19 ]
                         :       zed_hadronic_subjets_pt1_T:                            34.655                            30.802   [                            5.0000                            190.26 ]
                         :       zed_hadronic_subjets_pt2_T:                            57.372                            40.168   [                            5.0026                            197.96 ]
                         :     zed_hadronic_subjets_acoll_T:                         0.0016663                            1.5951   [                           -2.6648                            2.6758 ]
                         : zed_hadronic_subjets_acollPaPb_T:                            1.5594                           0.70245   [                           0.45481                            3.1416 ]
                         :  zed_hadronic_subjets_DeltaEta_T:                            1.3520                           0.95722   [                        1.3587e-08                            8.3255 ]
                         :  zed_hadronic_subjets_DeltaPhi_T:                            2.8436                           0.92074   [                        4.8700e-08                            6.2815 ]
                         :                 zed_hadronic_m_T:                            103.06                            75.674   [                            2.9048                            388.89 ]
                         :          zed_hadronic_recoil_m_T:                            106.36                            86.126   [                           -112.44                            354.59 ]
                         :                zed_hadronic_pt_T:                            33.828                            44.687   [                        0.00092642                            191.86 ]
                         :                    missingET_e_T:                            93.315                            68.740   [                          0.011574                            194.14 ]
                         :             missingET_costheta_T:                        -0.0021033                           0.90184   [                           -1.0000                            1.0000 ]
                         :                         jet_HT_T:                            125.65                            90.212   [                            10.003                            384.13 ]
                         : -----------------------------------------------------------------------------------------------------------------------------------------------------------------------------------
                         : 
                         : Evaluation results ranked by best signal efficiency and purity (area)
                         : -------------------------------------------------------------------------------------------------------------------
                         : DataSet       MVA                       
                         : Name:         Method:          ROC-integ
                         : dataset       BDT            : 0.999
                         : -------------------------------------------------------------------------------------------------------------------
                         : 
                         : Testing efficiency compared to training efficiency (overtraining check)
                         : -------------------------------------------------------------------------------------------------------------------
                         : DataSet              MVA              Signal efficiency: from test sample (from training sample) 
                         : Name:                Method:          @B=0.01             @B=0.10            @B=0.30   
                         : -------------------------------------------------------------------------------------------------------------------
                         : dataset              BDT            : 1.000 (1.000)       1.000 (1.000)      1.000 (1.000)
                         : -------------------------------------------------------------------------------------------------------------------
                         : 
Dataset:dataset          : Created tree 'TestTree' with 57757240 events
                         : 
Dataset:dataset          : Created tree 'TrainTree' with 120000 events
                         : 
Factory                  : [1mThank you for using TMVA![0m
                         : [1mFor citation information, please visit: http://tmva.sf.net/citeTMVA.html[0m
==> Wrote root file: /afs/cern.ch/user/n/niharrin/work/public/MA/Analysis/source/365/categories/ZqqH/TMVA/bjH/output/TMVAClassification.root
==> TMVAClassification is done!
(int) 0
