Setting up the latest Key4HEP software stack from CVMFS ...
 ...  Key4HEP release: key4hep-stack/2022-04-25
 ... Use the following command to reproduce the current environment: 
 ... 
         source /cvmfs/sw.hsf.org/spackages5/key4hep-stack/2022-04-25/x86_64-centos7-gcc11.2.0-opt/4652u/setup.sh
 ... 
 ... done. 
   ------------------------------------------------------------------
  | Welcome to ROOT 6.26/02                        https://root.cern |
  | (c) 1995-2021, The ROOT Team; conception: R. Brun, F. Rademakers |
  | Built for linuxx8664gcc on Apr 12 2022, 16:28:03                 |
  | From tags/v6-26-02@v6-26-02                                      |
  | With g++ (Spack GCC) 11.2.0                                      |
  | Try '.help', '.demo', '.license', '.credits', '.quit'/'.q'       |
   ------------------------------------------------------------------


Processing TMVA_bbH_classification.C...

==> Start TMVAClassification
DataSetInfo              : [dataset] : Added class "Signal"
                         : Add Tree events of type Signal with 2000000 events
DataSetInfo              : [dataset] : Added class "Background"
                         : Add Tree events of type Background with 59500000 events
                         : Add Tree events of type Background with 5000000 events
                         : Add Tree events of type Background with 5000000 events
Factory                  : Booking method: [1mBDT[0m
                         : 
                         : Rebuilding Dataset dataset
                         : Building event vectors for type 2 Signal
                         : Dataset[dataset] :  create input formulas for tree events
                         : Building event vectors for type 2 Background
                         : Dataset[dataset] :  create input formulas for tree events
                         : Building event vectors for type 2 Background
                         : Dataset[dataset] :  create input formulas for tree events
                         : Building event vectors for type 2 Background
                         : Dataset[dataset] :  create input formulas for tree events
<WARNING>                : Found events with NaN and/or +-inf values
<WARNING>                : Dataset[dataset] : Input expression resolves to indeterminate value (NaN): zed_hadronic_subjets_acollPaPb[0] (188 times)
<WARNING>                : These NaN and/or +-infs were all removed by the specified cut, continuing.
                         : 
DataSetFactory           : [dataset] : Number of events in input trees
                         : Dataset[dataset] :     Signal     requirement: "!(!((selected_muons_pt@.size()) == 2) && (selected_electrons_pt@.size()) == 2) && !(!((selected_electrons_pt@.size()) == 2) && (selected_muons_pt@.size()) == 2) && (zed_hadronic_subjets_btag@.size()) > 1 && zed_hadronic_subjets_btag[0] == 1 && zed_hadronic_subjets_btag[1] == 1 && !((zed_hadronic_subjets_btag[0] == 1 && zed_hadronic_subjets_btag[1] == 0) || (zed_hadronic_subjets_btag[0] == 0 && zed_hadronic_subjets_btag[1] == 1)) && !(zed_hadronic_subjets_btag[0] == 0 && zed_hadronic_subjets_btag[1] == 0) && !(zed_hadronic_subjets_ctag[0] == 1 && zed_hadronic_subjets_ctag[1] == 1) && !((zed_hadronic_subjets_ctag[0] == 1 && zed_hadronic_subjets_ctag[1] == 0) || (zed_hadronic_subjets_ctag[0] == 0 && zed_hadronic_subjets_ctag[1] == 1)) && TMath::Abs(zed_hadronic_m[0] - 125.) > 30 && zed_hadronic_m[0] > 86 && zed_hadronic_m[0] < 96"
                         : Dataset[dataset] :     Signal          -- number of events passed: 107734  / sum of weights: 107734
                         : Dataset[dataset] :     Signal          -- efficiency             : 0.0538685
                         : Dataset[dataset] :     Background requirement: "!(!((selected_muons_pt@.size()) == 2) && (selected_electrons_pt@.size()) == 2) && !(!((selected_electrons_pt@.size()) == 2) && (selected_muons_pt@.size()) == 2) && TMath::Abs(zed_hadronic_m[0] - 125.) > 30 && !TMath::IsNaN(zed_hadronic_subjets_acollPaPb[0])"
                         : Dataset[dataset] :     Background      -- number of events passed: 57666333  / sum of weights: 1.67772e+07
                         : Dataset[dataset] :     Background      -- efficiency             : 1     
                         : Dataset[dataset] :  you have opted for interpreting the requested number of training/testing events
                         :  to be the number of events AFTER your preselection cuts
                         : 
                         : Dataset[dataset] :  you have opted for interpreting the requested number of training/testing events
                         :  to be the number of events AFTER your preselection cuts
                         : 
                         : Number of training and testing events
                         : ---------------------------------------------------------------------------
                         : Signal     -- training events            : 20000
                         : Signal     -- testing events             : 87734
                         : Signal     -- training and testing events: 107734
                         : Dataset[dataset] : Signal     -- due to the preselection a scaling factor has been applied to the numbers of requested events: 0.0538685
                         : Background -- training events            : 120000
                         : Background -- testing events             : 57546333
                         : Background -- training and testing events: 57666333
                         : Dataset[dataset] : Background -- due to the preselection a scaling factor has been applied to the numbers of requested events: 0.881075
                         : 
DataSetInfo              : Correlation matrix (Signal):
                         : -------------------------------------------------------------------------------------------------------------------------------------------------------------------------------------------------------------------------------------------------------------------------------------------------------------------------------------------------------------------------------------------------
                         :                                   jetNo_T bjetNo_T zed_hadronic_subjets_E1_T zed_hadronic_subjets_E2_T zed_hadronic_subjets_pt1_T zed_hadronic_subjets_pt2_T zed_hadronic_subjets_acoll_T zed_hadronic_subjets_acollPaPb_T zed_hadronic_subjets_DeltaEta_T zed_hadronic_subjets_DeltaPhi_T zed_hadronic_m_T zed_hadronic_recoil_m_T zed_hadronic_pt_T missingET_e_T missingET_costheta_T jet_HT_T
                         :                          jetNo_T:  +1.000   +0.008                    -0.061                    -0.128                     -0.053                     -0.101                       -0.007                           +0.148                          +0.016                          +0.044           +0.024                  +0.237            -0.141        -0.205               -0.009   +0.130
                         :                         bjetNo_T:  +0.008   +1.000                    +0.003                    -0.074                     +0.011                     -0.071                       -0.016                           +0.047                          +0.001                          +0.009           -0.033                  +0.081            -0.076        -0.146               -0.000   +0.076
                         :        zed_hadronic_subjets_E1_T:  -0.061   +0.003                    +1.000                    -0.638                     +0.607                     -0.419                       +0.005                           -0.629                          +0.029                          -0.218           +0.046                  -0.160            +0.028        +0.012               +0.005   -0.104
                         :        zed_hadronic_subjets_E2_T:  -0.128   -0.074                    -0.638                    +1.000                     -0.315                     +0.762                       +0.005                           -0.033                          -0.117                          +0.000           -0.008                  -0.654            +0.553        -0.187               -0.005   +0.277
                         :       zed_hadronic_subjets_pt1_T:  -0.053   +0.011                    +0.607                    -0.315                     +1.000                     -0.229                       -0.002                           -0.567                          -0.478                          -0.170           +0.032                  -0.192            +0.257        -0.024               +0.008   +0.225
                         :       zed_hadronic_subjets_pt2_T:  -0.101   -0.071                    -0.419                    +0.762                     -0.229                     +1.000                       +0.001                           -0.103                          -0.306                          +0.001           +0.002                  -0.562            +0.766        -0.199               -0.004   +0.567
                         :     zed_hadronic_subjets_acoll_T:  -0.007   -0.016                    +0.005                    +0.005                     -0.002                     +0.001                       +1.000                           -0.005                          +0.001                          +0.004           -0.004                  -0.012            +0.001        +0.011               -0.058   -0.008
                         : zed_hadronic_subjets_acollPaPb_T:  +0.148   +0.047                    -0.629                    -0.033                     -0.567                     -0.103                       -0.005                           +1.000                          +0.159                          +0.309           +0.074                  +0.635            -0.520        +0.113               +0.001   -0.159
                         :  zed_hadronic_subjets_DeltaEta_T:  +0.016   +0.001                    +0.029                    -0.117                     -0.478                     -0.306                       +0.001                           +0.159                          +1.000                          -0.198           +0.008                  +0.120            -0.171        +0.053               -0.004   -0.337
                         :  zed_hadronic_subjets_DeltaPhi_T:  +0.044   +0.009                    -0.218                    +0.000                     -0.170                     +0.001                       +0.004                           +0.309                          -0.198                          +1.000           +0.021                  +0.207            -0.290        +0.055               -0.002   -0.089
                         :                 zed_hadronic_m_T:  +0.024   -0.033                    +0.046                    -0.008                     +0.032                     +0.002                       -0.004                           +0.074                          +0.008                          +0.021           +1.000                  -0.009            -0.026        -0.012               +0.008   +0.014
                         :          zed_hadronic_recoil_m_T:  +0.237   +0.081                    -0.160                    -0.654                     -0.192                     -0.562                       -0.012                           +0.635                          +0.120                          +0.207           -0.009                  +1.000            -0.727        +0.226               +0.001   -0.253
                         :                zed_hadronic_pt_T:  -0.141   -0.076                    +0.028                    +0.553                     +0.257                     +0.766                       +0.001                           -0.520                          -0.171                          -0.290           -0.026                  -0.727            +1.000        -0.218               +0.000   +0.618
                         :                    missingET_e_T:  -0.205   -0.146                    +0.012                    -0.187                     -0.024                     -0.199                       +0.011                           +0.113                          +0.053                          +0.055           -0.012                  +0.226            -0.218        +1.000               -0.003   -0.564
                         :             missingET_costheta_T:  -0.009   -0.000                    +0.005                    -0.005                     +0.008                     -0.004                       -0.058                           +0.001                          -0.004                          -0.002           +0.008                  +0.001            +0.000        -0.003               +1.000   -0.002
                         :                         jet_HT_T:  +0.130   +0.076                    -0.104                    +0.277                     +0.225                     +0.567                       -0.008                           -0.159                          -0.337                          -0.089           +0.014                  -0.253            +0.618        -0.564               -0.002   +1.000
                         : -------------------------------------------------------------------------------------------------------------------------------------------------------------------------------------------------------------------------------------------------------------------------------------------------------------------------------------------------------------------------------------------------
DataSetInfo              : Correlation matrix (Background):
                         : -------------------------------------------------------------------------------------------------------------------------------------------------------------------------------------------------------------------------------------------------------------------------------------------------------------------------------------------------------------------------------------------------
                         :                                   jetNo_T bjetNo_T zed_hadronic_subjets_E1_T zed_hadronic_subjets_E2_T zed_hadronic_subjets_pt1_T zed_hadronic_subjets_pt2_T zed_hadronic_subjets_acoll_T zed_hadronic_subjets_acollPaPb_T zed_hadronic_subjets_DeltaEta_T zed_hadronic_subjets_DeltaPhi_T zed_hadronic_m_T zed_hadronic_recoil_m_T zed_hadronic_pt_T missingET_e_T missingET_costheta_T jet_HT_T
                         :                          jetNo_T:  +1.000   +0.015                    -0.367                    +0.029                     -0.264                     +0.202                       +0.001                           +0.006                          -0.068                          -0.277           -0.248                  +0.274            +0.558        -0.489               -0.001   +0.418
                         :                         bjetNo_T:  +0.015   +1.000                    -0.048                    -0.043                     -0.049                     -0.037                       -0.002                           -0.035                          -0.014                          +0.010           -0.055                  +0.105            -0.005        +0.008               +0.005   -0.034
                         :        zed_hadronic_subjets_E1_T:  -0.367   -0.048                    +1.000                    -0.243                     +0.651                     +0.160                       +0.004                           +0.163                          -0.018                          +0.115           +0.646                  -0.398            -0.337        -0.006               -0.004   +0.098
                         :        zed_hadronic_subjets_E2_T:  +0.029   -0.043                    -0.243                    +1.000                     +0.299                     +0.501                       +0.001                           +0.335                          +0.031                          -0.018           +0.439                  -0.540            +0.226        -0.205               -0.003   +0.409
                         :       zed_hadronic_subjets_pt1_T:  -0.264   -0.049                    +0.651                    +0.299                     +1.000                     +0.560                       +0.002                           +0.406                          -0.257                          +0.051           +0.839                  -0.433            -0.151        -0.210               -0.003   +0.489
                         :       zed_hadronic_subjets_pt2_T:  +0.202   -0.037                    +0.160                    +0.501                     +0.560                     +1.000                       +0.002                           +0.441                          -0.356                          -0.153           +0.533                  -0.317            +0.619        -0.564               -0.003   +0.924
                         :     zed_hadronic_subjets_acoll_T:  +0.001   -0.002                    +0.004                    +0.001                     +0.002                     +0.002                       +1.000                           +0.003                          +0.003                          -0.000           +0.003                  -0.004            +0.001        -0.002               -0.723   +0.003
                         : zed_hadronic_subjets_acollPaPb_T:  +0.006   -0.035                    +0.163                    +0.335                     +0.406                     +0.441                       +0.003                           +1.000                          +0.423                          +0.100           +0.689                  +0.078            -0.007        -0.468               -0.003   +0.345
                         :  zed_hadronic_subjets_DeltaEta_T:  -0.068   -0.014                    -0.018                    +0.031                     -0.257                     -0.356                       +0.003                           +0.423                          +1.000                          -0.013           +0.130                  +0.166            -0.223        -0.049               -0.001   -0.349
                         :  zed_hadronic_subjets_DeltaPhi_T:  -0.277   +0.010                    +0.115                    -0.018                     +0.051                     -0.153                       -0.000                           +0.100                          -0.013                          +1.000           +0.107                  -0.037            -0.447        +0.270               -0.001   -0.282
                         :                 zed_hadronic_m_T:  -0.248   -0.055                    +0.646                    +0.439                     +0.839                     +0.533                       +0.003                           +0.689                          +0.130                          +0.107           +1.000                  -0.423            -0.169        -0.317               -0.004   +0.414
                         :          zed_hadronic_recoil_m_T:  +0.274   +0.105                    -0.398                    -0.540                     -0.433                     -0.317                       -0.004                           +0.078                          +0.166                          -0.037           -0.423                  +1.000            +0.014        -0.091               +0.007   -0.231
                         :                zed_hadronic_pt_T:  +0.558   -0.005                    -0.337                    +0.226                     -0.151                     +0.619                       +0.001                           -0.007                          -0.223                          -0.447           -0.169                  +0.014            +1.000        -0.554               -0.001   +0.726
                         :                    missingET_e_T:  -0.489   +0.008                    -0.006                    -0.205                     -0.210                     -0.564                       -0.002                           -0.468                          -0.049                          +0.270           -0.317                  -0.091            -0.554        +1.000               +0.001   -0.673
                         :             missingET_costheta_T:  -0.001   +0.005                    -0.004                    -0.003                     -0.003                     -0.003                       -0.723                           -0.003                          -0.001                          -0.001           -0.004                  +0.007            -0.001        +0.001               +1.000   -0.003
                         :                         jet_HT_T:  +0.418   -0.034                    +0.098                    +0.409                     +0.489                     +0.924                       +0.003                           +0.345                          -0.349                          -0.282           +0.414                  -0.231            +0.726        -0.673               -0.003   +1.000
                         : -------------------------------------------------------------------------------------------------------------------------------------------------------------------------------------------------------------------------------------------------------------------------------------------------------------------------------------------------------------------------------------------------
DataSetFactory           : [dataset] :  
                         : 
Factory                  : [1mTrain all methods[0m
Factory                  : [dataset] : Create Transformation "I" with events from all classes.
                         : 
                         : Transformation, Variable selection : 
                         : Input : variable 'jetNo_T' <---> Output : variable 'jetNo_T'
                         : Input : variable 'bjetNo_T' <---> Output : variable 'bjetNo_T'
                         : Input : variable 'zed_hadronic_subjets_E1_T' <---> Output : variable 'zed_hadronic_subjets_E1_T'
                         : Input : variable 'zed_hadronic_subjets_E2_T' <---> Output : variable 'zed_hadronic_subjets_E2_T'
                         : Input : variable 'zed_hadronic_subjets_pt1_T' <---> Output : variable 'zed_hadronic_subjets_pt1_T'
                         : Input : variable 'zed_hadronic_subjets_pt2_T' <---> Output : variable 'zed_hadronic_subjets_pt2_T'
                         : Input : variable 'zed_hadronic_subjets_acoll_T' <---> Output : variable 'zed_hadronic_subjets_acoll_T'
                         : Input : variable 'zed_hadronic_subjets_acollPaPb_T' <---> Output : variable 'zed_hadronic_subjets_acollPaPb_T'
                         : Input : variable 'zed_hadronic_subjets_DeltaEta_T' <---> Output : variable 'zed_hadronic_subjets_DeltaEta_T'
                         : Input : variable 'zed_hadronic_subjets_DeltaPhi_T' <---> Output : variable 'zed_hadronic_subjets_DeltaPhi_T'
                         : Input : variable 'zed_hadronic_m_T' <---> Output : variable 'zed_hadronic_m_T'
                         : Input : variable 'zed_hadronic_recoil_m_T' <---> Output : variable 'zed_hadronic_recoil_m_T'
                         : Input : variable 'zed_hadronic_pt_T' <---> Output : variable 'zed_hadronic_pt_T'
                         : Input : variable 'missingET_e_T' <---> Output : variable 'missingET_e_T'
                         : Input : variable 'missingET_costheta_T' <---> Output : variable 'missingET_costheta_T'
                         : Input : variable 'jet_HT_T' <---> Output : variable 'jet_HT_T'
Factory                  : [dataset] : Create Transformation "P" with events from all classes.
                         : 
                         : Transformation, Variable selection : 
                         : Input : variable 'jetNo_T' <---> Output : variable 'jetNo_T'
                         : Input : variable 'bjetNo_T' <---> Output : variable 'bjetNo_T'
                         : Input : variable 'zed_hadronic_subjets_E1_T' <---> Output : variable 'zed_hadronic_subjets_E1_T'
                         : Input : variable 'zed_hadronic_subjets_E2_T' <---> Output : variable 'zed_hadronic_subjets_E2_T'
                         : Input : variable 'zed_hadronic_subjets_pt1_T' <---> Output : variable 'zed_hadronic_subjets_pt1_T'
                         : Input : variable 'zed_hadronic_subjets_pt2_T' <---> Output : variable 'zed_hadronic_subjets_pt2_T'
                         : Input : variable 'zed_hadronic_subjets_acoll_T' <---> Output : variable 'zed_hadronic_subjets_acoll_T'
                         : Input : variable 'zed_hadronic_subjets_acollPaPb_T' <---> Output : variable 'zed_hadronic_subjets_acollPaPb_T'
                         : Input : variable 'zed_hadronic_subjets_DeltaEta_T' <---> Output : variable 'zed_hadronic_subjets_DeltaEta_T'
                         : Input : variable 'zed_hadronic_subjets_DeltaPhi_T' <---> Output : variable 'zed_hadronic_subjets_DeltaPhi_T'
                         : Input : variable 'zed_hadronic_m_T' <---> Output : variable 'zed_hadronic_m_T'
                         : Input : variable 'zed_hadronic_recoil_m_T' <---> Output : variable 'zed_hadronic_recoil_m_T'
                         : Input : variable 'zed_hadronic_pt_T' <---> Output : variable 'zed_hadronic_pt_T'
                         : Input : variable 'missingET_e_T' <---> Output : variable 'missingET_e_T'
                         : Input : variable 'missingET_costheta_T' <---> Output : variable 'missingET_costheta_T'
                         : Input : variable 'jet_HT_T' <---> Output : variable 'jet_HT_T'
Factory                  : [dataset] : Create Transformation "G" with events from all classes.
                         : 
                         : Transformation, Variable selection : 
                         : Input : variable 'jetNo_T' <---> Output : variable 'jetNo_T'
                         : Input : variable 'bjetNo_T' <---> Output : variable 'bjetNo_T'
                         : Input : variable 'zed_hadronic_subjets_E1_T' <---> Output : variable 'zed_hadronic_subjets_E1_T'
                         : Input : variable 'zed_hadronic_subjets_E2_T' <---> Output : variable 'zed_hadronic_subjets_E2_T'
                         : Input : variable 'zed_hadronic_subjets_pt1_T' <---> Output : variable 'zed_hadronic_subjets_pt1_T'
                         : Input : variable 'zed_hadronic_subjets_pt2_T' <---> Output : variable 'zed_hadronic_subjets_pt2_T'
                         : Input : variable 'zed_hadronic_subjets_acoll_T' <---> Output : variable 'zed_hadronic_subjets_acoll_T'
                         : Input : variable 'zed_hadronic_subjets_acollPaPb_T' <---> Output : variable 'zed_hadronic_subjets_acollPaPb_T'
                         : Input : variable 'zed_hadronic_subjets_DeltaEta_T' <---> Output : variable 'zed_hadronic_subjets_DeltaEta_T'
                         : Input : variable 'zed_hadronic_subjets_DeltaPhi_T' <---> Output : variable 'zed_hadronic_subjets_DeltaPhi_T'
                         : Input : variable 'zed_hadronic_m_T' <---> Output : variable 'zed_hadronic_m_T'
                         : Input : variable 'zed_hadronic_recoil_m_T' <---> Output : variable 'zed_hadronic_recoil_m_T'
                         : Input : variable 'zed_hadronic_pt_T' <---> Output : variable 'zed_hadronic_pt_T'
                         : Input : variable 'missingET_e_T' <---> Output : variable 'missingET_e_T'
                         : Input : variable 'missingET_costheta_T' <---> Output : variable 'missingET_costheta_T'
                         : Input : variable 'jet_HT_T' <---> Output : variable 'jet_HT_T'
TFHandler_Factory        :                         Variable                                Mean                                RMS                        [        Min                                Max ]
                         : -----------------------------------------------------------------------------------------------------------------------------------------------------------------------------------
                         :                          jetNo_T:                            2.9853                            1.1818   [                            2.0000                            10.000 ]
                         :                         bjetNo_T:                           0.64213                            1.0626   [                            0.0000                            6.0000 ]
                         :        zed_hadronic_subjets_E1_T:                            65.357                            46.773   [                            5.0478                            189.66 ]
                         :        zed_hadronic_subjets_E2_T:                            109.71                            46.071   [                            5.3999                            197.13 ]
                         :       zed_hadronic_subjets_pt1_T:                            34.743                            29.390   [                            5.0000                            186.70 ]
                         :       zed_hadronic_subjets_pt2_T:                            60.842                            39.530   [                            5.1014                            196.90 ]
                         :     zed_hadronic_subjets_acoll_T:                        -0.0075078                            1.5135   [                           -2.6404                            2.6410 ]
                         : zed_hadronic_subjets_acollPaPb_T:                            1.5666                           0.67079   [                           0.50058                            3.1416 ]
                         :  zed_hadronic_subjets_DeltaEta_T:                            1.3078                           0.93133   [                        6.3567e-06                            6.6308 ]
                         :  zed_hadronic_subjets_DeltaPhi_T:                            2.7386                            1.0476   [                        0.00013347                            6.2561 ]
                         :                 zed_hadronic_m_T:                            101.52                            70.623   [                            3.9926                            381.30 ]
                         :          zed_hadronic_recoil_m_T:                            116.62                            85.464   [                           -87.489                            352.95 ]
                         :                zed_hadronic_pt_T:                            42.016                            48.036   [                          0.013987                            184.77 ]
                         :                    missingET_e_T:                            83.993                            68.430   [                          0.042976                            186.98 ]
                         :             missingET_costheta_T:                         0.0025285                           0.87140   [                           -1.0000                            1.0000 ]
                         :                         jet_HT_T:                            143.32                            96.457   [                            10.176                            377.39 ]
                         : -----------------------------------------------------------------------------------------------------------------------------------------------------------------------------------
                         : Preparing the Principle Component (PCA) transformation...
TFHandler_Factory        :                         Variable                                Mean                                RMS                        [        Min                                Max ]
                         : -----------------------------------------------------------------------------------------------------------------------------------------------------------------------------------
                         :                          jetNo_T:                       -1.8438e-09                            126.90   [                           -236.03                            371.39 ]
                         :                         bjetNo_T:                       -4.9308e-09                            102.62   [                           -238.04                            255.88 ]
                         :        zed_hadronic_subjets_E1_T:                        3.6147e-09                            65.999   [                           -164.60                            232.11 ]
                         :        zed_hadronic_subjets_E2_T:                       -3.1341e-09                            45.563   [                           -137.23                            114.03 ]
                         :       zed_hadronic_subjets_pt1_T:                       -1.7289e-09                            39.094   [                           -185.95                            117.46 ]
                         :       zed_hadronic_subjets_pt2_T:                       -1.4742e-09                            19.493   [                           -106.25                            104.22 ]
                         :     zed_hadronic_subjets_acoll_T:                        7.7335e-10                            13.133   [                           -63.660                            43.760 ]
                         : zed_hadronic_subjets_acollPaPb_T:                       -7.5470e-10                            11.515   [                           -53.270                            74.913 ]
                         :  zed_hadronic_subjets_DeltaEta_T:                       -2.6489e-10                            6.6702   [                           -38.487                            18.667 ]
                         :  zed_hadronic_subjets_DeltaPhi_T:                        1.4150e-10                            1.6444   [                           -2.8403                            2.8270 ]
                         :                 zed_hadronic_m_T:                       -6.2990e-11                           0.94026   [                           -4.0950                            5.4384 ]
                         :          zed_hadronic_recoil_m_T:                        3.2680e-11                           0.87687   [                           -2.9760                            5.9825 ]
                         :                zed_hadronic_pt_T:                       -7.8062e-11                           0.64535   [                           -5.2237                            3.2807 ]
                         :                    missingET_e_T:                       -2.6853e-11                           0.58806   [                           -2.0087                            1.9817 ]
                         :             missingET_costheta_T:                        7.0901e-11                           0.55685   [                           -2.2831                            2.9953 ]
                         :                         jet_HT_T:                       -2.7411e-11                           0.22664   [                           -1.1584                            1.2358 ]
                         : -----------------------------------------------------------------------------------------------------------------------------------------------------------------------------------
                         : Preparing the Gaussian transformation...
TFHandler_Factory        :                         Variable                                Mean                                RMS                        [        Min                                Max ]
                         : -----------------------------------------------------------------------------------------------------------------------------------------------------------------------------------
                         :                          jetNo_T:                           0.18634                           0.87316   [                          -0.62332                            5.7307 ]
                         :                         bjetNo_T:                           -2.5903                            2.1231   [                           -4.0685                            5.7307 ]
                         :        zed_hadronic_subjets_E1_T:                         0.0034967                           0.99788   [                           -3.3018                            5.7307 ]
                         :        zed_hadronic_subjets_E2_T:                         0.0033948                           0.99735   [                           -3.3019                            5.7307 ]
                         :       zed_hadronic_subjets_pt1_T:                         0.0033757                           0.99743   [                           -3.2056                            5.7307 ]
                         :       zed_hadronic_subjets_pt2_T:                         0.0033040                           0.99706   [                           -3.3019                            5.7307 ]
                         :     zed_hadronic_subjets_acoll_T:                         0.0038337                           0.99942   [                           -3.3014                            5.7307 ]
                         : zed_hadronic_subjets_acollPaPb_T:                         0.0035551                           0.99869   [                           -3.3000                            5.7307 ]
                         :  zed_hadronic_subjets_DeltaEta_T:                         0.0033776                           0.99758   [                           -3.2492                            5.7307 ]
                         :  zed_hadronic_subjets_DeltaPhi_T:                         0.0037074                           0.99897   [                           -3.2978                            5.7307 ]
                         :                 zed_hadronic_m_T:                         0.0034207                           0.99760   [                           -3.3019                            5.7307 ]
                         :          zed_hadronic_recoil_m_T:                         0.0038696                           0.99927   [                           -3.3019                            5.7307 ]
                         :                zed_hadronic_pt_T:                         0.0034354                           0.99756   [                           -3.3015                            5.7307 ]
                         :                    missingET_e_T:                         0.0033998                           0.99730   [                           -3.3018                            5.7307 ]
                         :             missingET_costheta_T:                          -0.11535                            1.0395   [                           -3.4916                            1.2838 ]
                         :                         jet_HT_T:                         0.0033800                           0.99740   [                           -3.3019                            5.7307 ]
                         : -----------------------------------------------------------------------------------------------------------------------------------------------------------------------------------
                         : Ranking input variables (method unspecific)...
IdTransformation         : Ranking result (top variable is best ranked)
                         : ---------------------------------------------------------
                         : Rank : Variable                         : Separation
                         : ---------------------------------------------------------
                         :    1 : jetNo_T                          : 7.064e-01
                         :    2 : bjetNo_T                         : 6.647e-01
                         :    3 : jet_HT_T                         : 5.318e-01
                         :    4 : zed_hadronic_pt_T                : 4.997e-01
                         :    5 : zed_hadronic_recoil_m_T          : 4.546e-01
                         :    6 : zed_hadronic_m_T                 : 3.987e-01
                         :    7 : zed_hadronic_subjets_pt2_T       : 3.886e-01
                         :    8 : zed_hadronic_subjets_DeltaPhi_T  : 3.849e-01
                         :    9 : missingET_e_T                    : 3.535e-01
                         :   10 : zed_hadronic_subjets_acoll_T     : 3.323e-01
                         :   11 : missingET_costheta_T             : 3.087e-01
                         :   12 : zed_hadronic_subjets_acollPaPb_T : 2.671e-01
                         :   13 : zed_hadronic_subjets_E2_T        : 2.268e-01
                         :   14 : zed_hadronic_subjets_E1_T        : 2.200e-01
                         :   15 : zed_hadronic_subjets_pt1_T       : 1.133e-01
                         :   16 : zed_hadronic_subjets_DeltaEta_T  : 5.426e-02
                         : ---------------------------------------------------------
Factory                  : Train method: BDT for Classification
                         : 
BDT                      : #events: (reweighted) sig: 70000 bkg: 70000
                         : #events: (unweighted) sig: 20000 bkg: 120000
                         : Training 800 Decision Trees ... patience please
                         : Elapsed time for training with 140000 events: 72.5 sec         
BDT                      : [dataset] : Evaluation of BDT on training sample (140000 events)
                         : Elapsed time for evaluation of 140000 events: 8.17 sec       
                         : Creating xml weight file: [0;36mdataset/weights/TMVAClassification_BDT.weights.xml[0m
                         : Creating standalone class: [0;36mdataset/weights/TMVAClassification_BDT.class.C[0m
                         : /afs/cern.ch/user/n/niharrin/work/public/MA/Analysis/source/365/categories/ZqqH/TMVA/bbH/output/TMVAClassification.root:/dataset/Method_BDT/BDT
Factory                  : Training finished
                         : 
                         : Ranking input variables (method specific)...
BDT                      : Ranking result (top variable is best ranked)
                         : ------------------------------------------------------------------
                         : Rank : Variable                         : Variable Importance
                         : ------------------------------------------------------------------
                         :    1 : jetNo_T                          : 1.440e-01
                         :    2 : bjetNo_T                         : 1.362e-01
                         :    3 : zed_hadronic_m_T                 : 1.279e-01
                         :    4 : zed_hadronic_recoil_m_T          : 9.140e-02
                         :    5 : jet_HT_T                         : 7.118e-02
                         :    6 : missingET_e_T                    : 6.662e-02
                         :    7 : zed_hadronic_pt_T                : 6.497e-02
                         :    8 : zed_hadronic_subjets_acollPaPb_T : 5.497e-02
                         :    9 : missingET_costheta_T             : 5.196e-02
                         :   10 : zed_hadronic_subjets_acoll_T     : 3.437e-02
                         :   11 : zed_hadronic_subjets_E2_T        : 3.221e-02
                         :   12 : zed_hadronic_subjets_pt2_T       : 2.792e-02
                         :   13 : zed_hadronic_subjets_DeltaPhi_T  : 2.526e-02
                         :   14 : zed_hadronic_subjets_pt1_T       : 2.415e-02
                         :   15 : zed_hadronic_subjets_E1_T        : 2.388e-02
                         :   16 : zed_hadronic_subjets_DeltaEta_T  : 2.300e-02
                         : ------------------------------------------------------------------
Factory                  : === Destroy and recreate all methods via weight files for testing ===
                         : 
                         : Reading weight file: [0;36mdataset/weights/TMVAClassification_BDT.weights.xml[0m
Factory                  : [1mTest all methods[0m
Factory                  : Test method: BDT for Classification performance
                         : 
BDT                      : [dataset] : Evaluation of BDT on testing sample (57634067 events)
                         : Elapsed time for evaluation of 57634067 events: 3.04e+03 sec       
Factory                  : [1mEvaluate all methods[0m
Factory                  : Evaluate classifier: BDT
                         : 
BDT                      : [dataset] : Loop over test events and fill histograms with classifier response...
                         : 
TFHandler_BDT            :                         Variable                                Mean                                RMS                        [        Min                                Max ]
                         : -----------------------------------------------------------------------------------------------------------------------------------------------------------------------------------
                         :                          jetNo_T:                            2.6728                           0.88164   [                            2.0000                            12.000 ]
                         :                         bjetNo_T:                           0.33437                           0.66959   [                            0.0000                            7.0000 ]
                         :        zed_hadronic_subjets_E1_T:                            67.883                            49.127   [                            5.0013                            194.87 ]
                         :        zed_hadronic_subjets_E2_T:                            111.75                            48.100   [                            5.0576                            202.19 ]
                         :       zed_hadronic_subjets_pt1_T:                            34.670                            30.823   [                            5.0000                            190.26 ]
                         :       zed_hadronic_subjets_pt2_T:                            57.348                            40.183   [                            5.0026                            197.96 ]
                         :     zed_hadronic_subjets_acoll_T:                         0.0016910                            1.5962   [                           -2.6648                            2.6758 ]
                         : zed_hadronic_subjets_acollPaPb_T:                            1.5584                           0.70250   [                           0.45481                            3.1416 ]
                         :  zed_hadronic_subjets_DeltaEta_T:                            1.3524                           0.95736   [                        1.3587e-08                            8.3255 ]
                         :  zed_hadronic_subjets_DeltaPhi_T:                            2.8439                           0.92041   [                        4.8700e-08                            6.2815 ]
                         :                 zed_hadronic_m_T:                            103.09                            75.739   [                            2.9048                            388.89 ]
                         :          zed_hadronic_recoil_m_T:                            106.15                            86.046   [                           -112.44                            354.59 ]
                         :                zed_hadronic_pt_T:                            33.778                            44.693   [                        0.00092642                            191.86 ]
                         :                    missingET_e_T:                            93.436                            68.732   [                          0.011574                            194.14 ]
                         :             missingET_costheta_T:                        -0.0021172                           0.90220   [                           -1.0000                            1.0000 ]
                         :                         jet_HT_T:                            125.42                            90.104   [                            10.003                            384.13 ]
                         : -----------------------------------------------------------------------------------------------------------------------------------------------------------------------------------
                         : 
                         : Evaluation results ranked by best signal efficiency and purity (area)
                         : -------------------------------------------------------------------------------------------------------------------
                         : DataSet       MVA                       
                         : Name:         Method:          ROC-integ
                         : dataset       BDT            : 0.998
                         : -------------------------------------------------------------------------------------------------------------------
                         : 
                         : Testing efficiency compared to training efficiency (overtraining check)
                         : -------------------------------------------------------------------------------------------------------------------
                         : DataSet              MVA              Signal efficiency: from test sample (from training sample) 
                         : Name:                Method:          @B=0.01             @B=0.10            @B=0.30   
                         : -------------------------------------------------------------------------------------------------------------------
                         : dataset              BDT            : 0.969 (0.971)       1.000 (1.000)      1.000 (1.000)
                         : -------------------------------------------------------------------------------------------------------------------
                         : 
Dataset:dataset          : Created tree 'TestTree' with 57634067 events
                         : 
Dataset:dataset          : Created tree 'TrainTree' with 140000 events
                         : 
Factory                  : [1mThank you for using TMVA![0m
                         : [1mFor citation information, please visit: http://tmva.sf.net/citeTMVA.html[0m
==> Wrote root file: /afs/cern.ch/user/n/niharrin/work/public/MA/Analysis/source/365/categories/ZqqH/TMVA/bbH/output/TMVAClassification.root
==> TMVAClassification is done!
(int) 0
