000 (7059795.000.000) 04/13 11:31:47 Job submitted from host: <137.138.120.116:9618?addrs=137.138.120.116-9618+[2001-1458-d00-16--17b]-9618&alias=bigbird12.cern.ch&noUDP&sock=schedd_1884_d884>
...
009 (7059795.000.000) 04/13 11:32:04 Job was aborted.
	via condor_rm (by user niharrin)
...
000 (7059796.000.000) 04/13 11:32:37 Job submitted from host: <137.138.120.116:9618?addrs=137.138.120.116-9618+[2001-1458-d00-16--17b]-9618&alias=bigbird12.cern.ch&noUDP&sock=schedd_1884_d884>
...
040 (7059796.000.000) 04/13 11:33:31 Started transferring input files
	Transferring to host: <188.184.195.229:9618?addrs=188.184.195.229-9618+[2001-1458-301-72--100-6a]-9618&alias=b7g47n9785.cern.ch&noUDP&sock=slot1_1_7357_6c04_113836>
...
040 (7059796.000.000) 04/13 11:33:31 Finished transferring input files
...
001 (7059796.000.000) 04/13 11:33:32 Job executing on host: <188.184.195.229:9618?addrs=188.184.195.229-9618+[2001-1458-301-72--100-6a]-9618&alias=b7g47n9785.cern.ch&noUDP&sock=startd_6780_1833>
...
006 (7059796.000.000) 04/13 11:33:41 Image size of job updated: 193696
	101  -  MemoryUsage of job (MB)
	103164  -  ResidentSetSize of job (KB)
...
006 (7059796.000.000) 04/13 11:38:42 Image size of job updated: 1119744
	617  -  MemoryUsage of job (MB)
	631172  -  ResidentSetSize of job (KB)
...
006 (7059796.000.000) 04/13 11:43:43 Image size of job updated: 1625560
	1191  -  MemoryUsage of job (MB)
	1218680  -  ResidentSetSize of job (KB)
...
006 (7059796.000.000) 04/13 11:48:43 Image size of job updated: 2682364
	2120  -  MemoryUsage of job (MB)
	2169980  -  ResidentSetSize of job (KB)
...
006 (7059796.000.000) 04/13 11:52:20 Image size of job updated: 2709300
	2120  -  MemoryUsage of job (MB)
	2169980  -  ResidentSetSize of job (KB)
...
040 (7059796.000.000) 04/13 11:52:20 Started transferring output files
...
040 (7059796.000.000) 04/13 11:52:20 Finished transferring output files
...
005 (7059796.000.000) 04/13 11:52:20 Job terminated.
	(1) Normal termination (return value 0)
		Usr 0 00:10:12, Sys 0 00:00:22  -  Run Remote Usage
		Usr 0 00:00:00, Sys 0 00:00:00  -  Run Local Usage
		Usr 0 00:10:12, Sys 0 00:00:22  -  Total Remote Usage
		Usr 0 00:00:00, Sys 0 00:00:00  -  Total Local Usage
	54608  -  Run Bytes Sent By Job
	330  -  Run Bytes Received By Job
	54608  -  Total Bytes Sent By Job
	330  -  Total Bytes Received By Job
	Partitionable Resources :    Usage  Request Allocated Assigned
	   Cpus                 :     1.00        1         1 
	   Disk (KB)            :    89           1    170640 
	   Gpus (Average)       :                 1         1 "CUDA0"
	   Memory (MB)          :  2120        2000      2000 

	Job terminated of its own accord at 2022-04-13T09:52:20Z.
...
