The system is: Linux - 3.10.0-1160.59.1.el7.x86_64 - x86_64
Compiling the CXX compiler identification source file "CMakeCXXCompilerId.cpp" succeeded.
Compiler: /cvmfs/sw.hsf.org/contrib/gcc/11.2.0/x86_64-centos7-gcc8.3.0-opt/d3epy/bin/g++ 
Build flags: 
Id flags:  

The output was:
0


Compilation of the CXX compiler identification source "CMakeCXXCompilerId.cpp" produced "a.out"

The CXX compiler identification is GNU, found in "/afs/cern.ch/user/n/niharrin/work/public/MA/FCCeePhysicsPerformance/case-studies/higgs/dataframe/build/CMakeFiles/3.22.3/CompilerIdCXX/a.out"

Detecting CXX compiler ABI info compiled with the following output:
Change Dir: /afs/cern.ch/user/n/niharrin/work/public/MA/FCCeePhysicsPerformance/case-studies/higgs/dataframe/build/CMakeFiles/CMakeTmp

Run Build Command(s):/cvmfs/sw.hsf.org/spackages5/gmake/4.3/x86_64-centos7-gcc11.2.0-opt/de2qd/bin/gmake -f Makefile cmTC_c8e64/fast && /cvmfs/sw.hsf.org/spackages5/gmake/4.3/x86_64-centos7-gcc11.2.0-opt/de2qd/bin/gmake  -f CMakeFiles/cmTC_c8e64.dir/build.make CMakeFiles/cmTC_c8e64.dir/build
gmake[1]: Entering directory '/afs/cern.ch/work/n/niharrin/public/MA/FCCeePhysicsPerformance/case-studies/higgs/dataframe/build/CMakeFiles/CMakeTmp'
Building CXX object CMakeFiles/cmTC_c8e64.dir/CMakeCXXCompilerABI.cpp.o
/cvmfs/sw.hsf.org/contrib/gcc/11.2.0/x86_64-centos7-gcc8.3.0-opt/d3epy/bin/g++   -v -o CMakeFiles/cmTC_c8e64.dir/CMakeCXXCompilerABI.cpp.o -c /cvmfs/sw.hsf.org/spackages5/cmake/3.22.3/x86_64-centos7-gcc11.2.0-opt/hakbz/share/cmake-3.22/Modules/CMakeCXXCompilerABI.cpp
Reading specs from /cvmfs/sw.hsf.org/contrib/gcc/11.2.0/x86_64-centos7-gcc8.3.0-opt/d3epy/lib/gcc/x86_64-pc-linux-gnu/11.2.0/specs
COLLECT_GCC=/cvmfs/sw.hsf.org/contrib/gcc/11.2.0/x86_64-centos7-gcc8.3.0-opt/d3epy/bin/g++
Target: x86_64-pc-linux-gnu
Configured with: /cvmfs/tmp/spack-stage/gitlab-runner/spack-stage-gcc-11.2.0-d3epy26u67bpnue25hogqqds4lsmpsyl/spack-src/configure --prefix=/cvmfs/sw.hsf.org/contrib/gcc/11.2.0/x86_64-centos7-gcc8.3.0-opt/d3epy --with-pkgversion='Spack GCC' --with-bugurl=https://github.com/spack/spack/issues --disable-multilib --enable-languages=c,c++,fortran --disable-nls --with-system-zlib --with-zstd-include=/cvmfs/sw.hsf.org/contrib/zstd/1.5.2/x86_64-centos7-gcc8.3.0-opt/gyvle/include --with-zstd-lib=/cvmfs/sw.hsf.org/contrib/zstd/1.5.2/x86_64-centos7-gcc8.3.0-opt/gyvle/lib --with-gnu-ld --with-ld=/cvmfs/sw.hsf.org/contrib/binutils/2.38/x86_64-centos7-gcc8.3.0-opt/pv4x2/bin/ld --with-gnu-as --with-as=/cvmfs/sw.hsf.org/contrib/binutils/2.38/x86_64-centos7-gcc8.3.0-opt/pv4x2/bin/as --enable-bootstrap --with-mpfr-include=/cvmfs/sw.hsf.org/contrib/mpfr/4.1.0/x86_64-centos7-gcc8.3.0-opt/nap2w/include --with-mpfr-lib=/cvmfs/sw.hsf.org/contrib/mpfr/4.1.0/x86_64-centos7-gcc8.3.0-opt/nap2w/lib --with-gmp-include=/cvmfs/sw.hsf.org/spackages4/gmp/6.2.1/x86_64-centos7-gcc8.3.0-opt/kmoxdnw/include --with-gmp-lib=/cvmfs/sw.hsf.org/spackages4/gmp/6.2.1/x86_64-centos7-gcc8.3.0-opt/kmoxdnw/lib --with-mpc-include=/cvmfs/sw.hsf.org/contrib/mpc/1.2.1/x86_64-centos7-gcc8.3.0-opt/h6vqb/include --with-mpc-lib=/cvmfs/sw.hsf.org/contrib/mpc/1.2.1/x86_64-centos7-gcc8.3.0-opt/h6vqb/lib --without-isl --with-stage1-ldflags='-Wl,-rpath,/cvmfs/sw.hsf.org/contrib/gcc/11.2.0/x86_64-centos7-gcc8.3.0-opt/d3epy/lib -Wl,-rpath,/cvmfs/sw.hsf.org/contrib/gcc/11.2.0/x86_64-centos7-gcc8.3.0-opt/d3epy/lib64 -Wl,-rpath,/cvmfs/sw.hsf.org/contrib/binutils/2.38/x86_64-centos7-gcc8.3.0-opt/pv4x2/lib -Wl,-rpath,/cvmfs/sw.hsf.org/spackages4/gmp/6.2.1/x86_64-centos7-gcc8.3.0-opt/kmoxdnw/lib -Wl,-rpath,/cvmfs/sw.hsf.org/contrib/mpc/1.2.1/x86_64-centos7-gcc8.3.0-opt/h6vqb/lib -Wl,-rpath,/cvmfs/sw.hsf.org/contrib/mpfr/4.1.0/x86_64-centos7-gcc8.3.0-opt/nap2w/lib -Wl,-rpath,/cvmfs/sw.hsf.org/contrib/zlib/1.2.11/x86_64-centos7-gcc8.3.0-opt/nai3lnragjqssh3stzbbn42mhkuskmik/lib -Wl,-rpath,/cvmfs/sw.hsf.org/contrib/zstd/1.5.2/x86_64-centos7-gcc8.3.0-opt/gyvle/lib' --with-boot-ldflags='-Wl,-rpath,/cvmfs/sw.hsf.org/contrib/gcc/11.2.0/x86_64-centos7-gcc8.3.0-opt/d3epy/lib -Wl,-rpath,/cvmfs/sw.hsf.org/contrib/gcc/11.2.0/x86_64-centos7-gcc8.3.0-opt/d3epy/lib64 -Wl,-rpath,/cvmfs/sw.hsf.org/contrib/binutils/2.38/x86_64-centos7-gcc8.3.0-opt/pv4x2/lib -Wl,-rpath,/cvmfs/sw.hsf.org/spackages4/gmp/6.2.1/x86_64-centos7-gcc8.3.0-opt/kmoxdnw/lib -Wl,-rpath,/cvmfs/sw.hsf.org/contrib/mpc/1.2.1/x86_64-centos7-gcc8.3.0-opt/h6vqb/lib -Wl,-rpath,/cvmfs/sw.hsf.org/contrib/mpfr/4.1.0/x86_64-centos7-gcc8.3.0-opt/nap2w/lib -Wl,-rpath,/cvmfs/sw.hsf.org/contrib/zlib/1.2.11/x86_64-centos7-gcc8.3.0-opt/nai3lnragjqssh3stzbbn42mhkuskmik/lib -Wl,-rpath,/cvmfs/sw.hsf.org/contrib/zstd/1.5.2/x86_64-centos7-gcc8.3.0-opt/gyvle/lib -static-libstdc++ -static-libgcc'
Thread model: posix
Supported LTO compression algorithms: zlib zstd
gcc version 11.2.0 (Spack GCC) 
COLLECT_GCC_OPTIONS='-v' '-o' 'CMakeFiles/cmTC_c8e64.dir/CMakeCXXCompilerABI.cpp.o' '-c' '-shared-libgcc' '-mtune=generic' '-march=x86-64' '-dumpdir' 'CMakeFiles/cmTC_c8e64.dir/'
 /cvmfs/sw.hsf.org/contrib/gcc/11.2.0/x86_64-centos7-gcc8.3.0-opt/d3epy/libexec/gcc/x86_64-pc-linux-gnu/11.2.0/cc1plus -quiet -v -D_GNU_SOURCE /cvmfs/sw.hsf.org/spackages5/cmake/3.22.3/x86_64-centos7-gcc11.2.0-opt/hakbz/share/cmake-3.22/Modules/CMakeCXXCompilerABI.cpp -quiet -dumpdir CMakeFiles/cmTC_c8e64.dir/ -dumpbase CMakeCXXCompilerABI.cpp.cpp -dumpbase-ext .cpp -mtune=generic -march=x86-64 -version -o /tmp/niharrin/ccd9q6nQ.s
GNU C++17 (Spack GCC) version 11.2.0 (x86_64-pc-linux-gnu)
	compiled by GNU C version 11.2.0, GMP version 6.2.1, MPFR version 4.1.0, MPC version 1.2.1, isl version none
GGC heuristics: --param ggc-min-expand=100 --param ggc-min-heapsize=131072
ignoring nonexistent directory "/cvmfs/sw.hsf.org/contrib/gcc/11.2.0/x86_64-centos7-gcc8.3.0-opt/d3epy/lib/gcc/x86_64-pc-linux-gnu/11.2.0/../../../../x86_64-pc-linux-gnu/include"
ignoring nonexistent directory "/cvmfs/sw.hsf.org/spackages5/virtest/master/x86_64-centos7-gcc11.2.0-opt/xxyeb/include/vir"
#include "..." search starts here:
#include <...> search starts here:
 /cvmfs/sw.hsf.org/spackages5/physsim/0.4.1/x86_64-centos7-gcc11.2.0-opt/yzo4c/include/physsim
 /cvmfs/sw.hsf.org/spackages5/kaldet/1.14.1/x86_64-centos7-gcc11.2.0-opt/46c7u/include/kaldet
 /cvmfs/sw.hsf.org/spackages5/kaltest/2.5/x86_64-centos7-gcc11.2.0-opt/j5txu/include/kaltest
 /cvmfs/sw.hsf.org/spackages5/py-awkward/1.4.0/x86_64-centos7-gcc11.2.0-opt/43jqv/lib/python3.9/site-packages/awkward/include
 /cvmfs/sw.hsf.org/spackages5/eigen/3.4.0/x86_64-centos7-gcc11.2.0-opt/wop4u/include/eigen3
 /cvmfs/sw.hsf.org/spackages5/lcio/2.17/x86_64-centos7-gcc11.2.0-opt/ihzfj
 /cvmfs/sw.hsf.org/spackages5/python/3.9.10/x86_64-centos7-gcc11.2.0-opt/pgllm/include/python3.9d
 .
 /cvmfs/sw.hsf.org/contrib/gcc/11.2.0/x86_64-centos7-gcc8.3.0-opt/d3epy/lib/gcc/x86_64-pc-linux-gnu/11.2.0/../../../../include/c++/11.2.0
 /cvmfs/sw.hsf.org/contrib/gcc/11.2.0/x86_64-centos7-gcc8.3.0-opt/d3epy/lib/gcc/x86_64-pc-linux-gnu/11.2.0/../../../../include/c++/11.2.0/x86_64-pc-linux-gnu
 /cvmfs/sw.hsf.org/contrib/gcc/11.2.0/x86_64-centos7-gcc8.3.0-opt/d3epy/lib/gcc/x86_64-pc-linux-gnu/11.2.0/../../../../include/c++/11.2.0/backward
 /cvmfs/sw.hsf.org/contrib/gcc/11.2.0/x86_64-centos7-gcc8.3.0-opt/d3epy/lib/gcc/x86_64-pc-linux-gnu/11.2.0/include
 /usr/local/include
 /cvmfs/sw.hsf.org/contrib/gcc/11.2.0/x86_64-centos7-gcc8.3.0-opt/d3epy/include
 /cvmfs/sw.hsf.org/contrib/gcc/11.2.0/x86_64-centos7-gcc8.3.0-opt/d3epy/lib/gcc/x86_64-pc-linux-gnu/11.2.0/include-fixed
 /usr/include
End of search list.
GNU C++17 (Spack GCC) version 11.2.0 (x86_64-pc-linux-gnu)
	compiled by GNU C version 11.2.0, GMP version 6.2.1, MPFR version 4.1.0, MPC version 1.2.1, isl version none
GGC heuristics: --param ggc-min-expand=100 --param ggc-min-heapsize=131072
Compiler executable checksum: e254f4020307c0fff83792a326fb21a0
COLLECT_GCC_OPTIONS='-v' '-o' 'CMakeFiles/cmTC_c8e64.dir/CMakeCXXCompilerABI.cpp.o' '-c' '-shared-libgcc' '-mtune=generic' '-march=x86-64' '-dumpdir' 'CMakeFiles/cmTC_c8e64.dir/'
 /cvmfs/sw.hsf.org/contrib/binutils/2.38/x86_64-centos7-gcc8.3.0-opt/pv4x2/bin/as -v --64 -o CMakeFiles/cmTC_c8e64.dir/CMakeCXXCompilerABI.cpp.o /tmp/niharrin/ccd9q6nQ.s
GNU assembler version 2.38 (x86_64-pc-linux-gnu) using BFD version (GNU Binutils) 2.38
COMPILER_PATH=/cvmfs/sw.hsf.org/contrib/gcc/11.2.0/x86_64-centos7-gcc8.3.0-opt/d3epy/libexec/gcc/x86_64-pc-linux-gnu/11.2.0/:/cvmfs/sw.hsf.org/contrib/gcc/11.2.0/x86_64-centos7-gcc8.3.0-opt/d3epy/libexec/gcc/x86_64-pc-linux-gnu/11.2.0/:/cvmfs/sw.hsf.org/contrib/gcc/11.2.0/x86_64-centos7-gcc8.3.0-opt/d3epy/libexec/gcc/x86_64-pc-linux-gnu/:/cvmfs/sw.hsf.org/contrib/gcc/11.2.0/x86_64-centos7-gcc8.3.0-opt/d3epy/lib/gcc/x86_64-pc-linux-gnu/11.2.0/:/cvmfs/sw.hsf.org/contrib/gcc/11.2.0/x86_64-centos7-gcc8.3.0-opt/d3epy/lib/gcc/x86_64-pc-linux-gnu/
LIBRARY_PATH=/cvmfs/sw.hsf.org/contrib/gcc/11.2.0/x86_64-centos7-gcc8.3.0-opt/d3epy/lib/gcc/x86_64-pc-linux-gnu/11.2.0/:/cvmfs/sw.hsf.org/contrib/gcc/11.2.0/x86_64-centos7-gcc8.3.0-opt/d3epy/lib/gcc/x86_64-pc-linux-gnu/11.2.0/../../../../lib64/:/lib/../lib64/:/usr/lib/../lib64/:/cvmfs/sw.hsf.org/spackages5/libzmq/4.3.4/x86_64-centos7-gcc11.2.0-opt/gmocg/lib/:./:/cvmfs/sw.hsf.org/contrib/gcc/11.2.0/x86_64-centos7-gcc8.3.0-opt/d3epy/lib/gcc/x86_64-pc-linux-gnu/11.2.0/../../../:/lib/:/usr/lib/
COLLECT_GCC_OPTIONS='-v' '-o' 'CMakeFiles/cmTC_c8e64.dir/CMakeCXXCompilerABI.cpp.o' '-c' '-shared-libgcc' '-mtune=generic' '-march=x86-64' '-dumpdir' 'CMakeFiles/cmTC_c8e64.dir/CMakeCXXCompilerABI.cpp.'
Linking CXX executable cmTC_c8e64
/cvmfs/sw.hsf.org/spackages5/cmake/3.22.3/x86_64-centos7-gcc11.2.0-opt/hakbz/bin/cmake -E cmake_link_script CMakeFiles/cmTC_c8e64.dir/link.txt --verbose=1
/cvmfs/sw.hsf.org/contrib/gcc/11.2.0/x86_64-centos7-gcc8.3.0-opt/d3epy/bin/g++  -v -rdynamic CMakeFiles/cmTC_c8e64.dir/CMakeCXXCompilerABI.cpp.o -o cmTC_c8e64 
Reading specs from /cvmfs/sw.hsf.org/contrib/gcc/11.2.0/x86_64-centos7-gcc8.3.0-opt/d3epy/lib/gcc/x86_64-pc-linux-gnu/11.2.0/specs
COLLECT_GCC=/cvmfs/sw.hsf.org/contrib/gcc/11.2.0/x86_64-centos7-gcc8.3.0-opt/d3epy/bin/g++
COLLECT_LTO_WRAPPER=/cvmfs/sw.hsf.org/contrib/gcc/11.2.0/x86_64-centos7-gcc8.3.0-opt/d3epy/libexec/gcc/x86_64-pc-linux-gnu/11.2.0/lto-wrapper
Target: x86_64-pc-linux-gnu
Configured with: /cvmfs/tmp/spack-stage/gitlab-runner/spack-stage-gcc-11.2.0-d3epy26u67bpnue25hogqqds4lsmpsyl/spack-src/configure --prefix=/cvmfs/sw.hsf.org/contrib/gcc/11.2.0/x86_64-centos7-gcc8.3.0-opt/d3epy --with-pkgversion='Spack GCC' --with-bugurl=https://github.com/spack/spack/issues --disable-multilib --enable-languages=c,c++,fortran --disable-nls --with-system-zlib --with-zstd-include=/cvmfs/sw.hsf.org/contrib/zstd/1.5.2/x86_64-centos7-gcc8.3.0-opt/gyvle/include --with-zstd-lib=/cvmfs/sw.hsf.org/contrib/zstd/1.5.2/x86_64-centos7-gcc8.3.0-opt/gyvle/lib --with-gnu-ld --with-ld=/cvmfs/sw.hsf.org/contrib/binutils/2.38/x86_64-centos7-gcc8.3.0-opt/pv4x2/bin/ld --with-gnu-as --with-as=/cvmfs/sw.hsf.org/contrib/binutils/2.38/x86_64-centos7-gcc8.3.0-opt/pv4x2/bin/as --enable-bootstrap --with-mpfr-include=/cvmfs/sw.hsf.org/contrib/mpfr/4.1.0/x86_64-centos7-gcc8.3.0-opt/nap2w/include --with-mpfr-lib=/cvmfs/sw.hsf.org/contrib/mpfr/4.1.0/x86_64-centos7-gcc8.3.0-opt/nap2w/lib --with-gmp-include=/cvmfs/sw.hsf.org/spackages4/gmp/6.2.1/x86_64-centos7-gcc8.3.0-opt/kmoxdnw/include --with-gmp-lib=/cvmfs/sw.hsf.org/spackages4/gmp/6.2.1/x86_64-centos7-gcc8.3.0-opt/kmoxdnw/lib --with-mpc-include=/cvmfs/sw.hsf.org/contrib/mpc/1.2.1/x86_64-centos7-gcc8.3.0-opt/h6vqb/include --with-mpc-lib=/cvmfs/sw.hsf.org/contrib/mpc/1.2.1/x86_64-centos7-gcc8.3.0-opt/h6vqb/lib --without-isl --with-stage1-ldflags='-Wl,-rpath,/cvmfs/sw.hsf.org/contrib/gcc/11.2.0/x86_64-centos7-gcc8.3.0-opt/d3epy/lib -Wl,-rpath,/cvmfs/sw.hsf.org/contrib/gcc/11.2.0/x86_64-centos7-gcc8.3.0-opt/d3epy/lib64 -Wl,-rpath,/cvmfs/sw.hsf.org/contrib/binutils/2.38/x86_64-centos7-gcc8.3.0-opt/pv4x2/lib -Wl,-rpath,/cvmfs/sw.hsf.org/spackages4/gmp/6.2.1/x86_64-centos7-gcc8.3.0-opt/kmoxdnw/lib -Wl,-rpath,/cvmfs/sw.hsf.org/contrib/mpc/1.2.1/x86_64-centos7-gcc8.3.0-opt/h6vqb/lib -Wl,-rpath,/cvmfs/sw.hsf.org/contrib/mpfr/4.1.0/x86_64-centos7-gcc8.3.0-opt/nap2w/lib -Wl,-rpath,/cvmfs/sw.hsf.org/contrib/zlib/1.2.11/x86_64-centos7-gcc8.3.0-opt/nai3lnragjqssh3stzbbn42mhkuskmik/lib -Wl,-rpath,/cvmfs/sw.hsf.org/contrib/zstd/1.5.2/x86_64-centos7-gcc8.3.0-opt/gyvle/lib' --with-boot-ldflags='-Wl,-rpath,/cvmfs/sw.hsf.org/contrib/gcc/11.2.0/x86_64-centos7-gcc8.3.0-opt/d3epy/lib -Wl,-rpath,/cvmfs/sw.hsf.org/contrib/gcc/11.2.0/x86_64-centos7-gcc8.3.0-opt/d3epy/lib64 -Wl,-rpath,/cvmfs/sw.hsf.org/contrib/binutils/2.38/x86_64-centos7-gcc8.3.0-opt/pv4x2/lib -Wl,-rpath,/cvmfs/sw.hsf.org/spackages4/gmp/6.2.1/x86_64-centos7-gcc8.3.0-opt/kmoxdnw/lib -Wl,-rpath,/cvmfs/sw.hsf.org/contrib/mpc/1.2.1/x86_64-centos7-gcc8.3.0-opt/h6vqb/lib -Wl,-rpath,/cvmfs/sw.hsf.org/contrib/mpfr/4.1.0/x86_64-centos7-gcc8.3.0-opt/nap2w/lib -Wl,-rpath,/cvmfs/sw.hsf.org/contrib/zlib/1.2.11/x86_64-centos7-gcc8.3.0-opt/nai3lnragjqssh3stzbbn42mhkuskmik/lib -Wl,-rpath,/cvmfs/sw.hsf.org/contrib/zstd/1.5.2/x86_64-centos7-gcc8.3.0-opt/gyvle/lib -static-libstdc++ -static-libgcc'
Thread model: posix
Supported LTO compression algorithms: zlib zstd
gcc version 11.2.0 (Spack GCC) 
COMPILER_PATH=/cvmfs/sw.hsf.org/contrib/gcc/11.2.0/x86_64-centos7-gcc8.3.0-opt/d3epy/libexec/gcc/x86_64-pc-linux-gnu/11.2.0/:/cvmfs/sw.hsf.org/contrib/gcc/11.2.0/x86_64-centos7-gcc8.3.0-opt/d3epy/libexec/gcc/x86_64-pc-linux-gnu/11.2.0/:/cvmfs/sw.hsf.org/contrib/gcc/11.2.0/x86_64-centos7-gcc8.3.0-opt/d3epy/libexec/gcc/x86_64-pc-linux-gnu/:/cvmfs/sw.hsf.org/contrib/gcc/11.2.0/x86_64-centos7-gcc8.3.0-opt/d3epy/lib/gcc/x86_64-pc-linux-gnu/11.2.0/:/cvmfs/sw.hsf.org/contrib/gcc/11.2.0/x86_64-centos7-gcc8.3.0-opt/d3epy/lib/gcc/x86_64-pc-linux-gnu/
LIBRARY_PATH=/cvmfs/sw.hsf.org/contrib/gcc/11.2.0/x86_64-centos7-gcc8.3.0-opt/d3epy/lib/gcc/x86_64-pc-linux-gnu/11.2.0/:/cvmfs/sw.hsf.org/contrib/gcc/11.2.0/x86_64-centos7-gcc8.3.0-opt/d3epy/lib/gcc/x86_64-pc-linux-gnu/11.2.0/../../../../lib64/:/lib/../lib64/:/usr/lib/../lib64/:/cvmfs/sw.hsf.org/spackages5/libzmq/4.3.4/x86_64-centos7-gcc11.2.0-opt/gmocg/lib/:./:/cvmfs/sw.hsf.org/contrib/gcc/11.2.0/x86_64-centos7-gcc8.3.0-opt/d3epy/lib/gcc/x86_64-pc-linux-gnu/11.2.0/../../../:/lib/:/usr/lib/
COLLECT_GCC_OPTIONS='-v' '-rdynamic' '-o' 'cmTC_c8e64' '-shared-libgcc' '-mtune=generic' '-march=x86-64' '-dumpdir' 'cmTC_c8e64.'
 /cvmfs/sw.hsf.org/contrib/gcc/11.2.0/x86_64-centos7-gcc8.3.0-opt/d3epy/libexec/gcc/x86_64-pc-linux-gnu/11.2.0/collect2 -plugin /cvmfs/sw.hsf.org/contrib/gcc/11.2.0/x86_64-centos7-gcc8.3.0-opt/d3epy/libexec/gcc/x86_64-pc-linux-gnu/11.2.0/liblto_plugin.so -plugin-opt=/cvmfs/sw.hsf.org/contrib/gcc/11.2.0/x86_64-centos7-gcc8.3.0-opt/d3epy/libexec/gcc/x86_64-pc-linux-gnu/11.2.0/lto-wrapper -plugin-opt=-fresolution=/tmp/niharrin/ccS7rS00.res -plugin-opt=-pass-through=-lgcc_s -plugin-opt=-pass-through=-lgcc -plugin-opt=-pass-through=-lc -plugin-opt=-pass-through=-lgcc_s -plugin-opt=-pass-through=-lgcc --eh-frame-hdr -m elf_x86_64 -export-dynamic -dynamic-linker /lib64/ld-linux-x86-64.so.2 -o cmTC_c8e64 /lib/../lib64/crt1.o /lib/../lib64/crti.o /cvmfs/sw.hsf.org/contrib/gcc/11.2.0/x86_64-centos7-gcc8.3.0-opt/d3epy/lib/gcc/x86_64-pc-linux-gnu/11.2.0/crtbegin.o -rpath /cvmfs/sw.hsf.org/contrib/gcc/11.2.0/x86_64-centos7-gcc8.3.0-opt/d3epy/lib64 -L/cvmfs/sw.hsf.org/contrib/gcc/11.2.0/x86_64-centos7-gcc8.3.0-opt/d3epy/lib/gcc/x86_64-pc-linux-gnu/11.2.0 -L/cvmfs/sw.hsf.org/contrib/gcc/11.2.0/x86_64-centos7-gcc8.3.0-opt/d3epy/lib/gcc/x86_64-pc-linux-gnu/11.2.0/../../../../lib64 -L/lib/../lib64 -L/usr/lib/../lib64 -L/cvmfs/sw.hsf.org/spackages5/libzmq/4.3.4/x86_64-centos7-gcc11.2.0-opt/gmocg/lib -L. -L/cvmfs/sw.hsf.org/contrib/gcc/11.2.0/x86_64-centos7-gcc8.3.0-opt/d3epy/lib/gcc/x86_64-pc-linux-gnu/11.2.0/../../.. CMakeFiles/cmTC_c8e64.dir/CMakeCXXCompilerABI.cpp.o -lstdc++ -lm -lgcc_s -lgcc -lc -lgcc_s -lgcc /cvmfs/sw.hsf.org/contrib/gcc/11.2.0/x86_64-centos7-gcc8.3.0-opt/d3epy/lib/gcc/x86_64-pc-linux-gnu/11.2.0/crtend.o /lib/../lib64/crtn.o
COLLECT_GCC_OPTIONS='-v' '-rdynamic' '-o' 'cmTC_c8e64' '-shared-libgcc' '-mtune=generic' '-march=x86-64' '-dumpdir' 'cmTC_c8e64.'
gmake[1]: Leaving directory '/afs/cern.ch/work/n/niharrin/public/MA/FCCeePhysicsPerformance/case-studies/higgs/dataframe/build/CMakeFiles/CMakeTmp'



Parsed CXX implicit include dir info from above output: rv=done
  found start of include info
  found start of implicit include info
    add: [/cvmfs/sw.hsf.org/spackages5/physsim/0.4.1/x86_64-centos7-gcc11.2.0-opt/yzo4c/include/physsim]
    add: [/cvmfs/sw.hsf.org/spackages5/kaldet/1.14.1/x86_64-centos7-gcc11.2.0-opt/46c7u/include/kaldet]
    add: [/cvmfs/sw.hsf.org/spackages5/kaltest/2.5/x86_64-centos7-gcc11.2.0-opt/j5txu/include/kaltest]
    add: [/cvmfs/sw.hsf.org/spackages5/py-awkward/1.4.0/x86_64-centos7-gcc11.2.0-opt/43jqv/lib/python3.9/site-packages/awkward/include]
    add: [/cvmfs/sw.hsf.org/spackages5/eigen/3.4.0/x86_64-centos7-gcc11.2.0-opt/wop4u/include/eigen3]
    add: [/cvmfs/sw.hsf.org/spackages5/lcio/2.17/x86_64-centos7-gcc11.2.0-opt/ihzfj]
    add: [/cvmfs/sw.hsf.org/spackages5/python/3.9.10/x86_64-centos7-gcc11.2.0-opt/pgllm/include/python3.9d]
    add: [.]
    add: [/cvmfs/sw.hsf.org/contrib/gcc/11.2.0/x86_64-centos7-gcc8.3.0-opt/d3epy/lib/gcc/x86_64-pc-linux-gnu/11.2.0/../../../../include/c++/11.2.0]
    add: [/cvmfs/sw.hsf.org/contrib/gcc/11.2.0/x86_64-centos7-gcc8.3.0-opt/d3epy/lib/gcc/x86_64-pc-linux-gnu/11.2.0/../../../../include/c++/11.2.0/x86_64-pc-linux-gnu]
    add: [/cvmfs/sw.hsf.org/contrib/gcc/11.2.0/x86_64-centos7-gcc8.3.0-opt/d3epy/lib/gcc/x86_64-pc-linux-gnu/11.2.0/../../../../include/c++/11.2.0/backward]
    add: [/cvmfs/sw.hsf.org/contrib/gcc/11.2.0/x86_64-centos7-gcc8.3.0-opt/d3epy/lib/gcc/x86_64-pc-linux-gnu/11.2.0/include]
    add: [/usr/local/include]
    add: [/cvmfs/sw.hsf.org/contrib/gcc/11.2.0/x86_64-centos7-gcc8.3.0-opt/d3epy/include]
    add: [/cvmfs/sw.hsf.org/contrib/gcc/11.2.0/x86_64-centos7-gcc8.3.0-opt/d3epy/lib/gcc/x86_64-pc-linux-gnu/11.2.0/include-fixed]
    add: [/usr/include]
  end of search list found
  collapse include dir [/cvmfs/sw.hsf.org/spackages5/physsim/0.4.1/x86_64-centos7-gcc11.2.0-opt/yzo4c/include/physsim] ==> [/cvmfs/sw.hsf.org/spackages5/physsim/0.4.1/x86_64-centos7-gcc11.2.0-opt/yzo4c/include/physsim]
  collapse include dir [/cvmfs/sw.hsf.org/spackages5/kaldet/1.14.1/x86_64-centos7-gcc11.2.0-opt/46c7u/include/kaldet] ==> [/cvmfs/sw.hsf.org/spackages5/kaldet/1.14.1/x86_64-centos7-gcc11.2.0-opt/46c7u/include/kaldet]
  collapse include dir [/cvmfs/sw.hsf.org/spackages5/kaltest/2.5/x86_64-centos7-gcc11.2.0-opt/j5txu/include/kaltest] ==> [/cvmfs/sw.hsf.org/spackages5/kaltest/2.5/x86_64-centos7-gcc11.2.0-opt/j5txu/include/kaltest]
  collapse include dir [/cvmfs/sw.hsf.org/spackages5/py-awkward/1.4.0/x86_64-centos7-gcc11.2.0-opt/43jqv/lib/python3.9/site-packages/awkward/include] ==> [/cvmfs/sw.hsf.org/spackages5/py-awkward/1.4.0/x86_64-centos7-gcc11.2.0-opt/43jqv/lib/python3.9/site-packages/awkward/include]
  collapse include dir [/cvmfs/sw.hsf.org/spackages5/eigen/3.4.0/x86_64-centos7-gcc11.2.0-opt/wop4u/include/eigen3] ==> [/cvmfs/sw.hsf.org/spackages5/eigen/3.4.0/x86_64-centos7-gcc11.2.0-opt/wop4u/include/eigen3]
  collapse include dir [/cvmfs/sw.hsf.org/spackages5/lcio/2.17/x86_64-centos7-gcc11.2.0-opt/ihzfj] ==> [/cvmfs/sw.hsf.org/spackages5/lcio/2.17/x86_64-centos7-gcc11.2.0-opt/ihzfj]
  collapse include dir [/cvmfs/sw.hsf.org/spackages5/python/3.9.10/x86_64-centos7-gcc11.2.0-opt/pgllm/include/python3.9d] ==> [/cvmfs/sw.hsf.org/spackages5/python/3.9.10/x86_64-centos7-gcc11.2.0-opt/pgllm/include/python3.9d]
  skipping relative include dir [.]
  collapse include dir [/cvmfs/sw.hsf.org/contrib/gcc/11.2.0/x86_64-centos7-gcc8.3.0-opt/d3epy/lib/gcc/x86_64-pc-linux-gnu/11.2.0/../../../../include/c++/11.2.0] ==> [/cvmfs/sw.hsf.org/contrib/gcc/11.2.0/x86_64-centos7-gcc8.3.0-opt/d3epy/include/c++/11.2.0]
  collapse include dir [/cvmfs/sw.hsf.org/contrib/gcc/11.2.0/x86_64-centos7-gcc8.3.0-opt/d3epy/lib/gcc/x86_64-pc-linux-gnu/11.2.0/../../../../include/c++/11.2.0/x86_64-pc-linux-gnu] ==> [/cvmfs/sw.hsf.org/contrib/gcc/11.2.0/x86_64-centos7-gcc8.3.0-opt/d3epy/include/c++/11.2.0/x86_64-pc-linux-gnu]
  collapse include dir [/cvmfs/sw.hsf.org/contrib/gcc/11.2.0/x86_64-centos7-gcc8.3.0-opt/d3epy/lib/gcc/x86_64-pc-linux-gnu/11.2.0/../../../../include/c++/11.2.0/backward] ==> [/cvmfs/sw.hsf.org/contrib/gcc/11.2.0/x86_64-centos7-gcc8.3.0-opt/d3epy/include/c++/11.2.0/backward]
  collapse include dir [/cvmfs/sw.hsf.org/contrib/gcc/11.2.0/x86_64-centos7-gcc8.3.0-opt/d3epy/lib/gcc/x86_64-pc-linux-gnu/11.2.0/include] ==> [/cvmfs/sw.hsf.org/contrib/gcc/11.2.0/x86_64-centos7-gcc8.3.0-opt/d3epy/lib/gcc/x86_64-pc-linux-gnu/11.2.0/include]
  collapse include dir [/usr/local/include] ==> [/usr/local/include]
  collapse include dir [/cvmfs/sw.hsf.org/contrib/gcc/11.2.0/x86_64-centos7-gcc8.3.0-opt/d3epy/include] ==> [/cvmfs/sw.hsf.org/contrib/gcc/11.2.0/x86_64-centos7-gcc8.3.0-opt/d3epy/include]
  collapse include dir [/cvmfs/sw.hsf.org/contrib/gcc/11.2.0/x86_64-centos7-gcc8.3.0-opt/d3epy/lib/gcc/x86_64-pc-linux-gnu/11.2.0/include-fixed] ==> [/cvmfs/sw.hsf.org/contrib/gcc/11.2.0/x86_64-centos7-gcc8.3.0-opt/d3epy/lib/gcc/x86_64-pc-linux-gnu/11.2.0/include-fixed]
  collapse include dir [/usr/include] ==> [/usr/include]
  implicit include dirs: [/cvmfs/sw.hsf.org/spackages5/physsim/0.4.1/x86_64-centos7-gcc11.2.0-opt/yzo4c/include/physsim;/cvmfs/sw.hsf.org/spackages5/kaldet/1.14.1/x86_64-centos7-gcc11.2.0-opt/46c7u/include/kaldet;/cvmfs/sw.hsf.org/spackages5/kaltest/2.5/x86_64-centos7-gcc11.2.0-opt/j5txu/include/kaltest;/cvmfs/sw.hsf.org/spackages5/py-awkward/1.4.0/x86_64-centos7-gcc11.2.0-opt/43jqv/lib/python3.9/site-packages/awkward/include;/cvmfs/sw.hsf.org/spackages5/eigen/3.4.0/x86_64-centos7-gcc11.2.0-opt/wop4u/include/eigen3;/cvmfs/sw.hsf.org/spackages5/lcio/2.17/x86_64-centos7-gcc11.2.0-opt/ihzfj;/cvmfs/sw.hsf.org/spackages5/python/3.9.10/x86_64-centos7-gcc11.2.0-opt/pgllm/include/python3.9d;/cvmfs/sw.hsf.org/contrib/gcc/11.2.0/x86_64-centos7-gcc8.3.0-opt/d3epy/include/c++/11.2.0;/cvmfs/sw.hsf.org/contrib/gcc/11.2.0/x86_64-centos7-gcc8.3.0-opt/d3epy/include/c++/11.2.0/x86_64-pc-linux-gnu;/cvmfs/sw.hsf.org/contrib/gcc/11.2.0/x86_64-centos7-gcc8.3.0-opt/d3epy/include/c++/11.2.0/backward;/cvmfs/sw.hsf.org/contrib/gcc/11.2.0/x86_64-centos7-gcc8.3.0-opt/d3epy/lib/gcc/x86_64-pc-linux-gnu/11.2.0/include;/usr/local/include;/cvmfs/sw.hsf.org/contrib/gcc/11.2.0/x86_64-centos7-gcc8.3.0-opt/d3epy/include;/cvmfs/sw.hsf.org/contrib/gcc/11.2.0/x86_64-centos7-gcc8.3.0-opt/d3epy/lib/gcc/x86_64-pc-linux-gnu/11.2.0/include-fixed;/usr/include]


Parsed CXX implicit link information from above output:
  link line regex: [^( *|.*[/\])(ld|CMAKE_LINK_STARTFILE-NOTFOUND|([^/\]+-)?ld|collect2)[^/\]*( |$)]
  ignore line: [Change Dir: /afs/cern.ch/user/n/niharrin/work/public/MA/FCCeePhysicsPerformance/case-studies/higgs/dataframe/build/CMakeFiles/CMakeTmp]
  ignore line: []
  ignore line: [Run Build Command(s):/cvmfs/sw.hsf.org/spackages5/gmake/4.3/x86_64-centos7-gcc11.2.0-opt/de2qd/bin/gmake -f Makefile cmTC_c8e64/fast && /cvmfs/sw.hsf.org/spackages5/gmake/4.3/x86_64-centos7-gcc11.2.0-opt/de2qd/bin/gmake  -f CMakeFiles/cmTC_c8e64.dir/build.make CMakeFiles/cmTC_c8e64.dir/build]
  ignore line: [gmake[1]: Entering directory '/afs/cern.ch/work/n/niharrin/public/MA/FCCeePhysicsPerformance/case-studies/higgs/dataframe/build/CMakeFiles/CMakeTmp']
  ignore line: [Building CXX object CMakeFiles/cmTC_c8e64.dir/CMakeCXXCompilerABI.cpp.o]
  ignore line: [/cvmfs/sw.hsf.org/contrib/gcc/11.2.0/x86_64-centos7-gcc8.3.0-opt/d3epy/bin/g++   -v -o CMakeFiles/cmTC_c8e64.dir/CMakeCXXCompilerABI.cpp.o -c /cvmfs/sw.hsf.org/spackages5/cmake/3.22.3/x86_64-centos7-gcc11.2.0-opt/hakbz/share/cmake-3.22/Modules/CMakeCXXCompilerABI.cpp]
  ignore line: [Reading specs from /cvmfs/sw.hsf.org/contrib/gcc/11.2.0/x86_64-centos7-gcc8.3.0-opt/d3epy/lib/gcc/x86_64-pc-linux-gnu/11.2.0/specs]
  ignore line: [COLLECT_GCC=/cvmfs/sw.hsf.org/contrib/gcc/11.2.0/x86_64-centos7-gcc8.3.0-opt/d3epy/bin/g++]
  ignore line: [Target: x86_64-pc-linux-gnu]
  ignore line: [Configured with: /cvmfs/tmp/spack-stage/gitlab-runner/spack-stage-gcc-11.2.0-d3epy26u67bpnue25hogqqds4lsmpsyl/spack-src/configure --prefix=/cvmfs/sw.hsf.org/contrib/gcc/11.2.0/x86_64-centos7-gcc8.3.0-opt/d3epy --with-pkgversion='Spack GCC' --with-bugurl=https://github.com/spack/spack/issues --disable-multilib --enable-languages=c,c++,fortran --disable-nls --with-system-zlib --with-zstd-include=/cvmfs/sw.hsf.org/contrib/zstd/1.5.2/x86_64-centos7-gcc8.3.0-opt/gyvle/include --with-zstd-lib=/cvmfs/sw.hsf.org/contrib/zstd/1.5.2/x86_64-centos7-gcc8.3.0-opt/gyvle/lib --with-gnu-ld --with-ld=/cvmfs/sw.hsf.org/contrib/binutils/2.38/x86_64-centos7-gcc8.3.0-opt/pv4x2/bin/ld --with-gnu-as --with-as=/cvmfs/sw.hsf.org/contrib/binutils/2.38/x86_64-centos7-gcc8.3.0-opt/pv4x2/bin/as --enable-bootstrap --with-mpfr-include=/cvmfs/sw.hsf.org/contrib/mpfr/4.1.0/x86_64-centos7-gcc8.3.0-opt/nap2w/include --with-mpfr-lib=/cvmfs/sw.hsf.org/contrib/mpfr/4.1.0/x86_64-centos7-gcc8.3.0-opt/nap2w/lib --with-gmp-include=/cvmfs/sw.hsf.org/spackages4/gmp/6.2.1/x86_64-centos7-gcc8.3.0-opt/kmoxdnw/include --with-gmp-lib=/cvmfs/sw.hsf.org/spackages4/gmp/6.2.1/x86_64-centos7-gcc8.3.0-opt/kmoxdnw/lib --with-mpc-include=/cvmfs/sw.hsf.org/contrib/mpc/1.2.1/x86_64-centos7-gcc8.3.0-opt/h6vqb/include --with-mpc-lib=/cvmfs/sw.hsf.org/contrib/mpc/1.2.1/x86_64-centos7-gcc8.3.0-opt/h6vqb/lib --without-isl --with-stage1-ldflags='-Wl,-rpath,/cvmfs/sw.hsf.org/contrib/gcc/11.2.0/x86_64-centos7-gcc8.3.0-opt/d3epy/lib -Wl,-rpath,/cvmfs/sw.hsf.org/contrib/gcc/11.2.0/x86_64-centos7-gcc8.3.0-opt/d3epy/lib64 -Wl,-rpath,/cvmfs/sw.hsf.org/contrib/binutils/2.38/x86_64-centos7-gcc8.3.0-opt/pv4x2/lib -Wl,-rpath,/cvmfs/sw.hsf.org/spackages4/gmp/6.2.1/x86_64-centos7-gcc8.3.0-opt/kmoxdnw/lib -Wl,-rpath,/cvmfs/sw.hsf.org/contrib/mpc/1.2.1/x86_64-centos7-gcc8.3.0-opt/h6vqb/lib -Wl,-rpath,/cvmfs/sw.hsf.org/contrib/mpfr/4.1.0/x86_64-centos7-gcc8.3.0-opt/nap2w/lib -Wl,-rpath,/cvmfs/sw.hsf.org/contrib/zlib/1.2.11/x86_64-centos7-gcc8.3.0-opt/nai3lnragjqssh3stzbbn42mhkuskmik/lib -Wl,-rpath,/cvmfs/sw.hsf.org/contrib/zstd/1.5.2/x86_64-centos7-gcc8.3.0-opt/gyvle/lib' --with-boot-ldflags='-Wl,-rpath,/cvmfs/sw.hsf.org/contrib/gcc/11.2.0/x86_64-centos7-gcc8.3.0-opt/d3epy/lib -Wl,-rpath,/cvmfs/sw.hsf.org/contrib/gcc/11.2.0/x86_64-centos7-gcc8.3.0-opt/d3epy/lib64 -Wl,-rpath,/cvmfs/sw.hsf.org/contrib/binutils/2.38/x86_64-centos7-gcc8.3.0-opt/pv4x2/lib -Wl,-rpath,/cvmfs/sw.hsf.org/spackages4/gmp/6.2.1/x86_64-centos7-gcc8.3.0-opt/kmoxdnw/lib -Wl,-rpath,/cvmfs/sw.hsf.org/contrib/mpc/1.2.1/x86_64-centos7-gcc8.3.0-opt/h6vqb/lib -Wl,-rpath,/cvmfs/sw.hsf.org/contrib/mpfr/4.1.0/x86_64-centos7-gcc8.3.0-opt/nap2w/lib -Wl,-rpath,/cvmfs/sw.hsf.org/contrib/zlib/1.2.11/x86_64-centos7-gcc8.3.0-opt/nai3lnragjqssh3stzbbn42mhkuskmik/lib -Wl,-rpath,/cvmfs/sw.hsf.org/contrib/zstd/1.5.2/x86_64-centos7-gcc8.3.0-opt/gyvle/lib -static-libstdc++ -static-libgcc']
  ignore line: [Thread model: posix]
  ignore line: [Supported LTO compression algorithms: zlib zstd]
  ignore line: [gcc version 11.2.0 (Spack GCC) ]
  ignore line: [COLLECT_GCC_OPTIONS='-v' '-o' 'CMakeFiles/cmTC_c8e64.dir/CMakeCXXCompilerABI.cpp.o' '-c' '-shared-libgcc' '-mtune=generic' '-march=x86-64' '-dumpdir' 'CMakeFiles/cmTC_c8e64.dir/']
  ignore line: [ /cvmfs/sw.hsf.org/contrib/gcc/11.2.0/x86_64-centos7-gcc8.3.0-opt/d3epy/libexec/gcc/x86_64-pc-linux-gnu/11.2.0/cc1plus -quiet -v -D_GNU_SOURCE /cvmfs/sw.hsf.org/spackages5/cmake/3.22.3/x86_64-centos7-gcc11.2.0-opt/hakbz/share/cmake-3.22/Modules/CMakeCXXCompilerABI.cpp -quiet -dumpdir CMakeFiles/cmTC_c8e64.dir/ -dumpbase CMakeCXXCompilerABI.cpp.cpp -dumpbase-ext .cpp -mtune=generic -march=x86-64 -version -o /tmp/niharrin/ccd9q6nQ.s]
  ignore line: [GNU C++17 (Spack GCC) version 11.2.0 (x86_64-pc-linux-gnu)]
  ignore line: [	compiled by GNU C version 11.2.0  GMP version 6.2.1  MPFR version 4.1.0  MPC version 1.2.1  isl version none]
  ignore line: [GGC heuristics: --param ggc-min-expand=100 --param ggc-min-heapsize=131072]
  ignore line: [ignoring nonexistent directory "/cvmfs/sw.hsf.org/contrib/gcc/11.2.0/x86_64-centos7-gcc8.3.0-opt/d3epy/lib/gcc/x86_64-pc-linux-gnu/11.2.0/../../../../x86_64-pc-linux-gnu/include"]
  ignore line: [ignoring nonexistent directory "/cvmfs/sw.hsf.org/spackages5/virtest/master/x86_64-centos7-gcc11.2.0-opt/xxyeb/include/vir"]
  ignore line: [#include "..." search starts here:]
  ignore line: [#include <...> search starts here:]
  ignore line: [ /cvmfs/sw.hsf.org/spackages5/physsim/0.4.1/x86_64-centos7-gcc11.2.0-opt/yzo4c/include/physsim]
  ignore line: [ /cvmfs/sw.hsf.org/spackages5/kaldet/1.14.1/x86_64-centos7-gcc11.2.0-opt/46c7u/include/kaldet]
  ignore line: [ /cvmfs/sw.hsf.org/spackages5/kaltest/2.5/x86_64-centos7-gcc11.2.0-opt/j5txu/include/kaltest]
  ignore line: [ /cvmfs/sw.hsf.org/spackages5/py-awkward/1.4.0/x86_64-centos7-gcc11.2.0-opt/43jqv/lib/python3.9/site-packages/awkward/include]
  ignore line: [ /cvmfs/sw.hsf.org/spackages5/eigen/3.4.0/x86_64-centos7-gcc11.2.0-opt/wop4u/include/eigen3]
  ignore line: [ /cvmfs/sw.hsf.org/spackages5/lcio/2.17/x86_64-centos7-gcc11.2.0-opt/ihzfj]
  ignore line: [ /cvmfs/sw.hsf.org/spackages5/python/3.9.10/x86_64-centos7-gcc11.2.0-opt/pgllm/include/python3.9d]
  ignore line: [ .]
  ignore line: [ /cvmfs/sw.hsf.org/contrib/gcc/11.2.0/x86_64-centos7-gcc8.3.0-opt/d3epy/lib/gcc/x86_64-pc-linux-gnu/11.2.0/../../../../include/c++/11.2.0]
  ignore line: [ /cvmfs/sw.hsf.org/contrib/gcc/11.2.0/x86_64-centos7-gcc8.3.0-opt/d3epy/lib/gcc/x86_64-pc-linux-gnu/11.2.0/../../../../include/c++/11.2.0/x86_64-pc-linux-gnu]
  ignore line: [ /cvmfs/sw.hsf.org/contrib/gcc/11.2.0/x86_64-centos7-gcc8.3.0-opt/d3epy/lib/gcc/x86_64-pc-linux-gnu/11.2.0/../../../../include/c++/11.2.0/backward]
  ignore line: [ /cvmfs/sw.hsf.org/contrib/gcc/11.2.0/x86_64-centos7-gcc8.3.0-opt/d3epy/lib/gcc/x86_64-pc-linux-gnu/11.2.0/include]
  ignore line: [ /usr/local/include]
  ignore line: [ /cvmfs/sw.hsf.org/contrib/gcc/11.2.0/x86_64-centos7-gcc8.3.0-opt/d3epy/include]
  ignore line: [ /cvmfs/sw.hsf.org/contrib/gcc/11.2.0/x86_64-centos7-gcc8.3.0-opt/d3epy/lib/gcc/x86_64-pc-linux-gnu/11.2.0/include-fixed]
  ignore line: [ /usr/include]
  ignore line: [End of search list.]
  ignore line: [GNU C++17 (Spack GCC) version 11.2.0 (x86_64-pc-linux-gnu)]
  ignore line: [	compiled by GNU C version 11.2.0  GMP version 6.2.1  MPFR version 4.1.0  MPC version 1.2.1  isl version none]
  ignore line: [GGC heuristics: --param ggc-min-expand=100 --param ggc-min-heapsize=131072]
  ignore line: [Compiler executable checksum: e254f4020307c0fff83792a326fb21a0]
  ignore line: [COLLECT_GCC_OPTIONS='-v' '-o' 'CMakeFiles/cmTC_c8e64.dir/CMakeCXXCompilerABI.cpp.o' '-c' '-shared-libgcc' '-mtune=generic' '-march=x86-64' '-dumpdir' 'CMakeFiles/cmTC_c8e64.dir/']
  ignore line: [ /cvmfs/sw.hsf.org/contrib/binutils/2.38/x86_64-centos7-gcc8.3.0-opt/pv4x2/bin/as -v --64 -o CMakeFiles/cmTC_c8e64.dir/CMakeCXXCompilerABI.cpp.o /tmp/niharrin/ccd9q6nQ.s]
  ignore line: [GNU assembler version 2.38 (x86_64-pc-linux-gnu) using BFD version (GNU Binutils) 2.38]
  ignore line: [COMPILER_PATH=/cvmfs/sw.hsf.org/contrib/gcc/11.2.0/x86_64-centos7-gcc8.3.0-opt/d3epy/libexec/gcc/x86_64-pc-linux-gnu/11.2.0/:/cvmfs/sw.hsf.org/contrib/gcc/11.2.0/x86_64-centos7-gcc8.3.0-opt/d3epy/libexec/gcc/x86_64-pc-linux-gnu/11.2.0/:/cvmfs/sw.hsf.org/contrib/gcc/11.2.0/x86_64-centos7-gcc8.3.0-opt/d3epy/libexec/gcc/x86_64-pc-linux-gnu/:/cvmfs/sw.hsf.org/contrib/gcc/11.2.0/x86_64-centos7-gcc8.3.0-opt/d3epy/lib/gcc/x86_64-pc-linux-gnu/11.2.0/:/cvmfs/sw.hsf.org/contrib/gcc/11.2.0/x86_64-centos7-gcc8.3.0-opt/d3epy/lib/gcc/x86_64-pc-linux-gnu/]
  ignore line: [LIBRARY_PATH=/cvmfs/sw.hsf.org/contrib/gcc/11.2.0/x86_64-centos7-gcc8.3.0-opt/d3epy/lib/gcc/x86_64-pc-linux-gnu/11.2.0/:/cvmfs/sw.hsf.org/contrib/gcc/11.2.0/x86_64-centos7-gcc8.3.0-opt/d3epy/lib/gcc/x86_64-pc-linux-gnu/11.2.0/../../../../lib64/:/lib/../lib64/:/usr/lib/../lib64/:/cvmfs/sw.hsf.org/spackages5/libzmq/4.3.4/x86_64-centos7-gcc11.2.0-opt/gmocg/lib/:./:/cvmfs/sw.hsf.org/contrib/gcc/11.2.0/x86_64-centos7-gcc8.3.0-opt/d3epy/lib/gcc/x86_64-pc-linux-gnu/11.2.0/../../../:/lib/:/usr/lib/]
  ignore line: [COLLECT_GCC_OPTIONS='-v' '-o' 'CMakeFiles/cmTC_c8e64.dir/CMakeCXXCompilerABI.cpp.o' '-c' '-shared-libgcc' '-mtune=generic' '-march=x86-64' '-dumpdir' 'CMakeFiles/cmTC_c8e64.dir/CMakeCXXCompilerABI.cpp.']
  ignore line: [Linking CXX executable cmTC_c8e64]
  ignore line: [/cvmfs/sw.hsf.org/spackages5/cmake/3.22.3/x86_64-centos7-gcc11.2.0-opt/hakbz/bin/cmake -E cmake_link_script CMakeFiles/cmTC_c8e64.dir/link.txt --verbose=1]
  ignore line: [/cvmfs/sw.hsf.org/contrib/gcc/11.2.0/x86_64-centos7-gcc8.3.0-opt/d3epy/bin/g++  -v -rdynamic CMakeFiles/cmTC_c8e64.dir/CMakeCXXCompilerABI.cpp.o -o cmTC_c8e64 ]
  ignore line: [Reading specs from /cvmfs/sw.hsf.org/contrib/gcc/11.2.0/x86_64-centos7-gcc8.3.0-opt/d3epy/lib/gcc/x86_64-pc-linux-gnu/11.2.0/specs]
  ignore line: [COLLECT_GCC=/cvmfs/sw.hsf.org/contrib/gcc/11.2.0/x86_64-centos7-gcc8.3.0-opt/d3epy/bin/g++]
  ignore line: [COLLECT_LTO_WRAPPER=/cvmfs/sw.hsf.org/contrib/gcc/11.2.0/x86_64-centos7-gcc8.3.0-opt/d3epy/libexec/gcc/x86_64-pc-linux-gnu/11.2.0/lto-wrapper]
  ignore line: [Target: x86_64-pc-linux-gnu]
  ignore line: [Configured with: /cvmfs/tmp/spack-stage/gitlab-runner/spack-stage-gcc-11.2.0-d3epy26u67bpnue25hogqqds4lsmpsyl/spack-src/configure --prefix=/cvmfs/sw.hsf.org/contrib/gcc/11.2.0/x86_64-centos7-gcc8.3.0-opt/d3epy --with-pkgversion='Spack GCC' --with-bugurl=https://github.com/spack/spack/issues --disable-multilib --enable-languages=c,c++,fortran --disable-nls --with-system-zlib --with-zstd-include=/cvmfs/sw.hsf.org/contrib/zstd/1.5.2/x86_64-centos7-gcc8.3.0-opt/gyvle/include --with-zstd-lib=/cvmfs/sw.hsf.org/contrib/zstd/1.5.2/x86_64-centos7-gcc8.3.0-opt/gyvle/lib --with-gnu-ld --with-ld=/cvmfs/sw.hsf.org/contrib/binutils/2.38/x86_64-centos7-gcc8.3.0-opt/pv4x2/bin/ld --with-gnu-as --with-as=/cvmfs/sw.hsf.org/contrib/binutils/2.38/x86_64-centos7-gcc8.3.0-opt/pv4x2/bin/as --enable-bootstrap --with-mpfr-include=/cvmfs/sw.hsf.org/contrib/mpfr/4.1.0/x86_64-centos7-gcc8.3.0-opt/nap2w/include --with-mpfr-lib=/cvmfs/sw.hsf.org/contrib/mpfr/4.1.0/x86_64-centos7-gcc8.3.0-opt/nap2w/lib --with-gmp-include=/cvmfs/sw.hsf.org/spackages4/gmp/6.2.1/x86_64-centos7-gcc8.3.0-opt/kmoxdnw/include --with-gmp-lib=/cvmfs/sw.hsf.org/spackages4/gmp/6.2.1/x86_64-centos7-gcc8.3.0-opt/kmoxdnw/lib --with-mpc-include=/cvmfs/sw.hsf.org/contrib/mpc/1.2.1/x86_64-centos7-gcc8.3.0-opt/h6vqb/include --with-mpc-lib=/cvmfs/sw.hsf.org/contrib/mpc/1.2.1/x86_64-centos7-gcc8.3.0-opt/h6vqb/lib --without-isl --with-stage1-ldflags='-Wl,-rpath,/cvmfs/sw.hsf.org/contrib/gcc/11.2.0/x86_64-centos7-gcc8.3.0-opt/d3epy/lib -Wl,-rpath,/cvmfs/sw.hsf.org/contrib/gcc/11.2.0/x86_64-centos7-gcc8.3.0-opt/d3epy/lib64 -Wl,-rpath,/cvmfs/sw.hsf.org/contrib/binutils/2.38/x86_64-centos7-gcc8.3.0-opt/pv4x2/lib -Wl,-rpath,/cvmfs/sw.hsf.org/spackages4/gmp/6.2.1/x86_64-centos7-gcc8.3.0-opt/kmoxdnw/lib -Wl,-rpath,/cvmfs/sw.hsf.org/contrib/mpc/1.2.1/x86_64-centos7-gcc8.3.0-opt/h6vqb/lib -Wl,-rpath,/cvmfs/sw.hsf.org/contrib/mpfr/4.1.0/x86_64-centos7-gcc8.3.0-opt/nap2w/lib -Wl,-rpath,/cvmfs/sw.hsf.org/contrib/zlib/1.2.11/x86_64-centos7-gcc8.3.0-opt/nai3lnragjqssh3stzbbn42mhkuskmik/lib -Wl,-rpath,/cvmfs/sw.hsf.org/contrib/zstd/1.5.2/x86_64-centos7-gcc8.3.0-opt/gyvle/lib' --with-boot-ldflags='-Wl,-rpath,/cvmfs/sw.hsf.org/contrib/gcc/11.2.0/x86_64-centos7-gcc8.3.0-opt/d3epy/lib -Wl,-rpath,/cvmfs/sw.hsf.org/contrib/gcc/11.2.0/x86_64-centos7-gcc8.3.0-opt/d3epy/lib64 -Wl,-rpath,/cvmfs/sw.hsf.org/contrib/binutils/2.38/x86_64-centos7-gcc8.3.0-opt/pv4x2/lib -Wl,-rpath,/cvmfs/sw.hsf.org/spackages4/gmp/6.2.1/x86_64-centos7-gcc8.3.0-opt/kmoxdnw/lib -Wl,-rpath,/cvmfs/sw.hsf.org/contrib/mpc/1.2.1/x86_64-centos7-gcc8.3.0-opt/h6vqb/lib -Wl,-rpath,/cvmfs/sw.hsf.org/contrib/mpfr/4.1.0/x86_64-centos7-gcc8.3.0-opt/nap2w/lib -Wl,-rpath,/cvmfs/sw.hsf.org/contrib/zlib/1.2.11/x86_64-centos7-gcc8.3.0-opt/nai3lnragjqssh3stzbbn42mhkuskmik/lib -Wl,-rpath,/cvmfs/sw.hsf.org/contrib/zstd/1.5.2/x86_64-centos7-gcc8.3.0-opt/gyvle/lib -static-libstdc++ -static-libgcc']
  ignore line: [Thread model: posix]
  ignore line: [Supported LTO compression algorithms: zlib zstd]
  ignore line: [gcc version 11.2.0 (Spack GCC) ]
  ignore line: [COMPILER_PATH=/cvmfs/sw.hsf.org/contrib/gcc/11.2.0/x86_64-centos7-gcc8.3.0-opt/d3epy/libexec/gcc/x86_64-pc-linux-gnu/11.2.0/:/cvmfs/sw.hsf.org/contrib/gcc/11.2.0/x86_64-centos7-gcc8.3.0-opt/d3epy/libexec/gcc/x86_64-pc-linux-gnu/11.2.0/:/cvmfs/sw.hsf.org/contrib/gcc/11.2.0/x86_64-centos7-gcc8.3.0-opt/d3epy/libexec/gcc/x86_64-pc-linux-gnu/:/cvmfs/sw.hsf.org/contrib/gcc/11.2.0/x86_64-centos7-gcc8.3.0-opt/d3epy/lib/gcc/x86_64-pc-linux-gnu/11.2.0/:/cvmfs/sw.hsf.org/contrib/gcc/11.2.0/x86_64-centos7-gcc8.3.0-opt/d3epy/lib/gcc/x86_64-pc-linux-gnu/]
  ignore line: [LIBRARY_PATH=/cvmfs/sw.hsf.org/contrib/gcc/11.2.0/x86_64-centos7-gcc8.3.0-opt/d3epy/lib/gcc/x86_64-pc-linux-gnu/11.2.0/:/cvmfs/sw.hsf.org/contrib/gcc/11.2.0/x86_64-centos7-gcc8.3.0-opt/d3epy/lib/gcc/x86_64-pc-linux-gnu/11.2.0/../../../../lib64/:/lib/../lib64/:/usr/lib/../lib64/:/cvmfs/sw.hsf.org/spackages5/libzmq/4.3.4/x86_64-centos7-gcc11.2.0-opt/gmocg/lib/:./:/cvmfs/sw.hsf.org/contrib/gcc/11.2.0/x86_64-centos7-gcc8.3.0-opt/d3epy/lib/gcc/x86_64-pc-linux-gnu/11.2.0/../../../:/lib/:/usr/lib/]
  ignore line: [COLLECT_GCC_OPTIONS='-v' '-rdynamic' '-o' 'cmTC_c8e64' '-shared-libgcc' '-mtune=generic' '-march=x86-64' '-dumpdir' 'cmTC_c8e64.']
  link line: [ /cvmfs/sw.hsf.org/contrib/gcc/11.2.0/x86_64-centos7-gcc8.3.0-opt/d3epy/libexec/gcc/x86_64-pc-linux-gnu/11.2.0/collect2 -plugin /cvmfs/sw.hsf.org/contrib/gcc/11.2.0/x86_64-centos7-gcc8.3.0-opt/d3epy/libexec/gcc/x86_64-pc-linux-gnu/11.2.0/liblto_plugin.so -plugin-opt=/cvmfs/sw.hsf.org/contrib/gcc/11.2.0/x86_64-centos7-gcc8.3.0-opt/d3epy/libexec/gcc/x86_64-pc-linux-gnu/11.2.0/lto-wrapper -plugin-opt=-fresolution=/tmp/niharrin/ccS7rS00.res -plugin-opt=-pass-through=-lgcc_s -plugin-opt=-pass-through=-lgcc -plugin-opt=-pass-through=-lc -plugin-opt=-pass-through=-lgcc_s -plugin-opt=-pass-through=-lgcc --eh-frame-hdr -m elf_x86_64 -export-dynamic -dynamic-linker /lib64/ld-linux-x86-64.so.2 -o cmTC_c8e64 /lib/../lib64/crt1.o /lib/../lib64/crti.o /cvmfs/sw.hsf.org/contrib/gcc/11.2.0/x86_64-centos7-gcc8.3.0-opt/d3epy/lib/gcc/x86_64-pc-linux-gnu/11.2.0/crtbegin.o -rpath /cvmfs/sw.hsf.org/contrib/gcc/11.2.0/x86_64-centos7-gcc8.3.0-opt/d3epy/lib64 -L/cvmfs/sw.hsf.org/contrib/gcc/11.2.0/x86_64-centos7-gcc8.3.0-opt/d3epy/lib/gcc/x86_64-pc-linux-gnu/11.2.0 -L/cvmfs/sw.hsf.org/contrib/gcc/11.2.0/x86_64-centos7-gcc8.3.0-opt/d3epy/lib/gcc/x86_64-pc-linux-gnu/11.2.0/../../../../lib64 -L/lib/../lib64 -L/usr/lib/../lib64 -L/cvmfs/sw.hsf.org/spackages5/libzmq/4.3.4/x86_64-centos7-gcc11.2.0-opt/gmocg/lib -L. -L/cvmfs/sw.hsf.org/contrib/gcc/11.2.0/x86_64-centos7-gcc8.3.0-opt/d3epy/lib/gcc/x86_64-pc-linux-gnu/11.2.0/../../.. CMakeFiles/cmTC_c8e64.dir/CMakeCXXCompilerABI.cpp.o -lstdc++ -lm -lgcc_s -lgcc -lc -lgcc_s -lgcc /cvmfs/sw.hsf.org/contrib/gcc/11.2.0/x86_64-centos7-gcc8.3.0-opt/d3epy/lib/gcc/x86_64-pc-linux-gnu/11.2.0/crtend.o /lib/../lib64/crtn.o]
    arg [/cvmfs/sw.hsf.org/contrib/gcc/11.2.0/x86_64-centos7-gcc8.3.0-opt/d3epy/libexec/gcc/x86_64-pc-linux-gnu/11.2.0/collect2] ==> ignore
    arg [-plugin] ==> ignore
    arg [/cvmfs/sw.hsf.org/contrib/gcc/11.2.0/x86_64-centos7-gcc8.3.0-opt/d3epy/libexec/gcc/x86_64-pc-linux-gnu/11.2.0/liblto_plugin.so] ==> ignore
    arg [-plugin-opt=/cvmfs/sw.hsf.org/contrib/gcc/11.2.0/x86_64-centos7-gcc8.3.0-opt/d3epy/libexec/gcc/x86_64-pc-linux-gnu/11.2.0/lto-wrapper] ==> ignore
    arg [-plugin-opt=-fresolution=/tmp/niharrin/ccS7rS00.res] ==> ignore
    arg [-plugin-opt=-pass-through=-lgcc_s] ==> ignore
    arg [-plugin-opt=-pass-through=-lgcc] ==> ignore
    arg [-plugin-opt=-pass-through=-lc] ==> ignore
    arg [-plugin-opt=-pass-through=-lgcc_s] ==> ignore
    arg [-plugin-opt=-pass-through=-lgcc] ==> ignore
    arg [--eh-frame-hdr] ==> ignore
    arg [-m] ==> ignore
    arg [elf_x86_64] ==> ignore
    arg [-export-dynamic] ==> ignore
    arg [-dynamic-linker] ==> ignore
    arg [/lib64/ld-linux-x86-64.so.2] ==> ignore
    arg [-o] ==> ignore
    arg [cmTC_c8e64] ==> ignore
    arg [/lib/../lib64/crt1.o] ==> obj [/lib/../lib64/crt1.o]
    arg [/lib/../lib64/crti.o] ==> obj [/lib/../lib64/crti.o]
    arg [/cvmfs/sw.hsf.org/contrib/gcc/11.2.0/x86_64-centos7-gcc8.3.0-opt/d3epy/lib/gcc/x86_64-pc-linux-gnu/11.2.0/crtbegin.o] ==> obj [/cvmfs/sw.hsf.org/contrib/gcc/11.2.0/x86_64-centos7-gcc8.3.0-opt/d3epy/lib/gcc/x86_64-pc-linux-gnu/11.2.0/crtbegin.o]
    arg [-rpath] ==> ignore
    arg [/cvmfs/sw.hsf.org/contrib/gcc/11.2.0/x86_64-centos7-gcc8.3.0-opt/d3epy/lib64] ==> ignore
    arg [-L/cvmfs/sw.hsf.org/contrib/gcc/11.2.0/x86_64-centos7-gcc8.3.0-opt/d3epy/lib/gcc/x86_64-pc-linux-gnu/11.2.0] ==> dir [/cvmfs/sw.hsf.org/contrib/gcc/11.2.0/x86_64-centos7-gcc8.3.0-opt/d3epy/lib/gcc/x86_64-pc-linux-gnu/11.2.0]
    arg [-L/cvmfs/sw.hsf.org/contrib/gcc/11.2.0/x86_64-centos7-gcc8.3.0-opt/d3epy/lib/gcc/x86_64-pc-linux-gnu/11.2.0/../../../../lib64] ==> dir [/cvmfs/sw.hsf.org/contrib/gcc/11.2.0/x86_64-centos7-gcc8.3.0-opt/d3epy/lib/gcc/x86_64-pc-linux-gnu/11.2.0/../../../../lib64]
    arg [-L/lib/../lib64] ==> dir [/lib/../lib64]
    arg [-L/usr/lib/../lib64] ==> dir [/usr/lib/../lib64]
    arg [-L/cvmfs/sw.hsf.org/spackages5/libzmq/4.3.4/x86_64-centos7-gcc11.2.0-opt/gmocg/lib] ==> dir [/cvmfs/sw.hsf.org/spackages5/libzmq/4.3.4/x86_64-centos7-gcc11.2.0-opt/gmocg/lib]
    arg [-L.] ==> ignore
    arg [-L/cvmfs/sw.hsf.org/contrib/gcc/11.2.0/x86_64-centos7-gcc8.3.0-opt/d3epy/lib/gcc/x86_64-pc-linux-gnu/11.2.0/../../..] ==> dir [/cvmfs/sw.hsf.org/contrib/gcc/11.2.0/x86_64-centos7-gcc8.3.0-opt/d3epy/lib/gcc/x86_64-pc-linux-gnu/11.2.0/../../..]
    arg [CMakeFiles/cmTC_c8e64.dir/CMakeCXXCompilerABI.cpp.o] ==> ignore
    arg [-lstdc++] ==> lib [stdc++]
    arg [-lm] ==> lib [m]
    arg [-lgcc_s] ==> lib [gcc_s]
    arg [-lgcc] ==> lib [gcc]
    arg [-lc] ==> lib [c]
    arg [-lgcc_s] ==> lib [gcc_s]
    arg [-lgcc] ==> lib [gcc]
    arg [/cvmfs/sw.hsf.org/contrib/gcc/11.2.0/x86_64-centos7-gcc8.3.0-opt/d3epy/lib/gcc/x86_64-pc-linux-gnu/11.2.0/crtend.o] ==> obj [/cvmfs/sw.hsf.org/contrib/gcc/11.2.0/x86_64-centos7-gcc8.3.0-opt/d3epy/lib/gcc/x86_64-pc-linux-gnu/11.2.0/crtend.o]
    arg [/lib/../lib64/crtn.o] ==> obj [/lib/../lib64/crtn.o]
  collapse obj [/lib/../lib64/crt1.o] ==> [/lib64/crt1.o]
  collapse obj [/lib/../lib64/crti.o] ==> [/lib64/crti.o]
  collapse obj [/lib/../lib64/crtn.o] ==> [/lib64/crtn.o]
  collapse library dir [/cvmfs/sw.hsf.org/contrib/gcc/11.2.0/x86_64-centos7-gcc8.3.0-opt/d3epy/lib/gcc/x86_64-pc-linux-gnu/11.2.0] ==> [/cvmfs/sw.hsf.org/contrib/gcc/11.2.0/x86_64-centos7-gcc8.3.0-opt/d3epy/lib/gcc/x86_64-pc-linux-gnu/11.2.0]
  collapse library dir [/cvmfs/sw.hsf.org/contrib/gcc/11.2.0/x86_64-centos7-gcc8.3.0-opt/d3epy/lib/gcc/x86_64-pc-linux-gnu/11.2.0/../../../../lib64] ==> [/cvmfs/sw.hsf.org/contrib/gcc/11.2.0/x86_64-centos7-gcc8.3.0-opt/d3epy/lib64]
  collapse library dir [/lib/../lib64] ==> [/lib64]
  collapse library dir [/usr/lib/../lib64] ==> [/usr/lib64]
  collapse library dir [/cvmfs/sw.hsf.org/spackages5/libzmq/4.3.4/x86_64-centos7-gcc11.2.0-opt/gmocg/lib] ==> [/cvmfs/sw.hsf.org/spackages5/libzmq/4.3.4/x86_64-centos7-gcc11.2.0-opt/gmocg/lib]
  collapse library dir [/cvmfs/sw.hsf.org/contrib/gcc/11.2.0/x86_64-centos7-gcc8.3.0-opt/d3epy/lib/gcc/x86_64-pc-linux-gnu/11.2.0/../../..] ==> [/cvmfs/sw.hsf.org/contrib/gcc/11.2.0/x86_64-centos7-gcc8.3.0-opt/d3epy/lib]
  implicit libs: [stdc++;m;gcc_s;gcc;c;gcc_s;gcc]
  implicit objs: [/lib64/crt1.o;/lib64/crti.o;/cvmfs/sw.hsf.org/contrib/gcc/11.2.0/x86_64-centos7-gcc8.3.0-opt/d3epy/lib/gcc/x86_64-pc-linux-gnu/11.2.0/crtbegin.o;/cvmfs/sw.hsf.org/contrib/gcc/11.2.0/x86_64-centos7-gcc8.3.0-opt/d3epy/lib/gcc/x86_64-pc-linux-gnu/11.2.0/crtend.o;/lib64/crtn.o]
  implicit dirs: [/cvmfs/sw.hsf.org/contrib/gcc/11.2.0/x86_64-centos7-gcc8.3.0-opt/d3epy/lib/gcc/x86_64-pc-linux-gnu/11.2.0;/cvmfs/sw.hsf.org/contrib/gcc/11.2.0/x86_64-centos7-gcc8.3.0-opt/d3epy/lib64;/lib64;/usr/lib64;/cvmfs/sw.hsf.org/spackages5/libzmq/4.3.4/x86_64-centos7-gcc11.2.0-opt/gmocg/lib;/cvmfs/sw.hsf.org/contrib/gcc/11.2.0/x86_64-centos7-gcc8.3.0-opt/d3epy/lib]
  implicit fwks: []


