Warning in <TInterpreter::ReadRootmapFile>: class  edm4hep::ObjectID found in libedm4hepDict.so  is already in libedm4drDict.so 
Error in <TSystem::ExpandFileName>: input: $HOME/.root.mimes, output: $HOME/.root.mimes
Error in <TH1F::Smooth>: Smooth only supported for histograms with >= 3 bins. Nbins = 2
Error in <TH1F::Smooth>: Smooth only supported for histograms with >= 3 bins. Nbins = 2
0%, time left: unknown
6%, time left: 61 sec
12%, time left: 56 sec
18%, time left: 51 sec
25%, time left: 47 sec
31%, time left: 43 sec
37%, time left: 39 sec
43%, time left: 35 sec
50%, time left: 31 sec
56%, time left: 27 sec
62%, time left: 23 sec
68%, time left: 19 sec
75%, time left: 15 sec
81%, time left: 11 sec
87%, time left: 7 sec
93%, time left: 3 sec
0%, time left: unknown
7%, time left: 3 sec
13%, time left: 3 sec
19%, time left: 3 sec
25%, time left: 3 sec
32%, time left: 2 sec
38%, time left: 2 sec
44%, time left: 2 sec
50%, time left: 2 sec
57%, time left: 1 sec
63%, time left: 1 sec
69%, time left: 1 sec
75%, time left: 1 sec
82%, time left: 0 sec
88%, time left: 0 sec
94%, time left: 0 sec
0%, time left: unknown
6%, time left: 41 mins
12%, time left: 36 mins
18%, time left: 32 mins
25%, time left: 28 mins
31%, time left: 24 mins
37%, time left: 22 mins
43%, time left: 20 mins
50%, time left: 17 mins
56%, time left: 15 mins
62%, time left: 12 mins
68%, time left: 10 mins
-67%, time left: 8 mins
-61%, time left: 6 mins
-55%, time left: 253 sec
-49%, time left: 126 sec
