Warning in <TInterpreter::ReadRootmapFile>: class  edm4hep::ObjectID found in libedm4hepDict.so  is already in libedm4drDict.so 
Error in <TSystem::ExpandFileName>: input: $HOME/.root.mimes, output: $HOME/.root.mimes
0%, time left: unknown
6%, time left: 21 sec
12%, time left: 19 sec
18%, time left: 16 sec
25%, time left: 15 sec
31%, time left: 14 sec
37%, time left: 13 sec
43%, time left: 11 sec
50%, time left: 10 sec
56%, time left: 8 sec
62%, time left: 7 sec
68%, time left: 6 sec
75%, time left: 5 sec
81%, time left: 3 sec
87%, time left: 2 sec
93%, time left: 1 sec
0%, time left: unknown
7%, time left: 1 sec
13%, time left: 1 sec
19%, time left: 1 sec
25%, time left: 1 sec
32%, time left: 1 sec
38%, time left: 1 sec
44%, time left: 0 sec
50%, time left: 0 sec
57%, time left: 0 sec
63%, time left: 0 sec
69%, time left: 0 sec
75%, time left: 0 sec
82%, time left: 0 sec
88%, time left: 0 sec
94%, time left: 0 sec
0%, time left: unknown
6%, time left: 6 mins
12%, time left: 5 mins
18%, time left: 5 mins
25%, time left: 292 sec
31%, time left: 267 sec
37%, time left: 243 sec
43%, time left: 220 sec
50%, time left: 192 sec
56%, time left: 168 sec
62%, time left: 145 sec
68%, time left: 121 sec
75%, time left: 94 sec
81%, time left: 70 sec
87%, time left: 47 sec
93%, time left: 23 sec
